<?xml version="1.0" encoding="UTF-8"?>
<!-- Generated by org.testng.reporters.JUnitXMLReporter -->
<testsuite hostname="sphkrd05" ignored="6" name="Test" tests="27" failures="2" timestamp="2020-08-17T17:38:52 CST" time="948.111" errors="0">
  <testcase name="TestCase_001_Click_Shop_Group_Management" time="22.379" classname="TestScript.RegressionTest"/>
  <testcase name="TestCase_002_Shop_Group_Management_DownloadPDF" time="9.743" classname="TestScript.RegressionTest"/>
  <testcase name="TestCase_003_Shop_Group_Management_DownloadExcel" time="9.554" classname="TestScript.RegressionTest"/>
  <testcase name="TestCase_004_Shop_List_Verify_TradingName01" time="19.959" classname="TestScript.RegressionTest"/>
  <testcase name="TestCase_005_Shop_List_Verify_TradingName02" time="81.835" classname="TestScript.RegressionTest"/>
  <testcase name="TestCase_006_Create_Shop_list" time="100.09" classname="TestScript.RegressionTest"/>
  <testcase name="TestCase_006_Create_Shop_list" time="99.977" classname="TestScript.RegressionTest"/>
  <testcase name="TestCase_007_PointSchemeShopList" time="68.103" classname="TestScript.RegressionTest"/>
  <testcase name="TestCase_009_shopListAdvSearch" time="45.563" classname="TestScript.RegressionTest"/>
  <testcase name="TestCase_010_shop_List_DownloadPDF" time="18.703" classname="TestScript.RegressionTest"/>
  <testcase name="TestCase_011_shop_List_DownloadExcel" time="18.635" classname="TestScript.RegressionTest"/>
  <testcase name="TestCase_012_CreateTerminal" time="26.268" classname="TestScript.RegressionTest"/>
  <testcase name="TestCase_013_TerminalSearch" time="25.36" classname="TestScript.RegressionTest"/>
  <testcase name="TestCase_014_TerminalDownloadPDF" time="7.953" classname="TestScript.RegressionTest"/>
  <testcase name="TestCase_015_TerminalDownloadExcel" time="7.304" classname="TestScript.RegressionTest"/>
  <testcase name="TestCase_016_UserGroupPermission_Internal" time="41.84" classname="TestScript.RegressionTestThree"/>
  <testcase name="TestCase_017_UserGroupPermission_Merchant" time="24.97" classname="TestScript.RegressionTestThree"/>
  <testcase name="TestCase_018_UserListForSetting_CreateMerchant" time="37.657" classname="TestScript.RegressionTestThree"/>
  <testcase name="TestCase_019_UserListForSetting_CreateInternal" time="26.354" classname="TestScript.RegressionTestThree"/>
  <testcase name="TestCase_020_Transactions" time="41.341" classname="TestScript.RegressionTestThree"/>
  <testcase name="TestCase_021_TransactionsDownloadPDF" time="3.577" classname="TestScript.RegressionTestThree"/>
  <testcase name="TestCase_022_TransactionsDownloadExcel" time="3.123" classname="TestScript.RegressionTestThree"/>
  <testcase name="TestCase_023_MonthlyReport" time="27.439" classname="TestScript.RegressionTestThree"/>
  <testcase name="TestCase_030_ShopGroupDelete" time="22.361" classname="TestScript.RegressionTestThree"/>
  <testcase name="TestCase_032_DeleteOthers" time="19.507" classname="TestScript.RegressionTestThree"/>
  <testcase name="TestCase_033_DeleteSetting" time="66.91" classname="TestScript.RegressionTestThree">
    <failure type="org.openqa.selenium.NoSuchElementException" message="no such element: Unable to locate element: {&amp;quot;method&amp;quot;:&amp;quot;xpath&amp;quot;,&amp;quot;selector&amp;quot;:&amp;quot;//*[@id=&amp;quot;table_internal&amp;quot;]/tbody/tr/td[1]/input&amp;quot;}
  (Session info: chrome=84.0.4147.125)
For documentation on this error, please visit: https://www.seleniumhq.org/exceptions/no_such_element.html
Build info: version: &amp;apos;3.141.59&amp;apos;, revision: &amp;apos;e82be7d358&amp;apos;, time: &amp;apos;2018-11-14T08:17:03&amp;apos;
System info: host: &amp;apos;SPHKRD05&amp;apos;, ip: &amp;apos;10.1.1.166&amp;apos;, os.name: &amp;apos;Windows 10&amp;apos;, os.arch: &amp;apos;amd64&amp;apos;, os.version: &amp;apos;10.0&amp;apos;, java.version: &amp;apos;1.8.0_251&amp;apos;
Driver info: org.openqa.selenium.chrome.ChromeDriver
Capabilities {acceptInsecureCerts: false, browserName: chrome, browserVersion: 84.0.4147.125, chrome: {chromedriverVersion: 83.0.4103.39 (ccbf011cb2d2b..., userDataDir: C:\Users\abhishek.g\AppData...}, goog:chromeOptions: {debuggerAddress: localhost:57336}, javascriptEnabled: true, networkConnectionEnabled: false, pageLoadStrategy: normal, platform: WINDOWS, platformName: WINDOWS, proxy: Proxy(), setWindowRect: true, strictFileInteractability: false, timeouts: {implicit: 0, pageLoad: 300000, script: 30000}, unhandledPromptBehavior: dismiss and notify, webauthn:virtualAuthenticators: true}
Session ID: b7b485f07d04fdb13378c82992bf2222
*** Element info: {Using=xpath, value=//*[@id=&amp;quot;table_internal&amp;quot;]/tbody/tr/td[1]/input}">
      <![CDATA[org.openqa.selenium.NoSuchElementException: no such element: Unable to locate element: {"method":"xpath","selector":"//*[@id="table_internal"]/tbody/tr/td[1]/input"}
  (Session info: chrome=84.0.4147.125)
For documentation on this error, please visit: https://www.seleniumhq.org/exceptions/no_such_element.html
Build info: version: '3.141.59', revision: 'e82be7d358', time: '2018-11-14T08:17:03'
System info: host: 'SPHKRD05', ip: '10.1.1.166', os.name: 'Windows 10', os.arch: 'amd64', os.version: '10.0', java.version: '1.8.0_251'
Driver info: org.openqa.selenium.chrome.ChromeDriver
Capabilities {acceptInsecureCerts: false, browserName: chrome, browserVersion: 84.0.4147.125, chrome: {chromedriverVersion: 83.0.4103.39 (ccbf011cb2d2b..., userDataDir: C:\Users\abhishek.g\AppData...}, goog:chromeOptions: {debuggerAddress: localhost:57336}, javascriptEnabled: true, networkConnectionEnabled: false, pageLoadStrategy: normal, platform: WINDOWS, platformName: WINDOWS, proxy: Proxy(), setWindowRect: true, strictFileInteractability: false, timeouts: {implicit: 0, pageLoad: 300000, script: 30000}, unhandledPromptBehavior: dismiss and notify, webauthn:virtualAuthenticators: true}
Session ID: b7b485f07d04fdb13378c82992bf2222
*** Element info: {Using=xpath, value=//*[@id="table_internal"]/tbody/tr/td[1]/input}
at org.openqa.selenium.remote.http.W3CHttpResponseCodec.createException(W3CHttpResponseCodec.java:187)
at org.openqa.selenium.remote.http.W3CHttpResponseCodec.decode(W3CHttpResponseCodec.java:122)
at org.openqa.selenium.remote.http.W3CHttpResponseCodec.decode(W3CHttpResponseCodec.java:49)
at org.openqa.selenium.remote.HttpCommandExecutor.execute(HttpCommandExecutor.java:158)
at org.openqa.selenium.remote.service.DriverCommandExecutor.execute(DriverCommandExecutor.java:83)
at org.openqa.selenium.remote.RemoteWebDriver.execute(RemoteWebDriver.java:552)
at org.openqa.selenium.remote.RemoteWebDriver.findElement(RemoteWebDriver.java:323)
at org.openqa.selenium.remote.RemoteWebDriver.findElementByXPath(RemoteWebDriver.java:428)
at org.openqa.selenium.By$ByXPath.findElement(By.java:353)
at org.openqa.selenium.remote.RemoteWebDriver.findElement(RemoteWebDriver.java:315)
at DashBoard.UserGroupPermission.DeleteusergrouppermissionInternal(UserGroupPermission.java:94)
at TestScript.RegressionTestThree.TestCase_033_DeleteSetting(RegressionTestThree.java:176)
at java.util.ArrayList.forEach(ArrayList.java:1257)
... Removed 31 stack frames]]>
    </failure>
  </testcase> <!-- TestCase_033_DeleteSetting -->
  <testcase name="TestCase_031_ShopListDelete" time="53.939" classname="TestScript.RegressionTestThree">
    <failure type="org.openqa.selenium.ElementClickInterceptedException" message="element click intercepted: Element &amp;lt;a class=&amp;quot;mm-btn mm-btn_next mm-listitem__btn mm-listitem__text&amp;quot; href=&amp;quot;#mm-1&amp;quot; aria-owns=&amp;quot;mm-1&amp;quot; aria-haspopup=&amp;quot;true&amp;quot;&amp;gt;...&amp;lt;/a&amp;gt; is not clickable at point (171, 110). Other element would receive the click: &amp;lt;div id=&amp;quot;jBox1-overlay&amp;quot; class=&amp;quot;jBox-overlay jBox-overlay-Modal&amp;quot; style=&amp;quot;display: block; opacity: 0.742405; z-index: 9999;&amp;quot;&amp;gt;&amp;lt;/div&amp;gt;
  (Session info: chrome=84.0.4147.125)
Build info: version: &amp;apos;3.141.59&amp;apos;, revision: &amp;apos;e82be7d358&amp;apos;, time: &amp;apos;2018-11-14T08:17:03&amp;apos;
System info: host: &amp;apos;SPHKRD05&amp;apos;, ip: &amp;apos;10.1.1.166&amp;apos;, os.name: &amp;apos;Windows 10&amp;apos;, os.arch: &amp;apos;amd64&amp;apos;, os.version: &amp;apos;10.0&amp;apos;, java.version: &amp;apos;1.8.0_251&amp;apos;
Driver info: org.openqa.selenium.chrome.ChromeDriver
Capabilities {acceptInsecureCerts: false, browserName: chrome, browserVersion: 84.0.4147.125, chrome: {chromedriverVersion: 83.0.4103.39 (ccbf011cb2d2b..., userDataDir: C:\Users\abhishek.g\AppData...}, goog:chromeOptions: {debuggerAddress: localhost:57336}, javascriptEnabled: true, networkConnectionEnabled: false, pageLoadStrategy: normal, platform: WINDOWS, platformName: WINDOWS, proxy: Proxy(), setWindowRect: true, strictFileInteractability: false, timeouts: {implicit: 0, pageLoad: 300000, script: 30000}, unhandledPromptBehavior: dismiss and notify, webauthn:virtualAuthenticators: true}
Session ID: b7b485f07d04fdb13378c82992bf2222">
      <![CDATA[org.openqa.selenium.ElementClickInterceptedException: element click intercepted: Element <a class="mm-btn mm-btn_next mm-listitem__btn mm-listitem__text" href="#mm-1" aria-owns="mm-1" aria-haspopup="true">...</a> is not clickable at point (171, 110). Other element would receive the click: <div id="jBox1-overlay" class="jBox-overlay jBox-overlay-Modal" style="display: block; opacity: 0.742405; z-index: 9999;"></div>
  (Session info: chrome=84.0.4147.125)
Build info: version: '3.141.59', revision: 'e82be7d358', time: '2018-11-14T08:17:03'
System info: host: 'SPHKRD05', ip: '10.1.1.166', os.name: 'Windows 10', os.arch: 'amd64', os.version: '10.0', java.version: '1.8.0_251'
Driver info: org.openqa.selenium.chrome.ChromeDriver
Capabilities {acceptInsecureCerts: false, browserName: chrome, browserVersion: 84.0.4147.125, chrome: {chromedriverVersion: 83.0.4103.39 (ccbf011cb2d2b..., userDataDir: C:\Users\abhishek.g\AppData...}, goog:chromeOptions: {debuggerAddress: localhost:57336}, javascriptEnabled: true, networkConnectionEnabled: false, pageLoadStrategy: normal, platform: WINDOWS, platformName: WINDOWS, proxy: Proxy(), setWindowRect: true, strictFileInteractability: false, timeouts: {implicit: 0, pageLoad: 300000, script: 30000}, unhandledPromptBehavior: dismiss and notify, webauthn:virtualAuthenticators: true}
Session ID: b7b485f07d04fdb13378c82992bf2222
at org.openqa.selenium.remote.http.W3CHttpResponseCodec.createException(W3CHttpResponseCodec.java:187)
at org.openqa.selenium.remote.http.W3CHttpResponseCodec.decode(W3CHttpResponseCodec.java:122)
at org.openqa.selenium.remote.http.W3CHttpResponseCodec.decode(W3CHttpResponseCodec.java:49)
at org.openqa.selenium.remote.HttpCommandExecutor.execute(HttpCommandExecutor.java:158)
at org.openqa.selenium.remote.service.DriverCommandExecutor.execute(DriverCommandExecutor.java:83)
at org.openqa.selenium.remote.RemoteWebDriver.execute(RemoteWebDriver.java:552)
at org.openqa.selenium.remote.RemoteWebElement.execute(RemoteWebElement.java:285)
at org.openqa.selenium.remote.RemoteWebElement.click(RemoteWebElement.java:84)
at DashBoard.MerchanList.DeleteGroupnameforshoplistSeven(MerchanList.java:503)
at TestScript.RegressionTestThree.TestCase_031_ShopListDelete(RegressionTestThree.java:158)
at java.util.ArrayList.forEach(ArrayList.java:1257)
... Removed 31 stack frames]]>
    </failure>
  </testcase> <!-- TestCase_031_ShopListDelete -->
  <testcase name="TestCase_008_PointSchemeUpdateShopList" time="0.0" classname="TestScript.RegressionTest">
    <ignored/>
  </testcase> <!-- TestCase_008_PointSchemeUpdateShopList -->
  <testcase name="TestCase_027_DailyReportPDF" time="0.0" classname="TestScript.RegressionTestThree">
    <ignored/>
  </testcase> <!-- TestCase_027_DailyReportPDF -->
  <testcase name="TestCase_028_DailyReportExcel" time="0.0" classname="TestScript.RegressionTestThree">
    <ignored/>
  </testcase> <!-- TestCase_028_DailyReportExcel -->
  <testcase name="TestCase_026_DailyReport" time="0.0" classname="TestScript.RegressionTestThree">
    <ignored/>
  </testcase> <!-- TestCase_026_DailyReport -->
  <testcase name="TestCase_024_MonthlyReportPDF" time="0.0" classname="TestScript.RegressionTestThree">
    <ignored/>
  </testcase> <!-- TestCase_024_MonthlyReportPDF -->
  <testcase name="TestCase_025_MonthlyReportExcel" time="0.0" classname="TestScript.RegressionTestThree">
    <ignored/>
  </testcase> <!-- TestCase_025_MonthlyReportExcel -->
</testsuite> <!-- Test -->
