<?xml version="1.0" encoding="UTF-8"?>
<!-- Generated by org.testng.reporters.JUnitXMLReporter -->
<testsuite hostname="sphkrd05" ignored="2" name="Test" tests="31" failures="2" timestamp="2020-07-27T16:14:31 CST" time="790.569" errors="0">
  <testcase name="TestCase_001_Click_Shop_menu" time="40.135" classname="TestScript.RegressionTest"/>
  <testcase name="TestCase_002_Shop_menu_DownloadPDF" time="9.66" classname="TestScript.RegressionTest"/>
  <testcase name="TestCase_003_Shop_menu_DownloadExcel" time="9.477" classname="TestScript.RegressionTest"/>
  <testcase name="TestCase_004_Shop_menu_Verifym" time="43.465" classname="TestScript.RegressionTest"/>
  <testcase name="TestCase_005_Shop_menu_Verifys" time="9.666" classname="TestScript.RegressionTest"/>
  <testcase name="TestCase_006_Create_Shop_list" time="91.853" classname="TestScript.RegressionTest"/>
  <testcase name="TestCase_006_Create_Shop_list" time="91.855" classname="TestScript.RegressionTest"/>
  <testcase name="TestCase_006_PointSchemeShopList" time="41.402" classname="TestScript.RegressionTest"/>
  <testcase name="TestCase_009_shopAdvSearch" time="30.305" classname="TestScript.RegressionTest"/>
  <testcase name="TestCase_010_shop_DownloadPDF" time="7.012" classname="TestScript.RegressionTest"/>
  <testcase name="TestCase_011_shop_DownloadExcel" time="6.521" classname="TestScript.RegressionTest"/>
  <testcase name="TestCase_012_Terminal" time="22.439" classname="TestScript.RegressionTestTwo"/>
  <testcase name="TestCase_013_TerminalSearch" time="24.333" classname="TestScript.RegressionTestTwo"/>
  <testcase name="TestCase_014_TerminalDownloadPDF" time="7.152" classname="TestScript.RegressionTestTwo"/>
  <testcase name="TestCase_015_TerminalDownloadExcel" time="6.442" classname="TestScript.RegressionTestTwo"/>
  <testcase name="TestCase_016_UserGroupPermission_Internal" time="21.885" classname="TestScript.RegressionTestThree"/>
  <testcase name="TestCase_017_UserGroupPermission_Merchant" time="21.894" classname="TestScript.RegressionTestThree"/>
  <testcase name="TestCase_018_UserListForSetting_CreateMerchant" time="37.015" classname="TestScript.RegressionTestThree"/>
  <testcase name="TestCase_019_UserListForSetting_CreateInternal" time="24.286" classname="TestScript.RegressionTestThree"/>
  <testcase name="TestCase_020_Transactions" time="41.386" classname="TestScript.RegressionTestThree"/>
  <testcase name="TestCase_021_TransactionsDownloadPDF" time="3.682" classname="TestScript.RegressionTestThree"/>
  <testcase name="TestCase_022_TransactionsDownloadExcel" time="3.138" classname="TestScript.RegressionTestThree"/>
  <testcase name="TestCase_023_MonthlyReport" time="21.473" classname="TestScript.RegressionTestThree"/>
  <testcase name="TestCase_024_MonthlyReportPDF" time="13.208" classname="TestScript.RegressionTestThree"/>
  <testcase name="TestCase_025_MonthlyReportExcel" time="5.123" classname="TestScript.RegressionTestThree">
    <failure type="java.lang.AssertionError" message="Failed to download Expected document expected [true] but found [false]">
      <![CDATA[java.lang.AssertionError: Failed to download Expected document expected [true] but found [false]
at DashBoard.MonthlyReport.ReportDownloadExcel(MonthlyReport.java:124)
at TestScript.RegressionTestThree.TestCase_025_MonthlyReportExcel(RegressionTestThree.java:113)
at java.util.ArrayList.forEach(ArrayList.java:1257)
... Removed 34 stack frames]]>
    </failure>
  </testcase> <!-- TestCase_025_MonthlyReportExcel -->
  <testcase name="TestCase_026_DailyReport" time="26.495" classname="TestScript.RegressionTestThree"/>
  <testcase name="TestCase_027_DailyReportPDF" time="15.442" classname="TestScript.RegressionTestThree"/>
  <testcase name="TestCase_028_DailyReportExcel" time="2.175" classname="TestScript.RegressionTestThree"/>
  <testcase name="TestCase_030_ShopGroupDelete" time="21.934" classname="TestScript.RegressionTestThree"/>
  <testcase name="TestCase_031_ShopListDelete" time="67.279" classname="TestScript.RegressionTestThree"/>
  <testcase name="TestCase_032_DeleteOthers" time="1.159" classname="TestScript.RegressionTestThree">
    <failure type="org.openqa.selenium.ElementClickInterceptedException" message="element click intercepted: Element &amp;lt;a href=&amp;quot;terminalList.php&amp;quot; class=&amp;quot;mm-listitem__text&amp;quot;&amp;gt;...&amp;lt;/a&amp;gt; is not clickable at point (171, 286). Other element would receive the click: &amp;lt;div id=&amp;quot;jBox1-overlay&amp;quot; class=&amp;quot;jBox-overlay jBox-overlay-Modal&amp;quot; style=&amp;quot;display: block; opacity: 0.320816; z-index: 9999;&amp;quot;&amp;gt;&amp;lt;/div&amp;gt;
  (Session info: chrome=84.0.4147.89)
Build info: version: &amp;apos;3.141.59&amp;apos;, revision: &amp;apos;e82be7d358&amp;apos;, time: &amp;apos;2018-11-14T08:17:03&amp;apos;
System info: host: &amp;apos;SPHKRD05&amp;apos;, ip: &amp;apos;10.1.6.189&amp;apos;, os.name: &amp;apos;Windows 10&amp;apos;, os.arch: &amp;apos;amd64&amp;apos;, os.version: &amp;apos;10.0&amp;apos;, java.version: &amp;apos;1.8.0_251&amp;apos;
Driver info: org.openqa.selenium.chrome.ChromeDriver
Capabilities {acceptInsecureCerts: false, browserName: chrome, browserVersion: 84.0.4147.89, chrome: {chromedriverVersion: 83.0.4103.39 (ccbf011cb2d2b..., userDataDir: C:\Users\abhishek.g\AppData...}, goog:chromeOptions: {debuggerAddress: localhost:63243}, javascriptEnabled: true, networkConnectionEnabled: false, pageLoadStrategy: normal, platform: WINDOWS, platformName: WINDOWS, proxy: Proxy(), setWindowRect: true, strictFileInteractability: false, timeouts: {implicit: 0, pageLoad: 300000, script: 30000}, unhandledPromptBehavior: dismiss and notify, webauthn:virtualAuthenticators: true}
Session ID: 299d97391825e1677103aea6626fe4a8">
      <![CDATA[org.openqa.selenium.ElementClickInterceptedException: element click intercepted: Element <a href="terminalList.php" class="mm-listitem__text">...</a> is not clickable at point (171, 286). Other element would receive the click: <div id="jBox1-overlay" class="jBox-overlay jBox-overlay-Modal" style="display: block; opacity: 0.320816; z-index: 9999;"></div>
  (Session info: chrome=84.0.4147.89)
Build info: version: '3.141.59', revision: 'e82be7d358', time: '2018-11-14T08:17:03'
System info: host: 'SPHKRD05', ip: '10.1.6.189', os.name: 'Windows 10', os.arch: 'amd64', os.version: '10.0', java.version: '1.8.0_251'
Driver info: org.openqa.selenium.chrome.ChromeDriver
Capabilities {acceptInsecureCerts: false, browserName: chrome, browserVersion: 84.0.4147.89, chrome: {chromedriverVersion: 83.0.4103.39 (ccbf011cb2d2b..., userDataDir: C:\Users\abhishek.g\AppData...}, goog:chromeOptions: {debuggerAddress: localhost:63243}, javascriptEnabled: true, networkConnectionEnabled: false, pageLoadStrategy: normal, platform: WINDOWS, platformName: WINDOWS, proxy: Proxy(), setWindowRect: true, strictFileInteractability: false, timeouts: {implicit: 0, pageLoad: 300000, script: 30000}, unhandledPromptBehavior: dismiss and notify, webauthn:virtualAuthenticators: true}
Session ID: 299d97391825e1677103aea6626fe4a8
at org.openqa.selenium.remote.http.W3CHttpResponseCodec.createException(W3CHttpResponseCodec.java:187)
at org.openqa.selenium.remote.http.W3CHttpResponseCodec.decode(W3CHttpResponseCodec.java:122)
at org.openqa.selenium.remote.http.W3CHttpResponseCodec.decode(W3CHttpResponseCodec.java:49)
at org.openqa.selenium.remote.HttpCommandExecutor.execute(HttpCommandExecutor.java:158)
at org.openqa.selenium.remote.service.DriverCommandExecutor.execute(DriverCommandExecutor.java:83)
at org.openqa.selenium.remote.RemoteWebDriver.execute(RemoteWebDriver.java:552)
at org.openqa.selenium.remote.RemoteWebElement.execute(RemoteWebElement.java:285)
at org.openqa.selenium.remote.RemoteWebElement.click(RemoteWebElement.java:84)
at DashBoard.Terminal.deleteall(Terminal.java:172)
at TestScript.RegressionTestThree.TestCase_032_DeleteOthers(RegressionTestThree.java:173)
at java.util.ArrayList.forEach(ArrayList.java:1257)
... Removed 35 stack frames]]>
    </failure>
  </testcase> <!-- TestCase_032_DeleteOthers -->
  <testcase name="TestCase_008_PointSchemeUpdateShopList" time="0.0" classname="TestScript.RegressionTest">
    <ignored/>
  </testcase> <!-- TestCase_008_PointSchemeUpdateShopList -->
  <testcase name="TestCase_029_TerminalnotApollo" time="0.0" classname="TestScript.RegressionTestTwo">
    <ignored/>
  </testcase> <!-- TestCase_029_TerminalnotApollo -->
</testsuite> <!-- Test -->
