<html>
<head>
<title>TestNG:  Test</title>
<link href="../testng.css" rel="stylesheet" type="text/css" />
<link href="../my-testng.css" rel="stylesheet" type="text/css" />

<style type="text/css">
.log { display: none;} 
.stack-trace { display: none;} 
</style>
<script type="text/javascript">
<!--
function flip(e) {
  current = e.style.display;
  if (current == 'block') {
    e.style.display = 'none';
    return 0;
  }
  else {
    e.style.display = 'block';
    return 1;
  }
}

function toggleBox(szDivId, elem, msg1, msg2)
{
  var res = -1;  if (document.getElementById) {
    res = flip(document.getElementById(szDivId));
  }
  else if (document.all) {
    // this is the way old msie versions work
    res = flip(document.all[szDivId]);
  }
  if(elem) {
    if(res == 0) elem.innerHTML = msg1; else elem.innerHTML = msg2;
  }

}

function toggleAllBoxes() {
  if (document.getElementsByTagName) {
    d = document.getElementsByTagName('div');
    for (i = 0; i < d.length; i++) {
      if (d[i].className == 'log') {
        flip(d[i]);
      }
    }
  }
}

// -->
</script>

</head>
<body>
<h2 align='center'>Test</h2><table border='1' align="center">
<tr>
<td>Tests passed/Failed/Skipped:</td><td>29/2/0</td>
</tr><tr>
<td>Started on:</td><td>Mon Jul 27 16:01:20 CST 2020</td>
</tr>
<tr><td>Total time:</td><td>790 seconds (790569 ms)</td>
</tr><tr>
<td>Included groups:</td><td></td>
</tr><tr>
<td>Excluded groups:</td><td></td>
</tr>
</table><p/>
<small><i>(Hover the method name to see the test class name)</i></small><p/>
<table width='100%' border='1' class='invocation-failed'>
<tr><td colspan='4' align='center'><b>FAILED TESTS</b></td></tr>
<tr><td><b>Test method</b></td>
<td width="30%"><b>Exception</b></td>
<td width="10%"><b>Time (seconds)</b></td>
<td><b>Instance</b></td>
</tr>
<tr>
<td title='TestScript.RegressionTestThree.TestCase_025_MonthlyReportExcel()'><b>TestCase_025_MonthlyReportExcel</b><br>Test class: TestScript.RegressionTestThree</td>
<td><div><pre>java.lang.AssertionError: Failed to download Expected document expected [true] but found [false]
	at DashBoard.MonthlyReport.ReportDownloadExcel(MonthlyReport.java:124)
	at TestScript.RegressionTestThree.TestCase_025_MonthlyReportExcel(RegressionTestThree.java:113)
	at java.util.ArrayList.forEach(ArrayList.java:1257)
... Removed 34 stack frames</pre></div><a href='#' onClick='toggleBox("stack-trace362463583", this, "Click to show all stack frames", "Click to hide stack frames")'>Click to show all stack frames</a>
<div class='stack-trace' id='stack-trace362463583'><pre>java.lang.AssertionError: Failed to download Expected document expected [true] but found [false]
	at org.testng.Assert.fail(Assert.java:97)
	at org.testng.Assert.failNotEquals(Assert.java:969)
	at org.testng.Assert.assertTrue(Assert.java:43)
	at DashBoard.MonthlyReport.ReportDownloadExcel(MonthlyReport.java:124)
	at TestScript.RegressionTestThree.TestCase_025_MonthlyReportExcel(RegressionTestThree.java:113)
	at sun.reflect.NativeMethodAccessorImpl.invoke0(Native Method)
	at sun.reflect.NativeMethodAccessorImpl.invoke(NativeMethodAccessorImpl.java:62)
	at sun.reflect.DelegatingMethodAccessorImpl.invoke(DelegatingMethodAccessorImpl.java:43)
	at java.lang.reflect.Method.invoke(Method.java:498)
	at org.testng.internal.MethodInvocationHelper.invokeMethod(MethodInvocationHelper.java:134)
	at org.testng.internal.TestInvoker.invokeMethod(TestInvoker.java:597)
	at org.testng.internal.TestInvoker.invokeTestMethod(TestInvoker.java:173)
	at org.testng.internal.MethodRunner.runInSequence(MethodRunner.java:46)
	at org.testng.internal.TestInvoker$MethodInvocationAgent.invoke(TestInvoker.java:816)
	at org.testng.internal.TestInvoker.invokeTestMethods(TestInvoker.java:146)
	at org.testng.internal.TestMethodWorker.invokeTestMethods(TestMethodWorker.java:146)
	at org.testng.internal.TestMethodWorker.run(TestMethodWorker.java:128)
	at java.util.ArrayList.forEach(ArrayList.java:1257)
	at org.testng.TestRunner.privateRun(TestRunner.java:766)
	at org.testng.TestRunner.run(TestRunner.java:587)
	at org.testng.SuiteRunner.runTest(SuiteRunner.java:384)
	at org.testng.SuiteRunner.runSequentially(SuiteRunner.java:378)
	at org.testng.SuiteRunner.privateRun(SuiteRunner.java:337)
	at org.testng.SuiteRunner.run(SuiteRunner.java:286)
	at org.testng.SuiteRunnerWorker.runSuite(SuiteRunnerWorker.java:53)
	at org.testng.SuiteRunnerWorker.run(SuiteRunnerWorker.java:96)
	at org.testng.TestNG.runSuitesSequentially(TestNG.java:1187)
	at org.testng.TestNG.runSuitesLocally(TestNG.java:1109)
	at org.testng.TestNG.runSuites(TestNG.java:1039)
	at org.testng.TestNG.run(TestNG.java:1007)
	at org.apache.maven.surefire.testng.TestNGExecutor.run(TestNGExecutor.java:284)
	at org.apache.maven.surefire.testng.TestNGXmlTestSuite.execute(TestNGXmlTestSuite.java:75)
	at org.apache.maven.surefire.testng.TestNGProvider.invoke(TestNGProvider.java:119)
	at org.apache.maven.surefire.booter.ForkedBooter.runSuitesInProcess(ForkedBooter.java:428)
	at org.apache.maven.surefire.booter.ForkedBooter.execute(ForkedBooter.java:162)
	at org.apache.maven.surefire.booter.ForkedBooter.run(ForkedBooter.java:562)
	at org.apache.maven.surefire.booter.ForkedBooter.main(ForkedBooter.java:548)
</pre></div></td>
<td>5</td>
<td>TestScript.RegressionTestThree@7d20d0b</td></tr>
<tr>
<td title='TestScript.RegressionTestThree.TestCase_032_DeleteOthers()'><b>TestCase_032_DeleteOthers</b><br>Test class: TestScript.RegressionTestThree</td>
<td><div><pre>org.openqa.selenium.ElementClickInterceptedException: element click intercepted: Element &lt;a href=&quot;terminalList.php&quot; class=&quot;mm-listitem__text&quot;&gt;...&lt;/a&gt; is not clickable at point (171, 286). Other element would receive the click: &lt;div id=&quot;jBox1-overlay&quot; class=&quot;jBox-overlay jBox-overlay-Modal&quot; style=&quot;display: block; opacity: 0.320816; z-index: 9999;&quot;&gt;&lt;/div&gt;
  (Session info: chrome=84.0.4147.89)
Build info: version: &apos;3.141.59&apos;, revision: &apos;e82be7d358&apos;, time: &apos;2018-11-14T08:17:03&apos;
System info: host: &apos;SPHKRD05&apos;, ip: &apos;10.1.6.189&apos;, os.name: &apos;Windows 10&apos;, os.arch: &apos;amd64&apos;, os.version: &apos;10.0&apos;, java.version: &apos;1.8.0_251&apos;
Driver info: org.openqa.selenium.chrome.ChromeDriver
Capabilities {acceptInsecureCerts: false, browserName: chrome, browserVersion: 84.0.4147.89, chrome: {chromedriverVersion: 83.0.4103.39 (ccbf011cb2d2b..., userDataDir: C:\Users\abhishek.g\AppData...}, goog:chromeOptions: {debuggerAddress: localhost:63243}, javascriptEnabled: true, networkConnectionEnabled: false, pageLoadStrategy: normal, platform: WINDOWS, platformName: WINDOWS, proxy: Proxy(), setWindowRect: true, strictFileInteractability: false, timeouts: {implicit: 0, pageLoad: 300000, script: 30000}, unhandledPromptBehavior: dismiss and notify, webauthn:virtualAuthenticators: true}
Session ID: 299d97391825e1677103aea6626fe4a8
	at org.openqa.selenium.remote.http.W3CHttpResponseCodec.createException(W3CHttpResponseCodec.java:187)
	at org.openqa.selenium.remote.http.W3CHttpResponseCodec.decode(W3CHttpResponseCodec.java:122)
	at org.openqa.selenium.remote.http.W3CHttpResponseCodec.decode(W3CHttpResponseCodec.java:49)
	at org.openqa.selenium.remote.HttpCommandExecutor.execute(HttpCommandExecutor.java:158)
	at org.openqa.selenium.remote.service.DriverCommandExecutor.execute(DriverCommandExecutor.java:83)
	at org.openqa.selenium.remote.RemoteWebDriver.execute(RemoteWebDriver.java:552)
	at org.openqa.selenium.remote.RemoteWebElement.execute(RemoteWebElement.java:285)
	at org.openqa.selenium.remote.RemoteWebElement.click(RemoteWebElement.java:84)
	at DashBoard.Terminal.deleteall(Terminal.java:172)
	at TestScript.RegressionTestThree.TestCase_032_DeleteOthers(RegressionTestThree.java:173)
	at java.util.ArrayList.forEach(ArrayList.java:1257)
... Removed 35 stack frames</pre></div><a href='#' onClick='toggleBox("stack-trace1172379175", this, "Click to show all stack frames", "Click to hide stack frames")'>Click to show all stack frames</a>
<div class='stack-trace' id='stack-trace1172379175'><pre>org.openqa.selenium.ElementClickInterceptedException: element click intercepted: Element &lt;a href=&quot;terminalList.php&quot; class=&quot;mm-listitem__text&quot;&gt;...&lt;/a&gt; is not clickable at point (171, 286). Other element would receive the click: &lt;div id=&quot;jBox1-overlay&quot; class=&quot;jBox-overlay jBox-overlay-Modal&quot; style=&quot;display: block; opacity: 0.320816; z-index: 9999;&quot;&gt;&lt;/div&gt;
  (Session info: chrome=84.0.4147.89)
Build info: version: &apos;3.141.59&apos;, revision: &apos;e82be7d358&apos;, time: &apos;2018-11-14T08:17:03&apos;
System info: host: &apos;SPHKRD05&apos;, ip: &apos;10.1.6.189&apos;, os.name: &apos;Windows 10&apos;, os.arch: &apos;amd64&apos;, os.version: &apos;10.0&apos;, java.version: &apos;1.8.0_251&apos;
Driver info: org.openqa.selenium.chrome.ChromeDriver
Capabilities {acceptInsecureCerts: false, browserName: chrome, browserVersion: 84.0.4147.89, chrome: {chromedriverVersion: 83.0.4103.39 (ccbf011cb2d2b..., userDataDir: C:\Users\abhishek.g\AppData...}, goog:chromeOptions: {debuggerAddress: localhost:63243}, javascriptEnabled: true, networkConnectionEnabled: false, pageLoadStrategy: normal, platform: WINDOWS, platformName: WINDOWS, proxy: Proxy(), setWindowRect: true, strictFileInteractability: false, timeouts: {implicit: 0, pageLoad: 300000, script: 30000}, unhandledPromptBehavior: dismiss and notify, webauthn:virtualAuthenticators: true}
Session ID: 299d97391825e1677103aea6626fe4a8
	at sun.reflect.NativeConstructorAccessorImpl.newInstance0(Native Method)
	at sun.reflect.NativeConstructorAccessorImpl.newInstance(NativeConstructorAccessorImpl.java:62)
	at sun.reflect.DelegatingConstructorAccessorImpl.newInstance(DelegatingConstructorAccessorImpl.java:45)
	at java.lang.reflect.Constructor.newInstance(Constructor.java:423)
	at org.openqa.selenium.remote.http.W3CHttpResponseCodec.createException(W3CHttpResponseCodec.java:187)
	at org.openqa.selenium.remote.http.W3CHttpResponseCodec.decode(W3CHttpResponseCodec.java:122)
	at org.openqa.selenium.remote.http.W3CHttpResponseCodec.decode(W3CHttpResponseCodec.java:49)
	at org.openqa.selenium.remote.HttpCommandExecutor.execute(HttpCommandExecutor.java:158)
	at org.openqa.selenium.remote.service.DriverCommandExecutor.execute(DriverCommandExecutor.java:83)
	at org.openqa.selenium.remote.RemoteWebDriver.execute(RemoteWebDriver.java:552)
	at org.openqa.selenium.remote.RemoteWebElement.execute(RemoteWebElement.java:285)
	at org.openqa.selenium.remote.RemoteWebElement.click(RemoteWebElement.java:84)
	at DashBoard.Terminal.deleteall(Terminal.java:172)
	at TestScript.RegressionTestThree.TestCase_032_DeleteOthers(RegressionTestThree.java:173)
	at sun.reflect.NativeMethodAccessorImpl.invoke0(Native Method)
	at sun.reflect.NativeMethodAccessorImpl.invoke(NativeMethodAccessorImpl.java:62)
	at sun.reflect.DelegatingMethodAccessorImpl.invoke(DelegatingMethodAccessorImpl.java:43)
	at java.lang.reflect.Method.invoke(Method.java:498)
	at org.testng.internal.MethodInvocationHelper.invokeMethod(MethodInvocationHelper.java:134)
	at org.testng.internal.TestInvoker.invokeMethod(TestInvoker.java:597)
	at org.testng.internal.TestInvoker.invokeTestMethod(TestInvoker.java:173)
	at org.testng.internal.MethodRunner.runInSequence(MethodRunner.java:46)
	at org.testng.internal.TestInvoker$MethodInvocationAgent.invoke(TestInvoker.java:816)
	at org.testng.internal.TestInvoker.invokeTestMethods(TestInvoker.java:146)
	at org.testng.internal.TestMethodWorker.invokeTestMethods(TestMethodWorker.java:146)
	at org.testng.internal.TestMethodWorker.run(TestMethodWorker.java:128)
	at java.util.ArrayList.forEach(ArrayList.java:1257)
	at org.testng.TestRunner.privateRun(TestRunner.java:766)
	at org.testng.TestRunner.run(TestRunner.java:587)
	at org.testng.SuiteRunner.runTest(SuiteRunner.java:384)
	at org.testng.SuiteRunner.runSequentially(SuiteRunner.java:378)
	at org.testng.SuiteRunner.privateRun(SuiteRunner.java:337)
	at org.testng.SuiteRunner.run(SuiteRunner.java:286)
	at org.testng.SuiteRunnerWorker.runSuite(SuiteRunnerWorker.java:53)
	at org.testng.SuiteRunnerWorker.run(SuiteRunnerWorker.java:96)
	at org.testng.TestNG.runSuitesSequentially(TestNG.java:1187)
	at org.testng.TestNG.runSuitesLocally(TestNG.java:1109)
	at org.testng.TestNG.runSuites(TestNG.java:1039)
	at org.testng.TestNG.run(TestNG.java:1007)
	at org.apache.maven.surefire.testng.TestNGExecutor.run(TestNGExecutor.java:284)
	at org.apache.maven.surefire.testng.TestNGXmlTestSuite.execute(TestNGXmlTestSuite.java:75)
	at org.apache.maven.surefire.testng.TestNGProvider.invoke(TestNGProvider.java:119)
	at org.apache.maven.surefire.booter.ForkedBooter.runSuitesInProcess(ForkedBooter.java:428)
	at org.apache.maven.surefire.booter.ForkedBooter.execute(ForkedBooter.java:162)
	at org.apache.maven.surefire.booter.ForkedBooter.run(ForkedBooter.java:562)
	at org.apache.maven.surefire.booter.ForkedBooter.main(ForkedBooter.java:548)
</pre></div></td>
<td>1</td>
<td>TestScript.RegressionTestThree@7d20d0b</td></tr>
</table><p>
<table width='100%' border='1' class='invocation-passed'>
<tr><td colspan='4' align='center'><b>PASSED TESTS</b></td></tr>
<tr><td><b>Test method</b></td>
<td width="30%"><b>Exception</b></td>
<td width="10%"><b>Time (seconds)</b></td>
<td><b>Instance</b></td>
</tr>
<tr>
<td title='TestScript.RegressionTest.TestCase_001_Click_Shop_menu()'><b>TestCase_001_Click_Shop_menu</b><br>Test class: TestScript.RegressionTest</td>
<td></td>
<td>40</td>
<td>TestScript.RegressionTest@5e5d171f</td></tr>
<tr>
<td title='TestScript.RegressionTest.TestCase_002_Shop_menu_DownloadPDF()'><b>TestCase_002_Shop_menu_DownloadPDF</b><br>Test class: TestScript.RegressionTest</td>
<td></td>
<td>9</td>
<td>TestScript.RegressionTest@5e5d171f</td></tr>
<tr>
<td title='TestScript.RegressionTest.TestCase_003_Shop_menu_DownloadExcel()'><b>TestCase_003_Shop_menu_DownloadExcel</b><br>Test class: TestScript.RegressionTest</td>
<td></td>
<td>9</td>
<td>TestScript.RegressionTest@5e5d171f</td></tr>
<tr>
<td title='TestScript.RegressionTest.TestCase_004_Shop_menu_Verifym()'><b>TestCase_004_Shop_menu_Verifym</b><br>Test class: TestScript.RegressionTest</td>
<td></td>
<td>43</td>
<td>TestScript.RegressionTest@5e5d171f</td></tr>
<tr>
<td title='TestScript.RegressionTest.TestCase_005_Shop_menu_Verifys()'><b>TestCase_005_Shop_menu_Verifys</b><br>Test class: TestScript.RegressionTest</td>
<td></td>
<td>9</td>
<td>TestScript.RegressionTest@5e5d171f</td></tr>
<tr>
<td title='TestScript.RegressionTest.TestCase_006_Create_Shop_list()'><b>TestCase_006_Create_Shop_list</b><br>Test class: TestScript.RegressionTest<br>Parameters: 0101222222, Mannings, Mong, A111, GHD222, ANM1, Thanks, HK, F-23, Wan Chi, Wai, Account, 547754747, a@gmail.com, G1, 3, 2, 2, ABC, 1, 1, thanks for Shopping, Thanks, Sale, Good Day, One, No</td>
<td></td>
<td>91</td>
<td>TestScript.RegressionTest@5e5d171f</td></tr>
<tr>
<td title='TestScript.RegressionTest.TestCase_006_Create_Shop_list()'><b>TestCase_006_Create_Shop_list</b><br>Test class: TestScript.RegressionTest<br>Parameters: 0202333333, Seven11, Kong, A121, GHD333, ANM2, Thanks, HK, F-21, NP, Man, IT, 34636636, a@gmail.com, G2, 4, 5, 4, DEF, 3, 3, Welcome Back, Thanks, Sale, Good Day, Two, Yes</td>
<td></td>
<td>91</td>
<td>TestScript.RegressionTest@5e5d171f</td></tr>
<tr>
<td title='TestScript.RegressionTest.TestCase_006_PointSchemeShopList()'><b>TestCase_006_PointSchemeShopList</b><br>Test class: TestScript.RegressionTest</td>
<td></td>
<td>41</td>
<td>TestScript.RegressionTest@5e5d171f</td></tr>
<tr>
<td title='TestScript.RegressionTest.TestCase_009_shopAdvSearch()'><b>TestCase_009_shopAdvSearch</b><br>Test class: TestScript.RegressionTest</td>
<td></td>
<td>30</td>
<td>TestScript.RegressionTest@5e5d171f</td></tr>
<tr>
<td title='TestScript.RegressionTest.TestCase_010_shop_DownloadPDF()'><b>TestCase_010_shop_DownloadPDF</b><br>Test class: TestScript.RegressionTest</td>
<td></td>
<td>7</td>
<td>TestScript.RegressionTest@5e5d171f</td></tr>
<tr>
<td title='TestScript.RegressionTest.TestCase_011_shop_DownloadExcel()'><b>TestCase_011_shop_DownloadExcel</b><br>Test class: TestScript.RegressionTest</td>
<td></td>
<td>6</td>
<td>TestScript.RegressionTest@5e5d171f</td></tr>
<tr>
<td title='TestScript.RegressionTestTwo.TestCase_012_Terminal()'><b>TestCase_012_Terminal</b><br>Test class: TestScript.RegressionTestTwo</td>
<td></td>
<td>22</td>
<td>TestScript.RegressionTestTwo@24313fcc</td></tr>
<tr>
<td title='TestScript.RegressionTestTwo.TestCase_013_TerminalSearch()'><b>TestCase_013_TerminalSearch</b><br>Test class: TestScript.RegressionTestTwo</td>
<td></td>
<td>24</td>
<td>TestScript.RegressionTestTwo@24313fcc</td></tr>
<tr>
<td title='TestScript.RegressionTestTwo.TestCase_014_TerminalDownloadPDF()'><b>TestCase_014_TerminalDownloadPDF</b><br>Test class: TestScript.RegressionTestTwo</td>
<td></td>
<td>7</td>
<td>TestScript.RegressionTestTwo@24313fcc</td></tr>
<tr>
<td title='TestScript.RegressionTestTwo.TestCase_015_TerminalDownloadExcel()'><b>TestCase_015_TerminalDownloadExcel</b><br>Test class: TestScript.RegressionTestTwo</td>
<td></td>
<td>6</td>
<td>TestScript.RegressionTestTwo@24313fcc</td></tr>
<tr>
<td title='TestScript.RegressionTestThree.TestCase_016_UserGroupPermission_Internal()'><b>TestCase_016_UserGroupPermission_Internal</b><br>Test class: TestScript.RegressionTestThree</td>
<td></td>
<td>21</td>
<td>TestScript.RegressionTestThree@7d20d0b</td></tr>
<tr>
<td title='TestScript.RegressionTestThree.TestCase_017_UserGroupPermission_Merchant()'><b>TestCase_017_UserGroupPermission_Merchant</b><br>Test class: TestScript.RegressionTestThree</td>
<td></td>
<td>21</td>
<td>TestScript.RegressionTestThree@7d20d0b</td></tr>
<tr>
<td title='TestScript.RegressionTestThree.TestCase_018_UserListForSetting_CreateMerchant()'><b>TestCase_018_UserListForSetting_CreateMerchant</b><br>Test class: TestScript.RegressionTestThree</td>
<td></td>
<td>37</td>
<td>TestScript.RegressionTestThree@7d20d0b</td></tr>
<tr>
<td title='TestScript.RegressionTestThree.TestCase_019_UserListForSetting_CreateInternal()'><b>TestCase_019_UserListForSetting_CreateInternal</b><br>Test class: TestScript.RegressionTestThree</td>
<td></td>
<td>24</td>
<td>TestScript.RegressionTestThree@7d20d0b</td></tr>
<tr>
<td title='TestScript.RegressionTestThree.TestCase_020_Transactions()'><b>TestCase_020_Transactions</b><br>Test class: TestScript.RegressionTestThree</td>
<td></td>
<td>41</td>
<td>TestScript.RegressionTestThree@7d20d0b</td></tr>
<tr>
<td title='TestScript.RegressionTestThree.TestCase_021_TransactionsDownloadPDF()'><b>TestCase_021_TransactionsDownloadPDF</b><br>Test class: TestScript.RegressionTestThree</td>
<td></td>
<td>3</td>
<td>TestScript.RegressionTestThree@7d20d0b</td></tr>
<tr>
<td title='TestScript.RegressionTestThree.TestCase_022_TransactionsDownloadExcel()'><b>TestCase_022_TransactionsDownloadExcel</b><br>Test class: TestScript.RegressionTestThree</td>
<td></td>
<td>3</td>
<td>TestScript.RegressionTestThree@7d20d0b</td></tr>
<tr>
<td title='TestScript.RegressionTestThree.TestCase_023_MonthlyReport()'><b>TestCase_023_MonthlyReport</b><br>Test class: TestScript.RegressionTestThree</td>
<td></td>
<td>21</td>
<td>TestScript.RegressionTestThree@7d20d0b</td></tr>
<tr>
<td title='TestScript.RegressionTestThree.TestCase_024_MonthlyReportPDF()'><b>TestCase_024_MonthlyReportPDF</b><br>Test class: TestScript.RegressionTestThree</td>
<td></td>
<td>13</td>
<td>TestScript.RegressionTestThree@7d20d0b</td></tr>
<tr>
<td title='TestScript.RegressionTestThree.TestCase_026_DailyReport()'><b>TestCase_026_DailyReport</b><br>Test class: TestScript.RegressionTestThree</td>
<td></td>
<td>26</td>
<td>TestScript.RegressionTestThree@7d20d0b</td></tr>
<tr>
<td title='TestScript.RegressionTestThree.TestCase_027_DailyReportPDF()'><b>TestCase_027_DailyReportPDF</b><br>Test class: TestScript.RegressionTestThree</td>
<td></td>
<td>15</td>
<td>TestScript.RegressionTestThree@7d20d0b</td></tr>
<tr>
<td title='TestScript.RegressionTestThree.TestCase_028_DailyReportExcel()'><b>TestCase_028_DailyReportExcel</b><br>Test class: TestScript.RegressionTestThree</td>
<td></td>
<td>2</td>
<td>TestScript.RegressionTestThree@7d20d0b</td></tr>
<tr>
<td title='TestScript.RegressionTestThree.TestCase_030_ShopGroupDelete()'><b>TestCase_030_ShopGroupDelete</b><br>Test class: TestScript.RegressionTestThree</td>
<td></td>
<td>21</td>
<td>TestScript.RegressionTestThree@7d20d0b</td></tr>
<tr>
<td title='TestScript.RegressionTestThree.TestCase_031_ShopListDelete()'><b>TestCase_031_ShopListDelete</b><br>Test class: TestScript.RegressionTestThree</td>
<td></td>
<td>67</td>
<td>TestScript.RegressionTestThree@7d20d0b</td></tr>
</table><p>
</body>
</html>