<?xml version="1.0" encoding="UTF-8"?>
<testng-results skipped="0" failed="2" ignored="2" total="33" passed="29">
  <reporter-output>
  </reporter-output>
  <suite name="Suite" duration-ms="790569" started-at="2020-07-27T16:01:20 CST" finished-at="2020-07-27T16:14:30 CST">
    <groups>
    </groups>
    <test name="Test" duration-ms="790569" started-at="2020-07-27T16:01:20 CST" finished-at="2020-07-27T16:14:30 CST">
      <class name="TestScript.RegressionTestThree">
        <test-method status="PASS" signature="BaseCar(java.lang.String)[pri:0, instance:TestScript.RegressionTestThree@7d20d0b]" name="BaseCar" is-config="true" duration-ms="6368" started-at="2020-07-27T16:08:55 CST" finished-at="2020-07-27T16:09:02 CST">
          <params>
            <param index="0">
              <value>
                <![CDATA[chrome]]>
              </value>
            </param>
          </params>
          <reporter-output>
          </reporter-output>
        </test-method> <!-- BaseCar -->
        <test-method status="PASS" signature="TestCase_016_UserGroupPermission_Internal()[pri:1, instance:TestScript.RegressionTestThree@7d20d0b]" name="TestCase_016_UserGroupPermission_Internal" duration-ms="21885" started-at="2020-07-27T16:09:02 CST" finished-at="2020-07-27T16:09:24 CST">
          <reporter-output>
          </reporter-output>
        </test-method> <!-- TestCase_016_UserGroupPermission_Internal -->
        <test-method status="PASS" signature="TestCase_017_UserGroupPermission_Merchant()[pri:2, instance:TestScript.RegressionTestThree@7d20d0b]" name="TestCase_017_UserGroupPermission_Merchant" duration-ms="21894" started-at="2020-07-27T16:09:24 CST" finished-at="2020-07-27T16:09:45 CST">
          <reporter-output>
          </reporter-output>
        </test-method> <!-- TestCase_017_UserGroupPermission_Merchant -->
        <test-method status="PASS" signature="TestCase_018_UserListForSetting_CreateMerchant()[pri:3, instance:TestScript.RegressionTestThree@7d20d0b]" name="TestCase_018_UserListForSetting_CreateMerchant" duration-ms="37015" started-at="2020-07-27T16:09:45 CST" finished-at="2020-07-27T16:10:22 CST">
          <reporter-output>
          </reporter-output>
        </test-method> <!-- TestCase_018_UserListForSetting_CreateMerchant -->
        <test-method status="PASS" signature="TestCase_019_UserListForSetting_CreateInternal()[pri:4, instance:TestScript.RegressionTestThree@7d20d0b]" name="TestCase_019_UserListForSetting_CreateInternal" duration-ms="24286" started-at="2020-07-27T16:10:22 CST" finished-at="2020-07-27T16:10:47 CST">
          <reporter-output>
          </reporter-output>
        </test-method> <!-- TestCase_019_UserListForSetting_CreateInternal -->
        <test-method status="PASS" signature="TestCase_020_Transactions()[pri:5, instance:TestScript.RegressionTestThree@7d20d0b]" name="TestCase_020_Transactions" duration-ms="41386" started-at="2020-07-27T16:10:47 CST" finished-at="2020-07-27T16:11:28 CST">
          <reporter-output>
          </reporter-output>
        </test-method> <!-- TestCase_020_Transactions -->
        <test-method status="PASS" signature="TestCase_021_TransactionsDownloadPDF()[pri:6, instance:TestScript.RegressionTestThree@7d20d0b]" name="TestCase_021_TransactionsDownloadPDF" duration-ms="3682" started-at="2020-07-27T16:11:28 CST" finished-at="2020-07-27T16:11:32 CST">
          <reporter-output>
          </reporter-output>
        </test-method> <!-- TestCase_021_TransactionsDownloadPDF -->
        <test-method status="PASS" signature="TestCase_022_TransactionsDownloadExcel()[pri:7, instance:TestScript.RegressionTestThree@7d20d0b]" name="TestCase_022_TransactionsDownloadExcel" duration-ms="3138" started-at="2020-07-27T16:11:32 CST" finished-at="2020-07-27T16:11:35 CST">
          <reporter-output>
          </reporter-output>
        </test-method> <!-- TestCase_022_TransactionsDownloadExcel -->
        <test-method status="PASS" signature="TestCase_023_MonthlyReport()[pri:8, instance:TestScript.RegressionTestThree@7d20d0b]" name="TestCase_023_MonthlyReport" duration-ms="21473" started-at="2020-07-27T16:11:35 CST" finished-at="2020-07-27T16:11:56 CST">
          <reporter-output>
          </reporter-output>
        </test-method> <!-- TestCase_023_MonthlyReport -->
        <test-method status="PASS" signature="TestCase_024_MonthlyReportPDF()[pri:9, instance:TestScript.RegressionTestThree@7d20d0b]" name="TestCase_024_MonthlyReportPDF" duration-ms="13208" started-at="2020-07-27T16:11:56 CST" finished-at="2020-07-27T16:12:10 CST">
          <reporter-output>
          </reporter-output>
        </test-method> <!-- TestCase_024_MonthlyReportPDF -->
        <test-method status="FAIL" signature="TestCase_025_MonthlyReportExcel()[pri:10, instance:TestScript.RegressionTestThree@7d20d0b]" name="TestCase_025_MonthlyReportExcel" duration-ms="5123" started-at="2020-07-27T16:12:10 CST" finished-at="2020-07-27T16:12:15 CST">
          <exception class="java.lang.AssertionError">
            <message>
              <![CDATA[Failed to download Expected document expected [true] but found [false]]]>
            </message>
            <full-stacktrace>
              <![CDATA[java.lang.AssertionError: Failed to download Expected document expected [true] but found [false]
at org.testng.Assert.fail(Assert.java:97)
at org.testng.Assert.failNotEquals(Assert.java:969)
at org.testng.Assert.assertTrue(Assert.java:43)
at DashBoard.MonthlyReport.ReportDownloadExcel(MonthlyReport.java:124)
at TestScript.RegressionTestThree.TestCase_025_MonthlyReportExcel(RegressionTestThree.java:113)
at sun.reflect.NativeMethodAccessorImpl.invoke0(Native Method)
at sun.reflect.NativeMethodAccessorImpl.invoke(NativeMethodAccessorImpl.java:62)
at sun.reflect.DelegatingMethodAccessorImpl.invoke(DelegatingMethodAccessorImpl.java:43)
at java.lang.reflect.Method.invoke(Method.java:498)
at org.testng.internal.MethodInvocationHelper.invokeMethod(MethodInvocationHelper.java:134)
at org.testng.internal.TestInvoker.invokeMethod(TestInvoker.java:597)
at org.testng.internal.TestInvoker.invokeTestMethod(TestInvoker.java:173)
at org.testng.internal.MethodRunner.runInSequence(MethodRunner.java:46)
at org.testng.internal.TestInvoker$MethodInvocationAgent.invoke(TestInvoker.java:816)
at org.testng.internal.TestInvoker.invokeTestMethods(TestInvoker.java:146)
at org.testng.internal.TestMethodWorker.invokeTestMethods(TestMethodWorker.java:146)
at org.testng.internal.TestMethodWorker.run(TestMethodWorker.java:128)
at java.util.ArrayList.forEach(ArrayList.java:1257)
at org.testng.TestRunner.privateRun(TestRunner.java:766)
at org.testng.TestRunner.run(TestRunner.java:587)
at org.testng.SuiteRunner.runTest(SuiteRunner.java:384)
at org.testng.SuiteRunner.runSequentially(SuiteRunner.java:378)
at org.testng.SuiteRunner.privateRun(SuiteRunner.java:337)
at org.testng.SuiteRunner.run(SuiteRunner.java:286)
at org.testng.SuiteRunnerWorker.runSuite(SuiteRunnerWorker.java:53)
at org.testng.SuiteRunnerWorker.run(SuiteRunnerWorker.java:96)
at org.testng.TestNG.runSuitesSequentially(TestNG.java:1187)
at org.testng.TestNG.runSuitesLocally(TestNG.java:1109)
at org.testng.TestNG.runSuites(TestNG.java:1039)
at org.testng.TestNG.run(TestNG.java:1007)
at org.apache.maven.surefire.testng.TestNGExecutor.run(TestNGExecutor.java:284)
at org.apache.maven.surefire.testng.TestNGXmlTestSuite.execute(TestNGXmlTestSuite.java:75)
at org.apache.maven.surefire.testng.TestNGProvider.invoke(TestNGProvider.java:119)
at org.apache.maven.surefire.booter.ForkedBooter.runSuitesInProcess(ForkedBooter.java:428)
at org.apache.maven.surefire.booter.ForkedBooter.execute(ForkedBooter.java:162)
at org.apache.maven.surefire.booter.ForkedBooter.run(ForkedBooter.java:562)
at org.apache.maven.surefire.booter.ForkedBooter.main(ForkedBooter.java:548)
]]>
            </full-stacktrace>
          </exception> <!-- java.lang.AssertionError -->
          <reporter-output>
          </reporter-output>
        </test-method> <!-- TestCase_025_MonthlyReportExcel -->
        <test-method status="PASS" signature="TestCase_026_DailyReport()[pri:11, instance:TestScript.RegressionTestThree@7d20d0b]" name="TestCase_026_DailyReport" duration-ms="26495" started-at="2020-07-27T16:12:16 CST" finished-at="2020-07-27T16:12:42 CST">
          <reporter-output>
          </reporter-output>
        </test-method> <!-- TestCase_026_DailyReport -->
        <test-method status="PASS" signature="TestCase_027_DailyReportPDF()[pri:12, instance:TestScript.RegressionTestThree@7d20d0b]" name="TestCase_027_DailyReportPDF" duration-ms="15442" started-at="2020-07-27T16:12:42 CST" finished-at="2020-07-27T16:12:58 CST">
          <reporter-output>
          </reporter-output>
        </test-method> <!-- TestCase_027_DailyReportPDF -->
        <test-method status="PASS" signature="TestCase_028_DailyReportExcel()[pri:13, instance:TestScript.RegressionTestThree@7d20d0b]" name="TestCase_028_DailyReportExcel" duration-ms="2175" started-at="2020-07-27T16:12:58 CST" finished-at="2020-07-27T16:13:00 CST">
          <reporter-output>
          </reporter-output>
        </test-method> <!-- TestCase_028_DailyReportExcel -->
        <test-method status="PASS" signature="TestCase_030_ShopGroupDelete()[pri:14, instance:TestScript.RegressionTestThree@7d20d0b]" name="TestCase_030_ShopGroupDelete" duration-ms="21934" started-at="2020-07-27T16:13:00 CST" finished-at="2020-07-27T16:13:22 CST">
          <reporter-output>
          </reporter-output>
        </test-method> <!-- TestCase_030_ShopGroupDelete -->
        <test-method status="PASS" signature="TestCase_031_ShopListDelete()[pri:15, instance:TestScript.RegressionTestThree@7d20d0b]" name="TestCase_031_ShopListDelete" duration-ms="67279" started-at="2020-07-27T16:13:22 CST" finished-at="2020-07-27T16:14:29 CST">
          <reporter-output>
          </reporter-output>
        </test-method> <!-- TestCase_031_ShopListDelete -->
        <test-method status="FAIL" signature="TestCase_032_DeleteOthers()[pri:16, instance:TestScript.RegressionTestThree@7d20d0b]" name="TestCase_032_DeleteOthers" duration-ms="1159" started-at="2020-07-27T16:14:29 CST" finished-at="2020-07-27T16:14:30 CST">
          <exception class="org.openqa.selenium.ElementClickInterceptedException">
            <message>
              <![CDATA[element click intercepted: Element <a href="terminalList.php" class="mm-listitem__text">...</a> is not clickable at point (171, 286). Other element would receive the click: <div id="jBox1-overlay" class="jBox-overlay jBox-overlay-Modal" style="display: block; opacity: 0.320816; z-index: 9999;"></div>
  (Session info: chrome=84.0.4147.89)
Build info: version: '3.141.59', revision: 'e82be7d358', time: '2018-11-14T08:17:03'
System info: host: 'SPHKRD05', ip: '10.1.6.189', os.name: 'Windows 10', os.arch: 'amd64', os.version: '10.0', java.version: '1.8.0_251'
Driver info: org.openqa.selenium.chrome.ChromeDriver
Capabilities {acceptInsecureCerts: false, browserName: chrome, browserVersion: 84.0.4147.89, chrome: {chromedriverVersion: 83.0.4103.39 (ccbf011cb2d2b..., userDataDir: C:\Users\abhishek.g\AppData...}, goog:chromeOptions: {debuggerAddress: localhost:63243}, javascriptEnabled: true, networkConnectionEnabled: false, pageLoadStrategy: normal, platform: WINDOWS, platformName: WINDOWS, proxy: Proxy(), setWindowRect: true, strictFileInteractability: false, timeouts: {implicit: 0, pageLoad: 300000, script: 30000}, unhandledPromptBehavior: dismiss and notify, webauthn:virtualAuthenticators: true}
Session ID: 299d97391825e1677103aea6626fe4a8]]>
            </message>
            <full-stacktrace>
              <![CDATA[org.openqa.selenium.ElementClickInterceptedException: element click intercepted: Element <a href="terminalList.php" class="mm-listitem__text">...</a> is not clickable at point (171, 286). Other element would receive the click: <div id="jBox1-overlay" class="jBox-overlay jBox-overlay-Modal" style="display: block; opacity: 0.320816; z-index: 9999;"></div>
  (Session info: chrome=84.0.4147.89)
Build info: version: '3.141.59', revision: 'e82be7d358', time: '2018-11-14T08:17:03'
System info: host: 'SPHKRD05', ip: '10.1.6.189', os.name: 'Windows 10', os.arch: 'amd64', os.version: '10.0', java.version: '1.8.0_251'
Driver info: org.openqa.selenium.chrome.ChromeDriver
Capabilities {acceptInsecureCerts: false, browserName: chrome, browserVersion: 84.0.4147.89, chrome: {chromedriverVersion: 83.0.4103.39 (ccbf011cb2d2b..., userDataDir: C:\Users\abhishek.g\AppData...}, goog:chromeOptions: {debuggerAddress: localhost:63243}, javascriptEnabled: true, networkConnectionEnabled: false, pageLoadStrategy: normal, platform: WINDOWS, platformName: WINDOWS, proxy: Proxy(), setWindowRect: true, strictFileInteractability: false, timeouts: {implicit: 0, pageLoad: 300000, script: 30000}, unhandledPromptBehavior: dismiss and notify, webauthn:virtualAuthenticators: true}
Session ID: 299d97391825e1677103aea6626fe4a8
at sun.reflect.NativeConstructorAccessorImpl.newInstance0(Native Method)
at sun.reflect.NativeConstructorAccessorImpl.newInstance(NativeConstructorAccessorImpl.java:62)
at sun.reflect.DelegatingConstructorAccessorImpl.newInstance(DelegatingConstructorAccessorImpl.java:45)
at java.lang.reflect.Constructor.newInstance(Constructor.java:423)
at org.openqa.selenium.remote.http.W3CHttpResponseCodec.createException(W3CHttpResponseCodec.java:187)
at org.openqa.selenium.remote.http.W3CHttpResponseCodec.decode(W3CHttpResponseCodec.java:122)
at org.openqa.selenium.remote.http.W3CHttpResponseCodec.decode(W3CHttpResponseCodec.java:49)
at org.openqa.selenium.remote.HttpCommandExecutor.execute(HttpCommandExecutor.java:158)
at org.openqa.selenium.remote.service.DriverCommandExecutor.execute(DriverCommandExecutor.java:83)
at org.openqa.selenium.remote.RemoteWebDriver.execute(RemoteWebDriver.java:552)
at org.openqa.selenium.remote.RemoteWebElement.execute(RemoteWebElement.java:285)
at org.openqa.selenium.remote.RemoteWebElement.click(RemoteWebElement.java:84)
at DashBoard.Terminal.deleteall(Terminal.java:172)
at TestScript.RegressionTestThree.TestCase_032_DeleteOthers(RegressionTestThree.java:173)
at sun.reflect.NativeMethodAccessorImpl.invoke0(Native Method)
at sun.reflect.NativeMethodAccessorImpl.invoke(NativeMethodAccessorImpl.java:62)
at sun.reflect.DelegatingMethodAccessorImpl.invoke(DelegatingMethodAccessorImpl.java:43)
at java.lang.reflect.Method.invoke(Method.java:498)
at org.testng.internal.MethodInvocationHelper.invokeMethod(MethodInvocationHelper.java:134)
at org.testng.internal.TestInvoker.invokeMethod(TestInvoker.java:597)
at org.testng.internal.TestInvoker.invokeTestMethod(TestInvoker.java:173)
at org.testng.internal.MethodRunner.runInSequence(MethodRunner.java:46)
at org.testng.internal.TestInvoker$MethodInvocationAgent.invoke(TestInvoker.java:816)
at org.testng.internal.TestInvoker.invokeTestMethods(TestInvoker.java:146)
at org.testng.internal.TestMethodWorker.invokeTestMethods(TestMethodWorker.java:146)
at org.testng.internal.TestMethodWorker.run(TestMethodWorker.java:128)
at java.util.ArrayList.forEach(ArrayList.java:1257)
at org.testng.TestRunner.privateRun(TestRunner.java:766)
at org.testng.TestRunner.run(TestRunner.java:587)
at org.testng.SuiteRunner.runTest(SuiteRunner.java:384)
at org.testng.SuiteRunner.runSequentially(SuiteRunner.java:378)
at org.testng.SuiteRunner.privateRun(SuiteRunner.java:337)
at org.testng.SuiteRunner.run(SuiteRunner.java:286)
at org.testng.SuiteRunnerWorker.runSuite(SuiteRunnerWorker.java:53)
at org.testng.SuiteRunnerWorker.run(SuiteRunnerWorker.java:96)
at org.testng.TestNG.runSuitesSequentially(TestNG.java:1187)
at org.testng.TestNG.runSuitesLocally(TestNG.java:1109)
at org.testng.TestNG.runSuites(TestNG.java:1039)
at org.testng.TestNG.run(TestNG.java:1007)
at org.apache.maven.surefire.testng.TestNGExecutor.run(TestNGExecutor.java:284)
at org.apache.maven.surefire.testng.TestNGXmlTestSuite.execute(TestNGXmlTestSuite.java:75)
at org.apache.maven.surefire.testng.TestNGProvider.invoke(TestNGProvider.java:119)
at org.apache.maven.surefire.booter.ForkedBooter.runSuitesInProcess(ForkedBooter.java:428)
at org.apache.maven.surefire.booter.ForkedBooter.execute(ForkedBooter.java:162)
at org.apache.maven.surefire.booter.ForkedBooter.run(ForkedBooter.java:562)
at org.apache.maven.surefire.booter.ForkedBooter.main(ForkedBooter.java:548)
]]>
            </full-stacktrace>
          </exception> <!-- org.openqa.selenium.ElementClickInterceptedException -->
          <reporter-output>
          </reporter-output>
        </test-method> <!-- TestCase_032_DeleteOthers -->
        <test-method status="PASS" signature="teardown()[pri:0, instance:TestScript.RegressionTestThree@7d20d0b]" name="teardown" is-config="true" duration-ms="0" started-at="2020-07-27T16:14:30 CST" finished-at="2020-07-27T16:14:30 CST">
          <reporter-output>
          </reporter-output>
        </test-method> <!-- teardown -->
      </class> <!-- TestScript.RegressionTestThree -->
      <class name="TestScript.RegressionTestTwo">
        <test-method status="PASS" signature="BaseCar(java.lang.String)[pri:0, instance:TestScript.RegressionTestTwo@24313fcc]" name="BaseCar" is-config="true" duration-ms="6437" started-at="2020-07-27T16:07:49 CST" finished-at="2020-07-27T16:07:55 CST">
          <params>
            <param index="0">
              <value>
                <![CDATA[chrome]]>
              </value>
            </param>
          </params>
          <reporter-output>
          </reporter-output>
        </test-method> <!-- BaseCar -->
        <test-method status="PASS" signature="TestCase_012_Terminal()[pri:1, instance:TestScript.RegressionTestTwo@24313fcc]" name="TestCase_012_Terminal" duration-ms="22439" started-at="2020-07-27T16:07:55 CST" finished-at="2020-07-27T16:08:17 CST">
          <reporter-output>
          </reporter-output>
        </test-method> <!-- TestCase_012_Terminal -->
        <test-method status="PASS" signature="TestCase_013_TerminalSearch()[pri:2, instance:TestScript.RegressionTestTwo@24313fcc]" name="TestCase_013_TerminalSearch" duration-ms="24333" started-at="2020-07-27T16:08:17 CST" finished-at="2020-07-27T16:08:42 CST">
          <reporter-output>
          </reporter-output>
        </test-method> <!-- TestCase_013_TerminalSearch -->
        <test-method status="PASS" signature="TestCase_014_TerminalDownloadPDF()[pri:3, instance:TestScript.RegressionTestTwo@24313fcc]" name="TestCase_014_TerminalDownloadPDF" duration-ms="7152" started-at="2020-07-27T16:08:42 CST" finished-at="2020-07-27T16:08:49 CST">
          <reporter-output>
          </reporter-output>
        </test-method> <!-- TestCase_014_TerminalDownloadPDF -->
        <test-method status="PASS" signature="TestCase_015_TerminalDownloadExcel()[pri:4, instance:TestScript.RegressionTestTwo@24313fcc]" name="TestCase_015_TerminalDownloadExcel" duration-ms="6442" started-at="2020-07-27T16:08:49 CST" finished-at="2020-07-27T16:08:55 CST">
          <reporter-output>
          </reporter-output>
        </test-method> <!-- TestCase_015_TerminalDownloadExcel -->
        <test-method status="PASS" signature="teardown()[pri:0, instance:TestScript.RegressionTestTwo@24313fcc]" name="teardown" is-config="true" duration-ms="0" started-at="2020-07-27T16:08:55 CST" finished-at="2020-07-27T16:08:55 CST">
          <reporter-output>
          </reporter-output>
        </test-method> <!-- teardown -->
      </class> <!-- TestScript.RegressionTestTwo -->
      <class name="TestScript.RegressionTest">
        <test-method status="PASS" signature="BaseCar(java.lang.String)[pri:0, instance:TestScript.RegressionTest@5e5d171f]" name="BaseCar" is-config="true" duration-ms="6763" started-at="2020-07-27T16:01:20 CST" finished-at="2020-07-27T16:01:27 CST">
          <params>
            <param index="0">
              <value>
                <![CDATA[chrome]]>
              </value>
            </param>
          </params>
          <reporter-output>
          </reporter-output>
        </test-method> <!-- BaseCar -->
        <test-method status="PASS" signature="TestCase_001_Click_Shop_menu()[pri:1, instance:TestScript.RegressionTest@5e5d171f]" name="TestCase_001_Click_Shop_menu" duration-ms="40135" started-at="2020-07-27T16:01:27 CST" finished-at="2020-07-27T16:02:07 CST">
          <reporter-output>
          </reporter-output>
        </test-method> <!-- TestCase_001_Click_Shop_menu -->
        <test-method status="PASS" signature="TestCase_002_Shop_menu_DownloadPDF()[pri:2, instance:TestScript.RegressionTest@5e5d171f]" name="TestCase_002_Shop_menu_DownloadPDF" duration-ms="9660" started-at="2020-07-27T16:02:07 CST" finished-at="2020-07-27T16:02:17 CST">
          <reporter-output>
          </reporter-output>
        </test-method> <!-- TestCase_002_Shop_menu_DownloadPDF -->
        <test-method status="PASS" signature="TestCase_003_Shop_menu_DownloadExcel()[pri:3, instance:TestScript.RegressionTest@5e5d171f]" name="TestCase_003_Shop_menu_DownloadExcel" duration-ms="9477" started-at="2020-07-27T16:02:17 CST" finished-at="2020-07-27T16:02:26 CST">
          <reporter-output>
          </reporter-output>
        </test-method> <!-- TestCase_003_Shop_menu_DownloadExcel -->
        <test-method status="PASS" signature="TestCase_004_Shop_menu_Verifym()[pri:4, instance:TestScript.RegressionTest@5e5d171f]" name="TestCase_004_Shop_menu_Verifym" duration-ms="43465" started-at="2020-07-27T16:02:26 CST" finished-at="2020-07-27T16:03:09 CST">
          <reporter-output>
          </reporter-output>
        </test-method> <!-- TestCase_004_Shop_menu_Verifym -->
        <test-method status="PASS" signature="TestCase_005_Shop_menu_Verifys()[pri:5, instance:TestScript.RegressionTest@5e5d171f]" name="TestCase_005_Shop_menu_Verifys" duration-ms="9666" started-at="2020-07-27T16:03:09 CST" finished-at="2020-07-27T16:03:19 CST">
          <reporter-output>
          </reporter-output>
        </test-method> <!-- TestCase_005_Shop_menu_Verifys -->
        <test-method status="PASS" signature="TestCase_006_Create_Shop_list(java.lang.String, java.lang.String, java.lang.String, java.lang.String, java.lang.String, java.lang.String, java.lang.String, java.lang.String, java.lang.String, java.lang.String, java.lang.String, java.lang.String, java.lang.String, java.lang.String, java.lang.String, java.lang.String, java.lang.String, java.lang.String, java.lang.String, java.lang.String, java.lang.String, java.lang.String, java.lang.String, java.lang.String, java.lang.String, java.lang.String, java.lang.String)[pri:6, instance:TestScript.RegressionTest@5e5d171f]" name="TestCase_006_Create_Shop_list" duration-ms="91853" started-at="2020-07-27T16:03:20 CST" data-provider="getContactsTestData" finished-at="2020-07-27T16:04:51 CST">
          <params>
            <param index="0">
              <value>
                <![CDATA[0101222222]]>
              </value>
            </param>
            <param index="1">
              <value>
                <![CDATA[Mannings]]>
              </value>
            </param>
            <param index="2">
              <value>
                <![CDATA[Mong]]>
              </value>
            </param>
            <param index="3">
              <value>
                <![CDATA[A111]]>
              </value>
            </param>
            <param index="4">
              <value>
                <![CDATA[GHD222]]>
              </value>
            </param>
            <param index="5">
              <value>
                <![CDATA[ANM1]]>
              </value>
            </param>
            <param index="6">
              <value>
                <![CDATA[Thanks]]>
              </value>
            </param>
            <param index="7">
              <value>
                <![CDATA[HK]]>
              </value>
            </param>
            <param index="8">
              <value>
                <![CDATA[F-23]]>
              </value>
            </param>
            <param index="9">
              <value>
                <![CDATA[Wan Chi]]>
              </value>
            </param>
            <param index="10">
              <value>
                <![CDATA[Wai]]>
              </value>
            </param>
            <param index="11">
              <value>
                <![CDATA[Account]]>
              </value>
            </param>
            <param index="12">
              <value>
                <![CDATA[547754747]]>
              </value>
            </param>
            <param index="13">
              <value>
                <![CDATA[a@gmail.com]]>
              </value>
            </param>
            <param index="14">
              <value>
                <![CDATA[G1]]>
              </value>
            </param>
            <param index="15">
              <value>
                <![CDATA[3]]>
              </value>
            </param>
            <param index="16">
              <value>
                <![CDATA[2]]>
              </value>
            </param>
            <param index="17">
              <value>
                <![CDATA[2]]>
              </value>
            </param>
            <param index="18">
              <value>
                <![CDATA[ABC]]>
              </value>
            </param>
            <param index="19">
              <value>
                <![CDATA[1]]>
              </value>
            </param>
            <param index="20">
              <value>
                <![CDATA[1]]>
              </value>
            </param>
            <param index="21">
              <value>
                <![CDATA[thanks for Shopping]]>
              </value>
            </param>
            <param index="22">
              <value>
                <![CDATA[Thanks]]>
              </value>
            </param>
            <param index="23">
              <value>
                <![CDATA[Sale]]>
              </value>
            </param>
            <param index="24">
              <value>
                <![CDATA[Good Day]]>
              </value>
            </param>
            <param index="25">
              <value>
                <![CDATA[One]]>
              </value>
            </param>
            <param index="26">
              <value>
                <![CDATA[No]]>
              </value>
            </param>
          </params>
          <reporter-output>
          </reporter-output>
        </test-method> <!-- TestCase_006_Create_Shop_list -->
        <test-method status="PASS" signature="TestCase_006_Create_Shop_list(java.lang.String, java.lang.String, java.lang.String, java.lang.String, java.lang.String, java.lang.String, java.lang.String, java.lang.String, java.lang.String, java.lang.String, java.lang.String, java.lang.String, java.lang.String, java.lang.String, java.lang.String, java.lang.String, java.lang.String, java.lang.String, java.lang.String, java.lang.String, java.lang.String, java.lang.String, java.lang.String, java.lang.String, java.lang.String, java.lang.String, java.lang.String)[pri:6, instance:TestScript.RegressionTest@5e5d171f]" name="TestCase_006_Create_Shop_list" duration-ms="91855" started-at="2020-07-27T16:04:51 CST" data-provider="getContactsTestData" finished-at="2020-07-27T16:06:23 CST">
          <params>
            <param index="0">
              <value>
                <![CDATA[0202333333]]>
              </value>
            </param>
            <param index="1">
              <value>
                <![CDATA[Seven11]]>
              </value>
            </param>
            <param index="2">
              <value>
                <![CDATA[Kong]]>
              </value>
            </param>
            <param index="3">
              <value>
                <![CDATA[A121]]>
              </value>
            </param>
            <param index="4">
              <value>
                <![CDATA[GHD333]]>
              </value>
            </param>
            <param index="5">
              <value>
                <![CDATA[ANM2]]>
              </value>
            </param>
            <param index="6">
              <value>
                <![CDATA[Thanks]]>
              </value>
            </param>
            <param index="7">
              <value>
                <![CDATA[HK]]>
              </value>
            </param>
            <param index="8">
              <value>
                <![CDATA[F-21]]>
              </value>
            </param>
            <param index="9">
              <value>
                <![CDATA[NP]]>
              </value>
            </param>
            <param index="10">
              <value>
                <![CDATA[Man]]>
              </value>
            </param>
            <param index="11">
              <value>
                <![CDATA[IT]]>
              </value>
            </param>
            <param index="12">
              <value>
                <![CDATA[34636636]]>
              </value>
            </param>
            <param index="13">
              <value>
                <![CDATA[a@gmail.com]]>
              </value>
            </param>
            <param index="14">
              <value>
                <![CDATA[G2]]>
              </value>
            </param>
            <param index="15">
              <value>
                <![CDATA[4]]>
              </value>
            </param>
            <param index="16">
              <value>
                <![CDATA[5]]>
              </value>
            </param>
            <param index="17">
              <value>
                <![CDATA[4]]>
              </value>
            </param>
            <param index="18">
              <value>
                <![CDATA[DEF]]>
              </value>
            </param>
            <param index="19">
              <value>
                <![CDATA[3]]>
              </value>
            </param>
            <param index="20">
              <value>
                <![CDATA[3]]>
              </value>
            </param>
            <param index="21">
              <value>
                <![CDATA[Welcome Back]]>
              </value>
            </param>
            <param index="22">
              <value>
                <![CDATA[Thanks]]>
              </value>
            </param>
            <param index="23">
              <value>
                <![CDATA[Sale]]>
              </value>
            </param>
            <param index="24">
              <value>
                <![CDATA[Good Day]]>
              </value>
            </param>
            <param index="25">
              <value>
                <![CDATA[Two]]>
              </value>
            </param>
            <param index="26">
              <value>
                <![CDATA[Yes]]>
              </value>
            </param>
          </params>
          <reporter-output>
          </reporter-output>
        </test-method> <!-- TestCase_006_Create_Shop_list -->
        <test-method status="PASS" signature="TestCase_006_PointSchemeShopList()[pri:7, instance:TestScript.RegressionTest@5e5d171f]" name="TestCase_006_PointSchemeShopList" duration-ms="41402" started-at="2020-07-27T16:06:23 CST" finished-at="2020-07-27T16:07:05 CST">
          <reporter-output>
          </reporter-output>
        </test-method> <!-- TestCase_006_PointSchemeShopList -->
        <test-method status="PASS" signature="TestCase_009_shopAdvSearch()[pri:9, instance:TestScript.RegressionTest@5e5d171f]" name="TestCase_009_shopAdvSearch" duration-ms="30305" started-at="2020-07-27T16:07:05 CST" finished-at="2020-07-27T16:07:35 CST">
          <reporter-output>
          </reporter-output>
        </test-method> <!-- TestCase_009_shopAdvSearch -->
        <test-method status="PASS" signature="TestCase_010_shop_DownloadPDF()[pri:10, instance:TestScript.RegressionTest@5e5d171f]" name="TestCase_010_shop_DownloadPDF" duration-ms="7012" started-at="2020-07-27T16:07:35 CST" finished-at="2020-07-27T16:07:42 CST">
          <reporter-output>
          </reporter-output>
        </test-method> <!-- TestCase_010_shop_DownloadPDF -->
        <test-method status="PASS" signature="TestCase_011_shop_DownloadExcel()[pri:11, instance:TestScript.RegressionTest@5e5d171f]" name="TestCase_011_shop_DownloadExcel" duration-ms="6521" started-at="2020-07-27T16:07:42 CST" finished-at="2020-07-27T16:07:49 CST">
          <reporter-output>
          </reporter-output>
        </test-method> <!-- TestCase_011_shop_DownloadExcel -->
        <test-method status="PASS" signature="teardown()[pri:0, instance:TestScript.RegressionTest@5e5d171f]" name="teardown" is-config="true" duration-ms="0" started-at="2020-07-27T16:07:49 CST" finished-at="2020-07-27T16:07:49 CST">
          <reporter-output>
          </reporter-output>
        </test-method> <!-- teardown -->
      </class> <!-- TestScript.RegressionTest -->
    </test> <!-- Test -->
  </suite> <!-- Suite -->
</testng-results>
