<!DOCTYPE html PUBLIC "-//W3C//DTD XHTML 1.1//EN" "https://www.w3.org/TR/xhtml11/DTD/xhtml11.dtd">
<html xmlns="https://www.w3.org/1999/xhtml">
<head>
<meta http-equiv="content-type" content="text/html; charset=UTF-8"/>
<title>TestNG Report</title>
<style type="text/css">table {margin-bottom:10px;border-collapse:collapse;empty-cells:show}th,td {border:1px solid #009;padding:.25em .5em}th {vertical-align:bottom}td {vertical-align:top}table a {font-weight:bold}.stripe td {background-color: #E6EBF9}.num {text-align:right}.passedodd td {background-color: #3F3}.passedeven td {background-color: #0A0}.skippedodd td {background-color: #DDD}.skippedeven td {background-color: #CCC}.failedodd td,.attn {background-color: #F33}.failedeven td,.stripe .attn {background-color: #D00}.stacktrace {white-space:pre;font-family:monospace}.totop {font-size:85%;text-align:center;border-bottom:2px solid #000}.invisible {display:none}</style>
</head>
<body>
<table>
<tr><th>Test</th><th># Passed</th><th># Skipped</th><th># Retried</th><th># Failed</th><th>Time (ms)</th><th>Included Groups</th><th>Excluded Groups</th></tr>
<tr><th colspan="8">Suite</th></tr>
<tr><td><a href="#t0">Test</a></td><td class="num">14</td><td class="num">0</td><td class="num">0</td><td class="num attn">5</td><td class="num">714,327</td><td></td><td></td></tr>
</table>
<table id='summary'><thead><tr><th>Class</th><th>Method</th><th>Start</th><th>Time (ms)</th></tr></thead><tbody><tr><th colspan="4">Suite</th></tr></tbody><tbody id="t0"><tr><th colspan="4">Test &#8212; failed</th></tr><tr class="failedeven"><td rowspan="5">TestScript.RegressionTest</td><td><a href="#m0">TestCase_004_PointSchemeShopList</a></td><td rowspan="1">1595496932665</td><td rowspan="1">84708</td></tr><tr class="failedeven"><td><a href="#m1">TestCase_008_TerminalSearch</a></td><td rowspan="1">1595497083880</td><td rowspan="1">1088</td></tr><tr class="failedeven"><td><a href="#m2">TestCase_012_Transactions</a></td><td rowspan="1">1595497203355</td><td rowspan="1">3451</td></tr><tr class="failedeven"><td><a href="#m3">TestCase_014_MonthlyReport</a></td><td rowspan="1">1595497221496</td><td rowspan="1">26778</td></tr><tr class="failedeven"><td><a href="#m4">TestCase_018_TerminalnotApollo</a></td><td rowspan="1">1595497347296</td><td rowspan="1">48112</td></tr><tr><th colspan="4">Test &#8212; passed</th></tr><tr class="passedeven"><td rowspan="14">TestScript.RegressionTest</td><td><a href="#m5">TestCase_001_Click_Shop_menu</a></td><td rowspan="1">1595496688582</td><td rowspan="1">40009</td></tr><tr class="passedeven"><td><a href="#m6">TestCase_002_Shop_menu</a></td><td rowspan="1">1595496728597</td><td rowspan="1">19234</td></tr><tr class="passedeven"><td><a href="#m7">TestCase_003_Create_Shop_list</a></td><td rowspan="2">1595496748668</td><td rowspan="2">92184</td></tr><tr class="passedeven"><td><a href="#m8">TestCase_003_Create_Shop_list</a></td></tr><tr class="passedeven"><td><a href="#m9">TestCase_005_shopAdvSearch</a></td><td rowspan="1">1595497018195</td><td rowspan="1">30457</td></tr><tr class="passedeven"><td><a href="#m10">TestCase_006_shop_Download</a></td><td rowspan="1">1595497048653</td><td rowspan="1">13608</td></tr><tr class="passedeven"><td><a href="#m11">TestCase_007_Terminal</a></td><td rowspan="1">1595497062262</td><td rowspan="1">21615</td></tr><tr class="passedeven"><td><a href="#m12">TestCase_009_TerminalDownload</a></td><td rowspan="1">1595497085323</td><td rowspan="1">13691</td></tr><tr class="passedeven"><td><a href="#m13">TestCase_010_UserGroupPermission</a></td><td rowspan="1">1595497099017</td><td rowspan="1">42951</td></tr><tr class="passedeven"><td><a href="#m14">TestCase_011_UserListForSetting</a></td><td rowspan="1">1595497141969</td><td rowspan="1">61385</td></tr><tr class="passedeven"><td><a href="#m15">TestCase_013_TransactionsDownload</a></td><td rowspan="1">1595497207142</td><td rowspan="1">14353</td></tr><tr class="passedeven"><td><a href="#m16">TestCase_015_DailyReport</a></td><td rowspan="1">1595497248636</td><td rowspan="1">30509</td></tr><tr class="passedeven"><td><a href="#m17">TestCase_016_ShopGroupDelete</a></td><td rowspan="1">1595497279146</td><td rowspan="1">21894</td></tr><tr class="passedeven"><td><a href="#m18">TestCase_017_ShopListDelete</a></td><td rowspan="1">1595497301041</td><td rowspan="1">46254</td></tr></tbody>
</table>
<h2>Test</h2><h3 id="m0">TestScript.RegressionTest#TestCase_004_PointSchemeShopList</h3><table class="result"><tr><th>Exception</th></tr><tr><td><div class="stacktrace">org.openqa.selenium.NoSuchElementException: no such element: Unable to locate element: {&quot;method&quot;:&quot;xpath&quot;,&quot;selector&quot;:&quot;//td[contains(text(),&apos;178&apos;)]&quot;}
  (Session info: chrome=84.0.4147.89)
For documentation on this error, please visit: https://www.seleniumhq.org/exceptions/no_such_element.html
Build info: version: &apos;3.141.59&apos;, revision: &apos;e82be7d358&apos;, time: &apos;2018-11-14T08:17:03&apos;
System info: host: &apos;SPHKRD05&apos;, ip: &apos;10.1.6.189&apos;, os.name: &apos;Windows 10&apos;, os.arch: &apos;amd64&apos;, os.version: &apos;10.0&apos;, java.version: &apos;1.8.0_251&apos;
Driver info: org.openqa.selenium.chrome.ChromeDriver
Capabilities {acceptInsecureCerts: false, browserName: chrome, browserVersion: 84.0.4147.89, chrome: {chromedriverVersion: 83.0.4103.39 (ccbf011cb2d2b..., userDataDir: C:\Users\abhishek.g\AppData...}, goog:chromeOptions: {debuggerAddress: localhost:59672}, javascriptEnabled: true, networkConnectionEnabled: false, pageLoadStrategy: normal, platform: WINDOWS, platformName: WINDOWS, proxy: Proxy(), setWindowRect: true, strictFileInteractability: false, timeouts: {implicit: 0, pageLoad: 300000, script: 30000}, unhandledPromptBehavior: dismiss and notify, webauthn:virtualAuthenticators: true}
Session ID: c9759883d8cbab5d2f1643ff0d4db0a3
*** Element info: {Using=xpath, value=//td[contains(text(),&apos;178&apos;)]}
	at org.openqa.selenium.remote.http.W3CHttpResponseCodec.createException(W3CHttpResponseCodec.java:187)
	at org.openqa.selenium.remote.http.W3CHttpResponseCodec.decode(W3CHttpResponseCodec.java:122)
	at org.openqa.selenium.remote.http.W3CHttpResponseCodec.decode(W3CHttpResponseCodec.java:49)
	at org.openqa.selenium.remote.HttpCommandExecutor.execute(HttpCommandExecutor.java:158)
	at org.openqa.selenium.remote.service.DriverCommandExecutor.execute(DriverCommandExecutor.java:83)
	at org.openqa.selenium.remote.RemoteWebDriver.execute(RemoteWebDriver.java:552)
	at org.openqa.selenium.remote.RemoteWebDriver.findElement(RemoteWebDriver.java:323)
	at org.openqa.selenium.remote.RemoteWebDriver.findElementByXPath(RemoteWebDriver.java:428)
	at org.openqa.selenium.By$ByXPath.findElement(By.java:353)
	at org.openqa.selenium.remote.RemoteWebDriver.findElement(RemoteWebDriver.java:315)
	at DashBoard.MerchanList.UpdatePointScheme(MerchanList.java:333)
	at TestScript.RegressionTest.TestCase_004_PointSchemeShopList(RegressionTest.java:82)
	at java.util.ArrayList.forEach(ArrayList.java:1257)
... Removed 31 stack frames</div></td></tr></table><p class="totop"><a href="#summary">back to summary</a></p>
<h3 id="m1">TestScript.RegressionTest#TestCase_008_TerminalSearch</h3><table class="result"><tr><th>Exception</th></tr><tr><td><div class="stacktrace">org.openqa.selenium.ElementClickInterceptedException: element click intercepted: Element &lt;a href=&quot;terminalList.php&quot; class=&quot;mm-listitem__text&quot;&gt;...&lt;/a&gt; is not clickable at point (171, 242). Other element would receive the click: &lt;div id=&quot;jBox1-overlay&quot; class=&quot;jBox-overlay jBox-overlay-Modal&quot; style=&quot;display: block; opacity: 1; z-index: 9999;&quot;&gt;&lt;/div&gt;
  (Session info: chrome=84.0.4147.89)
Build info: version: &apos;3.141.59&apos;, revision: &apos;e82be7d358&apos;, time: &apos;2018-11-14T08:17:03&apos;
System info: host: &apos;SPHKRD05&apos;, ip: &apos;10.1.6.189&apos;, os.name: &apos;Windows 10&apos;, os.arch: &apos;amd64&apos;, os.version: &apos;10.0&apos;, java.version: &apos;1.8.0_251&apos;
Driver info: org.openqa.selenium.chrome.ChromeDriver
Capabilities {acceptInsecureCerts: false, browserName: chrome, browserVersion: 84.0.4147.89, chrome: {chromedriverVersion: 83.0.4103.39 (ccbf011cb2d2b..., userDataDir: C:\Users\abhishek.g\AppData...}, goog:chromeOptions: {debuggerAddress: localhost:59672}, javascriptEnabled: true, networkConnectionEnabled: false, pageLoadStrategy: normal, platform: WINDOWS, platformName: WINDOWS, proxy: Proxy(), setWindowRect: true, strictFileInteractability: false, timeouts: {implicit: 0, pageLoad: 300000, script: 30000}, unhandledPromptBehavior: dismiss and notify, webauthn:virtualAuthenticators: true}
Session ID: c9759883d8cbab5d2f1643ff0d4db0a3
	at org.openqa.selenium.remote.http.W3CHttpResponseCodec.createException(W3CHttpResponseCodec.java:187)
	at org.openqa.selenium.remote.http.W3CHttpResponseCodec.decode(W3CHttpResponseCodec.java:122)
	at org.openqa.selenium.remote.http.W3CHttpResponseCodec.decode(W3CHttpResponseCodec.java:49)
	at org.openqa.selenium.remote.HttpCommandExecutor.execute(HttpCommandExecutor.java:158)
	at org.openqa.selenium.remote.service.DriverCommandExecutor.execute(DriverCommandExecutor.java:83)
	at org.openqa.selenium.remote.RemoteWebDriver.execute(RemoteWebDriver.java:552)
	at org.openqa.selenium.remote.RemoteWebElement.execute(RemoteWebElement.java:285)
	at org.openqa.selenium.remote.RemoteWebElement.click(RemoteWebElement.java:84)
	at DashBoard.Terminal.TerminalAdvancedSearch(Terminal.java:137)
	at TestScript.RegressionTest.TestCase_008_TerminalSearch(RegressionTest.java:116)
	at java.util.ArrayList.forEach(ArrayList.java:1257)
... Removed 31 stack frames</div></td></tr></table><p class="totop"><a href="#summary">back to summary</a></p>
<h3 id="m2">TestScript.RegressionTest#TestCase_012_Transactions</h3><table class="result"><tr><th>Exception</th></tr><tr><td><div class="stacktrace">org.openqa.selenium.ElementClickInterceptedException: element click intercepted: Element &lt;div class=&quot;btn btn-light disabled&quot; id=&quot;advSearchBtn&quot;&gt;...&lt;/div&gt; is not clickable at point (1807, 82). Other element would receive the click: &lt;div class=&quot;loadingModal&quot;&gt;...&lt;/div&gt;
  (Session info: chrome=84.0.4147.89)
Build info: version: &apos;3.141.59&apos;, revision: &apos;e82be7d358&apos;, time: &apos;2018-11-14T08:17:03&apos;
System info: host: &apos;SPHKRD05&apos;, ip: &apos;10.1.6.189&apos;, os.name: &apos;Windows 10&apos;, os.arch: &apos;amd64&apos;, os.version: &apos;10.0&apos;, java.version: &apos;1.8.0_251&apos;
Driver info: org.openqa.selenium.chrome.ChromeDriver
Capabilities {acceptInsecureCerts: false, browserName: chrome, browserVersion: 84.0.4147.89, chrome: {chromedriverVersion: 83.0.4103.39 (ccbf011cb2d2b..., userDataDir: C:\Users\abhishek.g\AppData...}, goog:chromeOptions: {debuggerAddress: localhost:59672}, javascriptEnabled: true, networkConnectionEnabled: false, pageLoadStrategy: normal, platform: WINDOWS, platformName: WINDOWS, proxy: Proxy(), setWindowRect: true, strictFileInteractability: false, timeouts: {implicit: 0, pageLoad: 300000, script: 30000}, unhandledPromptBehavior: dismiss and notify, webauthn:virtualAuthenticators: true}
Session ID: c9759883d8cbab5d2f1643ff0d4db0a3
	at org.openqa.selenium.remote.http.W3CHttpResponseCodec.createException(W3CHttpResponseCodec.java:187)
	at org.openqa.selenium.remote.http.W3CHttpResponseCodec.decode(W3CHttpResponseCodec.java:122)
	at org.openqa.selenium.remote.http.W3CHttpResponseCodec.decode(W3CHttpResponseCodec.java:49)
	at org.openqa.selenium.remote.HttpCommandExecutor.execute(HttpCommandExecutor.java:158)
	at org.openqa.selenium.remote.service.DriverCommandExecutor.execute(DriverCommandExecutor.java:83)
	at org.openqa.selenium.remote.RemoteWebDriver.execute(RemoteWebDriver.java:552)
	at org.openqa.selenium.remote.RemoteWebElement.execute(RemoteWebElement.java:285)
	at org.openqa.selenium.remote.RemoteWebElement.click(RemoteWebElement.java:84)
	at DashBoard.Transactions.Advancedsearchtransactions(Transactions.java:31)
	at TestScript.RegressionTest.TestCase_012_Transactions(RegressionTest.java:151)
	at java.util.ArrayList.forEach(ArrayList.java:1257)
... Removed 31 stack frames</div></td></tr></table><p class="totop"><a href="#summary">back to summary</a></p>
<h3 id="m3">TestScript.RegressionTest#TestCase_014_MonthlyReport</h3><table class="result"><tr><th>Exception</th></tr><tr><td><div class="stacktrace">org.openqa.selenium.UnhandledAlertException: unexpected alert open: {Alert text : No columns data return!}
  (Session info: chrome=84.0.4147.89): No columns data return!
Build info: version: &apos;3.141.59&apos;, revision: &apos;e82be7d358&apos;, time: &apos;2018-11-14T08:17:03&apos;
System info: host: &apos;SPHKRD05&apos;, ip: &apos;10.1.6.189&apos;, os.name: &apos;Windows 10&apos;, os.arch: &apos;amd64&apos;, os.version: &apos;10.0&apos;, java.version: &apos;1.8.0_251&apos;
Driver info: org.openqa.selenium.chrome.ChromeDriver
Capabilities {acceptInsecureCerts: false, browserName: chrome, browserVersion: 84.0.4147.89, chrome: {chromedriverVersion: 83.0.4103.39 (ccbf011cb2d2b..., userDataDir: C:\Users\abhishek.g\AppData...}, goog:chromeOptions: {debuggerAddress: localhost:59672}, javascriptEnabled: true, networkConnectionEnabled: false, pageLoadStrategy: normal, platform: WINDOWS, platformName: WINDOWS, proxy: Proxy(), setWindowRect: true, strictFileInteractability: false, timeouts: {implicit: 0, pageLoad: 300000, script: 30000}, unhandledPromptBehavior: dismiss and notify, webauthn:virtualAuthenticators: true}
Session ID: c9759883d8cbab5d2f1643ff0d4db0a3
	at org.openqa.selenium.remote.http.W3CHttpResponseCodec.decode(W3CHttpResponseCodec.java:120)
	at org.openqa.selenium.remote.http.W3CHttpResponseCodec.decode(W3CHttpResponseCodec.java:49)
	at org.openqa.selenium.remote.HttpCommandExecutor.execute(HttpCommandExecutor.java:158)
	at org.openqa.selenium.remote.service.DriverCommandExecutor.execute(DriverCommandExecutor.java:83)
	at org.openqa.selenium.remote.RemoteWebDriver.execute(RemoteWebDriver.java:552)
	at org.openqa.selenium.remote.RemoteWebDriver.execute(RemoteWebDriver.java:609)
	at org.openqa.selenium.remote.RemoteWebDriver.getScreenshotAs(RemoteWebDriver.java:295)
	at Util.ExtentTestListner.getScreenShot(ExtentTestListner.java:79)
	at Util.ExtentTestListner.onTestFailure(ExtentTestListner.java:54)
	at java.util.ArrayList.forEach(ArrayList.java:1257)
... Removed 24 stack frames</div></td></tr></table><p class="totop"><a href="#summary">back to summary</a></p>
<h3 id="m4">TestScript.RegressionTest#TestCase_018_TerminalnotApollo</h3><table class="result"><tr><th>Exception</th></tr><tr><td><div class="stacktrace">org.openqa.selenium.NoSuchElementException: Cannot locate element with text: ert
For documentation on this error, please visit: https://www.seleniumhq.org/exceptions/no_such_element.html
Build info: version: &apos;3.141.59&apos;, revision: &apos;e82be7d358&apos;, time: &apos;2018-11-14T08:17:03&apos;
System info: host: &apos;SPHKRD05&apos;, ip: &apos;10.1.6.189&apos;, os.name: &apos;Windows 10&apos;, os.arch: &apos;amd64&apos;, os.version: &apos;10.0&apos;, java.version: &apos;1.8.0_251&apos;
Driver info: driver.version: unknown
	at org.openqa.selenium.support.ui.Select.selectByVisibleText(Select.java:147)
	at DashBoard.Terminal.createterminalnotapollo(Terminal.java:90)
	at TestScript.RegressionTest.TestCase_018_TerminalnotApollo(RegressionTest.java:212)
	at java.util.ArrayList.forEach(ArrayList.java:1257)
... Removed 27 stack frames</div></td></tr></table><p class="totop"><a href="#summary">back to summary</a></p>
<h3 id="m5">TestScript.RegressionTest#TestCase_001_Click_Shop_menu</h3><table class="result"><tr><th class="invisible"/></tr></table><p class="totop"><a href="#summary">back to summary</a></p>
<h3 id="m6">TestScript.RegressionTest#TestCase_002_Shop_menu</h3><table class="result"><tr><th class="invisible"/></tr></table><p class="totop"><a href="#summary">back to summary</a></p>
<h3 id="m7">TestScript.RegressionTest#TestCase_003_Create_Shop_list</h3><table class="result"><tr class="param"><th>Parameter #1</th><th>Parameter #2</th><th>Parameter #3</th><th>Parameter #4</th><th>Parameter #5</th><th>Parameter #6</th><th>Parameter #7</th><th>Parameter #8</th><th>Parameter #9</th><th>Parameter #10</th><th>Parameter #11</th><th>Parameter #12</th><th>Parameter #13</th><th>Parameter #14</th><th>Parameter #15</th><th>Parameter #16</th><th>Parameter #17</th><th>Parameter #18</th><th>Parameter #19</th><th>Parameter #20</th><th>Parameter #21</th><th>Parameter #22</th><th>Parameter #23</th><th>Parameter #24</th><th>Parameter #25</th><th>Parameter #26</th><th>Parameter #27</th></tr><tr class="param stripe"><td>0101222222</td><td>Mannings</td><td>Mong</td><td>A111</td><td>GHD222</td><td>ANM1</td><td>Thanks</td><td>HK</td><td>F-23</td><td>Wan Chi</td><td>Wai</td><td>Account</td><td>547754747</td><td>a@gmail.com</td><td>G1</td><td>3</td><td>2</td><td>2</td><td>ABC</td><td>1</td><td>1</td><td>thanks for Shopping</td><td>Thanks</td><td>Sale</td><td>Good Day</td><td>One</td><td>No</td></tr></table><p class="totop"><a href="#summary">back to summary</a></p>
<h3 id="m8">TestScript.RegressionTest#TestCase_003_Create_Shop_list</h3><table class="result"><tr class="param"><th>Parameter #1</th><th>Parameter #2</th><th>Parameter #3</th><th>Parameter #4</th><th>Parameter #5</th><th>Parameter #6</th><th>Parameter #7</th><th>Parameter #8</th><th>Parameter #9</th><th>Parameter #10</th><th>Parameter #11</th><th>Parameter #12</th><th>Parameter #13</th><th>Parameter #14</th><th>Parameter #15</th><th>Parameter #16</th><th>Parameter #17</th><th>Parameter #18</th><th>Parameter #19</th><th>Parameter #20</th><th>Parameter #21</th><th>Parameter #22</th><th>Parameter #23</th><th>Parameter #24</th><th>Parameter #25</th><th>Parameter #26</th><th>Parameter #27</th></tr><tr class="param stripe"><td>0202333333</td><td>Seven11</td><td>Kong</td><td>A121</td><td>GHD333</td><td>ANM2</td><td>Thanks</td><td>HK</td><td>F-21</td><td>NP</td><td>Man</td><td>IT</td><td>34636636</td><td>a@gmail.com</td><td>G2</td><td>4</td><td>5</td><td>4</td><td>DEF</td><td>3</td><td>3</td><td>Welcome Back</td><td>Thanks</td><td>Sale</td><td>Good Day</td><td>Two</td><td>Yes</td></tr></table><p class="totop"><a href="#summary">back to summary</a></p>
<h3 id="m9">TestScript.RegressionTest#TestCase_005_shopAdvSearch</h3><table class="result"><tr><th class="invisible"/></tr></table><p class="totop"><a href="#summary">back to summary</a></p>
<h3 id="m10">TestScript.RegressionTest#TestCase_006_shop_Download</h3><table class="result"><tr><th class="invisible"/></tr></table><p class="totop"><a href="#summary">back to summary</a></p>
<h3 id="m11">TestScript.RegressionTest#TestCase_007_Terminal</h3><table class="result"><tr><th class="invisible"/></tr></table><p class="totop"><a href="#summary">back to summary</a></p>
<h3 id="m12">TestScript.RegressionTest#TestCase_009_TerminalDownload</h3><table class="result"><tr><th class="invisible"/></tr></table><p class="totop"><a href="#summary">back to summary</a></p>
<h3 id="m13">TestScript.RegressionTest#TestCase_010_UserGroupPermission</h3><table class="result"><tr><th class="invisible"/></tr></table><p class="totop"><a href="#summary">back to summary</a></p>
<h3 id="m14">TestScript.RegressionTest#TestCase_011_UserListForSetting</h3><table class="result"><tr><th class="invisible"/></tr></table><p class="totop"><a href="#summary">back to summary</a></p>
<h3 id="m15">TestScript.RegressionTest#TestCase_013_TransactionsDownload</h3><table class="result"><tr><th class="invisible"/></tr></table><p class="totop"><a href="#summary">back to summary</a></p>
<h3 id="m16">TestScript.RegressionTest#TestCase_015_DailyReport</h3><table class="result"><tr><th class="invisible"/></tr></table><p class="totop"><a href="#summary">back to summary</a></p>
<h3 id="m17">TestScript.RegressionTest#TestCase_016_ShopGroupDelete</h3><table class="result"><tr><th class="invisible"/></tr></table><p class="totop"><a href="#summary">back to summary</a></p>
<h3 id="m18">TestScript.RegressionTest#TestCase_017_ShopListDelete</h3><table class="result"><tr><th class="invisible"/></tr></table><p class="totop"><a href="#summary">back to summary</a></p>
</body>
</html>
