<!DOCTYPE html>

<html>
  <head>
  <meta charset='utf-8'>
  <title>TestNG reports</title>

    <link type="text/css" href="testng-reports1.css" rel="stylesheet" id="ultra" />
    <link type="text/css" href="testng-reports.css" rel="stylesheet" id="retro" disabled="false"/>
    <script type="text/javascript" src="jquery-3.4.1.min.js"></script>
    <script type="text/javascript" src="testng-reports.js"></script>
    <script type="text/javascript" src="https://www.google.com/jsapi"></script>
    <script type='text/javascript'>
      google.load('visualization', '1', {packages:['table']});
      google.setOnLoadCallback(drawTable);
      var suiteTableInitFunctions = new Array();
      var suiteTableData = new Array();
    </script>
    <!--
      <script type="text/javascript" src="jquery-ui/js/jquery-ui-1.8.16.custom.min.js"></script>
     -->
  </head>

  <body>
    <div class="top-banner-root">
      <span class="top-banner-title-font">Test results</span>
      <button class="button" id="button">Switch Retro Theme</button> <!-- button -->
      <br/>
      <span class="top-banner-font-1">1 suite, 5 failed tests</span>
    </div> <!-- top-banner-root -->
    <div class="navigator-root">
      <div class="navigator-suite-header">
        <span>All suites</span>
        <a href="#" class="collapse-all-link" title="Collapse/expand all the suites">
          <img class="collapse-all-icon" src="collapseall.gif">
          </img> <!-- collapse-all-icon -->
        </a> <!-- collapse-all-link -->
      </div> <!-- navigator-suite-header -->
      <div class="suite">
        <div class="rounded-window">
          <div class="suite-header light-rounded-window-top">
            <a href="#" class="navigator-link" panel-name="suite-Suite">
              <span class="suite-name border-failed">Suite</span>
            </a> <!-- navigator-link -->
          </div> <!-- suite-header light-rounded-window-top -->
          <div class="navigator-suite-content">
            <div class="suite-section-title">
              <span>Info</span>
            </div> <!-- suite-section-title -->
            <div class="suite-section-content">
              <ul>
                <li>
                  <a href="#" class="navigator-link " panel-name="test-xml-Suite">
                    <span>C:\Users\abhishek.g\eclipse-workspace\VIPSystemSCLAutomation\testng.xml</span>
                  </a> <!-- navigator-link  -->
                </li>
                <li>
                  <a href="#" class="navigator-link " panel-name="testlist-Suite">
                    <span class="test-stats">1 test</span>
                  </a> <!-- navigator-link  -->
                </li>
                <li>
                  <a href="#" class="navigator-link " panel-name="group-Suite">
                    <span>0 groups</span>
                  </a> <!-- navigator-link  -->
                </li>
                <li>
                  <a href="#" class="navigator-link " panel-name="times-Suite">
                    <span>Times</span>
                  </a> <!-- navigator-link  -->
                </li>
                <li>
                  <a href="#" class="navigator-link " panel-name="reporter-Suite">
                    <span>Reporter output</span>
                  </a> <!-- navigator-link  -->
                </li>
                <li>
                  <a href="#" class="navigator-link " panel-name="ignored-methods-Suite">
                    <span>Ignored methods</span>
                  </a> <!-- navigator-link  -->
                </li>
                <li>
                  <a href="#" class="navigator-link " panel-name="chronological-Suite">
                    <span>Chronological view</span>
                  </a> <!-- navigator-link  -->
                </li>
              </ul>
            </div> <!-- suite-section-content -->
            <div class="result-section">
              <div class="suite-section-title">
                <span>Results</span>
              </div> <!-- suite-section-title -->
              <div class="suite-section-content">
                <ul>
                  <li>
                    <span class="method-stats">19 methods, 5 failed,   14 passed</span>
                  </li>
                  <li>
                    <span class="method-list-title failed">Failed methods</span>
                    <span class="show-or-hide-methods failed">
                      <a href="#" panel-name="suite-Suite" class="hide-methods failed suite-Suite"> (hide)</a> <!-- hide-methods failed suite-Suite -->
                      <a href="#" panel-name="suite-Suite" class="show-methods failed suite-Suite"> (show)</a> <!-- show-methods failed suite-Suite -->
                    </span>
                    <div class="method-list-content failed suite-Suite">
                      <span>
                        <img width="3%" src="failed.png"/>
                        <a href="#" class="method navigator-link" panel-name="suite-Suite" title="TestScript.RegressionTest" hash-for-method="TestCase_004_PointSchemeShopList">TestCase_004_PointSchemeShopList</a> <!-- method navigator-link -->
                      </span>
                      <br/>
                      <span>
                        <img width="3%" src="failed.png"/>
                        <a href="#" class="method navigator-link" panel-name="suite-Suite" title="TestScript.RegressionTest" hash-for-method="TestCase_008_TerminalSearch">TestCase_008_TerminalSearch</a> <!-- method navigator-link -->
                      </span>
                      <br/>
                      <span>
                        <img width="3%" src="failed.png"/>
                        <a href="#" class="method navigator-link" panel-name="suite-Suite" title="TestScript.RegressionTest" hash-for-method="TestCase_012_Transactions">TestCase_012_Transactions</a> <!-- method navigator-link -->
                      </span>
                      <br/>
                      <span>
                        <img width="3%" src="failed.png"/>
                        <a href="#" class="method navigator-link" panel-name="suite-Suite" title="TestScript.RegressionTest" hash-for-method="TestCase_014_MonthlyReport">TestCase_014_MonthlyReport</a> <!-- method navigator-link -->
                      </span>
                      <br/>
                      <span>
                        <img width="3%" src="failed.png"/>
                        <a href="#" class="method navigator-link" panel-name="suite-Suite" title="TestScript.RegressionTest" hash-for-method="TestCase_018_TerminalnotApollo">TestCase_018_TerminalnotApollo</a> <!-- method navigator-link -->
                      </span>
                      <br/>
                    </div> <!-- method-list-content failed suite-Suite -->
                  </li>
                  <li>
                    <span class="method-list-title passed">Passed methods</span>
                    <span class="show-or-hide-methods passed">
                      <a href="#" panel-name="suite-Suite" class="hide-methods passed suite-Suite"> (hide)</a> <!-- hide-methods passed suite-Suite -->
                      <a href="#" panel-name="suite-Suite" class="show-methods passed suite-Suite"> (show)</a> <!-- show-methods passed suite-Suite -->
                    </span>
                    <div class="method-list-content passed suite-Suite">
                      <span>
                        <img width="3%" src="passed.png"/>
                        <a href="#" class="method navigator-link" panel-name="suite-Suite" title="TestScript.RegressionTest" hash-for-method="TestCase_001_Click_Shop_menu">TestCase_001_Click_Shop_menu</a> <!-- method navigator-link -->
                      </span>
                      <br/>
                      <span>
                        <img width="3%" src="passed.png"/>
                        <a href="#" class="method navigator-link" panel-name="suite-Suite" title="TestScript.RegressionTest" hash-for-method="TestCase_002_Shop_menu">TestCase_002_Shop_menu</a> <!-- method navigator-link -->
                      </span>
                      <br/>
                      <span>
                        <img width="3%" src="passed.png"/>
                        <a href="#" class="method navigator-link" panel-name="suite-Suite" title="TestScript.RegressionTest" hash-for-method="TestCase_003_Create_Shop_list(0101222222, Mannings, Mong, A111, GHD222, ANM1, Thanks, HK, F-23, Wan Chi, Wai, Account, 547754747, ...)">TestCase_003_Create_Shop_list(0101222222, Mannings, Mong, A111, GHD222, ANM1, Thanks, HK, F-23, Wan Chi, Wai, Account, 547754747, ...)</a> <!-- method navigator-link -->
                      </span>
                      <br/>
                      <span>
                        <img width="3%" src="passed.png"/>
                        <a href="#" class="method navigator-link" panel-name="suite-Suite" title="TestScript.RegressionTest" hash-for-method="TestCase_003_Create_Shop_list(0202333333, Seven11, Kong, A121, GHD333, ANM2, Thanks, HK, F-21, NP, Man, IT, 34636636, a@gmail.com,...)">TestCase_003_Create_Shop_list(0202333333, Seven11, Kong, A121, GHD333, ANM2, Thanks, HK, F-21, NP, Man, IT, 34636636, a@gmail.com,...)</a> <!-- method navigator-link -->
                      </span>
                      <br/>
                      <span>
                        <img width="3%" src="passed.png"/>
                        <a href="#" class="method navigator-link" panel-name="suite-Suite" title="TestScript.RegressionTest" hash-for-method="TestCase_005_shopAdvSearch">TestCase_005_shopAdvSearch</a> <!-- method navigator-link -->
                      </span>
                      <br/>
                      <span>
                        <img width="3%" src="passed.png"/>
                        <a href="#" class="method navigator-link" panel-name="suite-Suite" title="TestScript.RegressionTest" hash-for-method="TestCase_006_shop_Download">TestCase_006_shop_Download</a> <!-- method navigator-link -->
                      </span>
                      <br/>
                      <span>
                        <img width="3%" src="passed.png"/>
                        <a href="#" class="method navigator-link" panel-name="suite-Suite" title="TestScript.RegressionTest" hash-for-method="TestCase_007_Terminal">TestCase_007_Terminal</a> <!-- method navigator-link -->
                      </span>
                      <br/>
                      <span>
                        <img width="3%" src="passed.png"/>
                        <a href="#" class="method navigator-link" panel-name="suite-Suite" title="TestScript.RegressionTest" hash-for-method="TestCase_009_TerminalDownload">TestCase_009_TerminalDownload</a> <!-- method navigator-link -->
                      </span>
                      <br/>
                      <span>
                        <img width="3%" src="passed.png"/>
                        <a href="#" class="method navigator-link" panel-name="suite-Suite" title="TestScript.RegressionTest" hash-for-method="TestCase_010_UserGroupPermission">TestCase_010_UserGroupPermission</a> <!-- method navigator-link -->
                      </span>
                      <br/>
                      <span>
                        <img width="3%" src="passed.png"/>
                        <a href="#" class="method navigator-link" panel-name="suite-Suite" title="TestScript.RegressionTest" hash-for-method="TestCase_011_UserListForSetting">TestCase_011_UserListForSetting</a> <!-- method navigator-link -->
                      </span>
                      <br/>
                      <span>
                        <img width="3%" src="passed.png"/>
                        <a href="#" class="method navigator-link" panel-name="suite-Suite" title="TestScript.RegressionTest" hash-for-method="TestCase_013_TransactionsDownload">TestCase_013_TransactionsDownload</a> <!-- method navigator-link -->
                      </span>
                      <br/>
                      <span>
                        <img width="3%" src="passed.png"/>
                        <a href="#" class="method navigator-link" panel-name="suite-Suite" title="TestScript.RegressionTest" hash-for-method="TestCase_015_DailyReport">TestCase_015_DailyReport</a> <!-- method navigator-link -->
                      </span>
                      <br/>
                      <span>
                        <img width="3%" src="passed.png"/>
                        <a href="#" class="method navigator-link" panel-name="suite-Suite" title="TestScript.RegressionTest" hash-for-method="TestCase_016_ShopGroupDelete">TestCase_016_ShopGroupDelete</a> <!-- method navigator-link -->
                      </span>
                      <br/>
                      <span>
                        <img width="3%" src="passed.png"/>
                        <a href="#" class="method navigator-link" panel-name="suite-Suite" title="TestScript.RegressionTest" hash-for-method="TestCase_017_ShopListDelete">TestCase_017_ShopListDelete</a> <!-- method navigator-link -->
                      </span>
                      <br/>
                    </div> <!-- method-list-content passed suite-Suite -->
                  </li>
                </ul>
              </div> <!-- suite-section-content -->
            </div> <!-- result-section -->
          </div> <!-- navigator-suite-content -->
        </div> <!-- rounded-window -->
      </div> <!-- suite -->
    </div> <!-- navigator-root -->
    <div class="wrapper">
      <div class="main-panel-root">
        <div panel-name="suite-Suite" class="panel Suite">
          <div class="suite-Suite-class-failed">
            <div class="main-panel-header rounded-window-top">
              <img src="failed.png"/>
              <span class="class-name">TestScript.RegressionTest</span>
            </div> <!-- main-panel-header rounded-window-top -->
            <div class="main-panel-content rounded-window-bottom">
              <div class="method">
                <div class="method-content">
                  <a name="TestCase_004_PointSchemeShopList">
                  </a> <!-- TestCase_004_PointSchemeShopList -->
                  <span class="method-name">TestCase_004_PointSchemeShopList</span>
                  <div class="stack-trace">org.openqa.selenium.NoSuchElementException: no such element: Unable to locate element: {&quot;method&quot;:&quot;xpath&quot;,&quot;selector&quot;:&quot;//td[contains(text(),&apos;178&apos;)]&quot;}
  (Session info: chrome=84.0.4147.89)
For documentation on this error, please visit: https://www.seleniumhq.org/exceptions/no_such_element.html
Build info: version: &apos;3.141.59&apos;, revision: &apos;e82be7d358&apos;, time: &apos;2018-11-14T08:17:03&apos;
System info: host: &apos;SPHKRD05&apos;, ip: &apos;10.1.6.189&apos;, os.name: &apos;Windows 10&apos;, os.arch: &apos;amd64&apos;, os.version: &apos;10.0&apos;, java.version: &apos;1.8.0_251&apos;
Driver info: org.openqa.selenium.chrome.ChromeDriver
Capabilities {acceptInsecureCerts: false, browserName: chrome, browserVersion: 84.0.4147.89, chrome: {chromedriverVersion: 83.0.4103.39 (ccbf011cb2d2b..., userDataDir: C:\Users\abhishek.g\AppData...}, goog:chromeOptions: {debuggerAddress: localhost:59672}, javascriptEnabled: true, networkConnectionEnabled: false, pageLoadStrategy: normal, platform: WINDOWS, platformName: WINDOWS, proxy: Proxy(), setWindowRect: true, strictFileInteractability: false, timeouts: {implicit: 0, pageLoad: 300000, script: 30000}, unhandledPromptBehavior: dismiss and notify, webauthn:virtualAuthenticators: true}
Session ID: c9759883d8cbab5d2f1643ff0d4db0a3
*** Element info: {Using=xpath, value=//td[contains(text(),&apos;178&apos;)]}
	at org.openqa.selenium.remote.http.W3CHttpResponseCodec.createException(W3CHttpResponseCodec.java:187)
	at org.openqa.selenium.remote.http.W3CHttpResponseCodec.decode(W3CHttpResponseCodec.java:122)
	at org.openqa.selenium.remote.http.W3CHttpResponseCodec.decode(W3CHttpResponseCodec.java:49)
	at org.openqa.selenium.remote.HttpCommandExecutor.execute(HttpCommandExecutor.java:158)
	at org.openqa.selenium.remote.service.DriverCommandExecutor.execute(DriverCommandExecutor.java:83)
	at org.openqa.selenium.remote.RemoteWebDriver.execute(RemoteWebDriver.java:552)
	at org.openqa.selenium.remote.RemoteWebDriver.findElement(RemoteWebDriver.java:323)
	at org.openqa.selenium.remote.RemoteWebDriver.findElementByXPath(RemoteWebDriver.java:428)
	at org.openqa.selenium.By$ByXPath.findElement(By.java:353)
	at org.openqa.selenium.remote.RemoteWebDriver.findElement(RemoteWebDriver.java:315)
	at DashBoard.MerchanList.UpdatePointScheme(MerchanList.java:333)
	at TestScript.RegressionTest.TestCase_004_PointSchemeShopList(RegressionTest.java:82)
	at java.util.ArrayList.forEach(ArrayList.java:1257)
... Removed 31 stack frames
</div> <!-- stack-trace -->
                </div> <!-- method-content -->
              </div> <!-- method -->
              <div class="method">
                <div class="method-content">
                  <a name="TestCase_008_TerminalSearch">
                  </a> <!-- TestCase_008_TerminalSearch -->
                  <span class="method-name">TestCase_008_TerminalSearch</span>
                  <div class="stack-trace">org.openqa.selenium.ElementClickInterceptedException: element click intercepted: Element &lt;a href=&quot;terminalList.php&quot; class=&quot;mm-listitem__text&quot;&gt;...&lt;/a&gt; is not clickable at point (171, 242). Other element would receive the click: &lt;div id=&quot;jBox1-overlay&quot; class=&quot;jBox-overlay jBox-overlay-Modal&quot; style=&quot;display: block; opacity: 1; z-index: 9999;&quot;&gt;&lt;/div&gt;
  (Session info: chrome=84.0.4147.89)
Build info: version: &apos;3.141.59&apos;, revision: &apos;e82be7d358&apos;, time: &apos;2018-11-14T08:17:03&apos;
System info: host: &apos;SPHKRD05&apos;, ip: &apos;10.1.6.189&apos;, os.name: &apos;Windows 10&apos;, os.arch: &apos;amd64&apos;, os.version: &apos;10.0&apos;, java.version: &apos;1.8.0_251&apos;
Driver info: org.openqa.selenium.chrome.ChromeDriver
Capabilities {acceptInsecureCerts: false, browserName: chrome, browserVersion: 84.0.4147.89, chrome: {chromedriverVersion: 83.0.4103.39 (ccbf011cb2d2b..., userDataDir: C:\Users\abhishek.g\AppData...}, goog:chromeOptions: {debuggerAddress: localhost:59672}, javascriptEnabled: true, networkConnectionEnabled: false, pageLoadStrategy: normal, platform: WINDOWS, platformName: WINDOWS, proxy: Proxy(), setWindowRect: true, strictFileInteractability: false, timeouts: {implicit: 0, pageLoad: 300000, script: 30000}, unhandledPromptBehavior: dismiss and notify, webauthn:virtualAuthenticators: true}
Session ID: c9759883d8cbab5d2f1643ff0d4db0a3
	at org.openqa.selenium.remote.http.W3CHttpResponseCodec.createException(W3CHttpResponseCodec.java:187)
	at org.openqa.selenium.remote.http.W3CHttpResponseCodec.decode(W3CHttpResponseCodec.java:122)
	at org.openqa.selenium.remote.http.W3CHttpResponseCodec.decode(W3CHttpResponseCodec.java:49)
	at org.openqa.selenium.remote.HttpCommandExecutor.execute(HttpCommandExecutor.java:158)
	at org.openqa.selenium.remote.service.DriverCommandExecutor.execute(DriverCommandExecutor.java:83)
	at org.openqa.selenium.remote.RemoteWebDriver.execute(RemoteWebDriver.java:552)
	at org.openqa.selenium.remote.RemoteWebElement.execute(RemoteWebElement.java:285)
	at org.openqa.selenium.remote.RemoteWebElement.click(RemoteWebElement.java:84)
	at DashBoard.Terminal.TerminalAdvancedSearch(Terminal.java:137)
	at TestScript.RegressionTest.TestCase_008_TerminalSearch(RegressionTest.java:116)
	at java.util.ArrayList.forEach(ArrayList.java:1257)
... Removed 31 stack frames
</div> <!-- stack-trace -->
                </div> <!-- method-content -->
              </div> <!-- method -->
              <div class="method">
                <div class="method-content">
                  <a name="TestCase_012_Transactions">
                  </a> <!-- TestCase_012_Transactions -->
                  <span class="method-name">TestCase_012_Transactions</span>
                  <div class="stack-trace">org.openqa.selenium.ElementClickInterceptedException: element click intercepted: Element &lt;div class=&quot;btn btn-light disabled&quot; id=&quot;advSearchBtn&quot;&gt;...&lt;/div&gt; is not clickable at point (1807, 82). Other element would receive the click: &lt;div class=&quot;loadingModal&quot;&gt;...&lt;/div&gt;
  (Session info: chrome=84.0.4147.89)
Build info: version: &apos;3.141.59&apos;, revision: &apos;e82be7d358&apos;, time: &apos;2018-11-14T08:17:03&apos;
System info: host: &apos;SPHKRD05&apos;, ip: &apos;10.1.6.189&apos;, os.name: &apos;Windows 10&apos;, os.arch: &apos;amd64&apos;, os.version: &apos;10.0&apos;, java.version: &apos;1.8.0_251&apos;
Driver info: org.openqa.selenium.chrome.ChromeDriver
Capabilities {acceptInsecureCerts: false, browserName: chrome, browserVersion: 84.0.4147.89, chrome: {chromedriverVersion: 83.0.4103.39 (ccbf011cb2d2b..., userDataDir: C:\Users\abhishek.g\AppData...}, goog:chromeOptions: {debuggerAddress: localhost:59672}, javascriptEnabled: true, networkConnectionEnabled: false, pageLoadStrategy: normal, platform: WINDOWS, platformName: WINDOWS, proxy: Proxy(), setWindowRect: true, strictFileInteractability: false, timeouts: {implicit: 0, pageLoad: 300000, script: 30000}, unhandledPromptBehavior: dismiss and notify, webauthn:virtualAuthenticators: true}
Session ID: c9759883d8cbab5d2f1643ff0d4db0a3
	at org.openqa.selenium.remote.http.W3CHttpResponseCodec.createException(W3CHttpResponseCodec.java:187)
	at org.openqa.selenium.remote.http.W3CHttpResponseCodec.decode(W3CHttpResponseCodec.java:122)
	at org.openqa.selenium.remote.http.W3CHttpResponseCodec.decode(W3CHttpResponseCodec.java:49)
	at org.openqa.selenium.remote.HttpCommandExecutor.execute(HttpCommandExecutor.java:158)
	at org.openqa.selenium.remote.service.DriverCommandExecutor.execute(DriverCommandExecutor.java:83)
	at org.openqa.selenium.remote.RemoteWebDriver.execute(RemoteWebDriver.java:552)
	at org.openqa.selenium.remote.RemoteWebElement.execute(RemoteWebElement.java:285)
	at org.openqa.selenium.remote.RemoteWebElement.click(RemoteWebElement.java:84)
	at DashBoard.Transactions.Advancedsearchtransactions(Transactions.java:31)
	at TestScript.RegressionTest.TestCase_012_Transactions(RegressionTest.java:151)
	at java.util.ArrayList.forEach(ArrayList.java:1257)
... Removed 31 stack frames
</div> <!-- stack-trace -->
                </div> <!-- method-content -->
              </div> <!-- method -->
              <div class="method">
                <div class="method-content">
                  <a name="TestCase_014_MonthlyReport">
                  </a> <!-- TestCase_014_MonthlyReport -->
                  <span class="method-name">TestCase_014_MonthlyReport</span>
                  <div class="stack-trace">org.openqa.selenium.UnhandledAlertException: unexpected alert open: {Alert text : No columns data return!}
  (Session info: chrome=84.0.4147.89): No columns data return!
Build info: version: &apos;3.141.59&apos;, revision: &apos;e82be7d358&apos;, time: &apos;2018-11-14T08:17:03&apos;
System info: host: &apos;SPHKRD05&apos;, ip: &apos;10.1.6.189&apos;, os.name: &apos;Windows 10&apos;, os.arch: &apos;amd64&apos;, os.version: &apos;10.0&apos;, java.version: &apos;1.8.0_251&apos;
Driver info: org.openqa.selenium.chrome.ChromeDriver
Capabilities {acceptInsecureCerts: false, browserName: chrome, browserVersion: 84.0.4147.89, chrome: {chromedriverVersion: 83.0.4103.39 (ccbf011cb2d2b..., userDataDir: C:\Users\abhishek.g\AppData...}, goog:chromeOptions: {debuggerAddress: localhost:59672}, javascriptEnabled: true, networkConnectionEnabled: false, pageLoadStrategy: normal, platform: WINDOWS, platformName: WINDOWS, proxy: Proxy(), setWindowRect: true, strictFileInteractability: false, timeouts: {implicit: 0, pageLoad: 300000, script: 30000}, unhandledPromptBehavior: dismiss and notify, webauthn:virtualAuthenticators: true}
Session ID: c9759883d8cbab5d2f1643ff0d4db0a3
	at org.openqa.selenium.remote.http.W3CHttpResponseCodec.decode(W3CHttpResponseCodec.java:120)
	at org.openqa.selenium.remote.http.W3CHttpResponseCodec.decode(W3CHttpResponseCodec.java:49)
	at org.openqa.selenium.remote.HttpCommandExecutor.execute(HttpCommandExecutor.java:158)
	at org.openqa.selenium.remote.service.DriverCommandExecutor.execute(DriverCommandExecutor.java:83)
	at org.openqa.selenium.remote.RemoteWebDriver.execute(RemoteWebDriver.java:552)
	at org.openqa.selenium.remote.RemoteWebDriver.execute(RemoteWebDriver.java:609)
	at org.openqa.selenium.remote.RemoteWebDriver.getScreenshotAs(RemoteWebDriver.java:295)
	at Util.ExtentTestListner.getScreenShot(ExtentTestListner.java:79)
	at Util.ExtentTestListner.onTestFailure(ExtentTestListner.java:54)
	at java.util.ArrayList.forEach(ArrayList.java:1257)
... Removed 24 stack frames
</div> <!-- stack-trace -->
                </div> <!-- method-content -->
              </div> <!-- method -->
              <div class="method">
                <div class="method-content">
                  <a name="TestCase_018_TerminalnotApollo">
                  </a> <!-- TestCase_018_TerminalnotApollo -->
                  <span class="method-name">TestCase_018_TerminalnotApollo</span>
                  <div class="stack-trace">org.openqa.selenium.NoSuchElementException: Cannot locate element with text: ert
For documentation on this error, please visit: https://www.seleniumhq.org/exceptions/no_such_element.html
Build info: version: &apos;3.141.59&apos;, revision: &apos;e82be7d358&apos;, time: &apos;2018-11-14T08:17:03&apos;
System info: host: &apos;SPHKRD05&apos;, ip: &apos;10.1.6.189&apos;, os.name: &apos;Windows 10&apos;, os.arch: &apos;amd64&apos;, os.version: &apos;10.0&apos;, java.version: &apos;1.8.0_251&apos;
Driver info: driver.version: unknown
	at org.openqa.selenium.support.ui.Select.selectByVisibleText(Select.java:147)
	at DashBoard.Terminal.createterminalnotapollo(Terminal.java:90)
	at TestScript.RegressionTest.TestCase_018_TerminalnotApollo(RegressionTest.java:212)
	at java.util.ArrayList.forEach(ArrayList.java:1257)
... Removed 27 stack frames
</div> <!-- stack-trace -->
                </div> <!-- method-content -->
              </div> <!-- method -->
            </div> <!-- main-panel-content rounded-window-bottom -->
          </div> <!-- suite-Suite-class-failed -->
          <div class="suite-Suite-class-passed">
            <div class="main-panel-header rounded-window-top">
              <img src="passed.png"/>
              <span class="class-name">TestScript.RegressionTest</span>
            </div> <!-- main-panel-header rounded-window-top -->
            <div class="main-panel-content rounded-window-bottom">
              <div class="method">
                <div class="method-content">
                  <a name="TestCase_001_Click_Shop_menu">
                  </a> <!-- TestCase_001_Click_Shop_menu -->
                  <span class="method-name">TestCase_001_Click_Shop_menu</span>
                </div> <!-- method-content -->
              </div> <!-- method -->
              <div class="method">
                <div class="method-content">
                  <a name="TestCase_002_Shop_menu">
                  </a> <!-- TestCase_002_Shop_menu -->
                  <span class="method-name">TestCase_002_Shop_menu</span>
                </div> <!-- method-content -->
              </div> <!-- method -->
              <div class="method">
                <div class="method-content">
                  <a name="TestCase_003_Create_Shop_list(0101222222, Mannings, Mong, A111, GHD222, ANM1, Thanks, HK, F-23, Wan Chi, Wai, Account, 547754747, ...)">
                  </a> <!-- TestCase_003_Create_Shop_list(0101222222, Mannings, Mong, A111, GHD222, ANM1, Thanks, HK, F-23, Wan Chi, Wai, Account, 547754747, ...) -->
                  <span class="method-name">TestCase_003_Create_Shop_list</span>
                  <span class="parameters">(0101222222, Mannings, Mong, A111, GHD222, ANM1, Thanks, HK, F-23, Wan Chi, Wai, Account, 547754747, a@gmail.com, G1, 3, 2, 2, ABC, 1, 1, thanks for Shopping, Thanks, Sale, Good Day, One, No)</span>
                </div> <!-- method-content -->
              </div> <!-- method -->
              <div class="method">
                <div class="method-content">
                  <a name="TestCase_003_Create_Shop_list(0202333333, Seven11, Kong, A121, GHD333, ANM2, Thanks, HK, F-21, NP, Man, IT, 34636636, a@gmail.com,...)">
                  </a> <!-- TestCase_003_Create_Shop_list(0202333333, Seven11, Kong, A121, GHD333, ANM2, Thanks, HK, F-21, NP, Man, IT, 34636636, a@gmail.com,...) -->
                  <span class="method-name">TestCase_003_Create_Shop_list</span>
                  <span class="parameters">(0202333333, Seven11, Kong, A121, GHD333, ANM2, Thanks, HK, F-21, NP, Man, IT, 34636636, a@gmail.com, G2, 4, 5, 4, DEF, 3, 3, Welcome Back, Thanks, Sale, Good Day, Two, Yes)</span>
                </div> <!-- method-content -->
              </div> <!-- method -->
              <div class="method">
                <div class="method-content">
                  <a name="TestCase_005_shopAdvSearch">
                  </a> <!-- TestCase_005_shopAdvSearch -->
                  <span class="method-name">TestCase_005_shopAdvSearch</span>
                </div> <!-- method-content -->
              </div> <!-- method -->
              <div class="method">
                <div class="method-content">
                  <a name="TestCase_006_shop_Download">
                  </a> <!-- TestCase_006_shop_Download -->
                  <span class="method-name">TestCase_006_shop_Download</span>
                </div> <!-- method-content -->
              </div> <!-- method -->
              <div class="method">
                <div class="method-content">
                  <a name="TestCase_007_Terminal">
                  </a> <!-- TestCase_007_Terminal -->
                  <span class="method-name">TestCase_007_Terminal</span>
                </div> <!-- method-content -->
              </div> <!-- method -->
              <div class="method">
                <div class="method-content">
                  <a name="TestCase_009_TerminalDownload">
                  </a> <!-- TestCase_009_TerminalDownload -->
                  <span class="method-name">TestCase_009_TerminalDownload</span>
                </div> <!-- method-content -->
              </div> <!-- method -->
              <div class="method">
                <div class="method-content">
                  <a name="TestCase_010_UserGroupPermission">
                  </a> <!-- TestCase_010_UserGroupPermission -->
                  <span class="method-name">TestCase_010_UserGroupPermission</span>
                </div> <!-- method-content -->
              </div> <!-- method -->
              <div class="method">
                <div class="method-content">
                  <a name="TestCase_011_UserListForSetting">
                  </a> <!-- TestCase_011_UserListForSetting -->
                  <span class="method-name">TestCase_011_UserListForSetting</span>
                </div> <!-- method-content -->
              </div> <!-- method -->
              <div class="method">
                <div class="method-content">
                  <a name="TestCase_013_TransactionsDownload">
                  </a> <!-- TestCase_013_TransactionsDownload -->
                  <span class="method-name">TestCase_013_TransactionsDownload</span>
                </div> <!-- method-content -->
              </div> <!-- method -->
              <div class="method">
                <div class="method-content">
                  <a name="TestCase_015_DailyReport">
                  </a> <!-- TestCase_015_DailyReport -->
                  <span class="method-name">TestCase_015_DailyReport</span>
                </div> <!-- method-content -->
              </div> <!-- method -->
              <div class="method">
                <div class="method-content">
                  <a name="TestCase_016_ShopGroupDelete">
                  </a> <!-- TestCase_016_ShopGroupDelete -->
                  <span class="method-name">TestCase_016_ShopGroupDelete</span>
                </div> <!-- method-content -->
              </div> <!-- method -->
              <div class="method">
                <div class="method-content">
                  <a name="TestCase_017_ShopListDelete">
                  </a> <!-- TestCase_017_ShopListDelete -->
                  <span class="method-name">TestCase_017_ShopListDelete</span>
                </div> <!-- method-content -->
              </div> <!-- method -->
            </div> <!-- main-panel-content rounded-window-bottom -->
          </div> <!-- suite-Suite-class-passed -->
        </div> <!-- panel Suite -->
        <div panel-name="test-xml-Suite" class="panel">
          <div class="main-panel-header rounded-window-top">
            <span class="header-content">C:\Users\abhishek.g\eclipse-workspace\VIPSystemSCLAutomation\testng.xml</span>
          </div> <!-- main-panel-header rounded-window-top -->
          <div class="main-panel-content rounded-window-bottom">
            <pre>
&lt;?xml version=&quot;1.0&quot; encoding=&quot;UTF-8&quot;?&gt;
&lt;!DOCTYPE suite SYSTEM &quot;https://testng.org/testng-1.0.dtd&quot;&gt;
&lt;suite guice-stage=&quot;DEVELOPMENT&quot; name=&quot;Suite&quot;&gt;
  &lt;test thread-count=&quot;5&quot; name=&quot;Test&quot;&gt;
    &lt;parameter name=&quot;BrowserName&quot; value=&quot;chrome&quot;/&gt;
    &lt;classes&gt;
      &lt;class name=&quot;TestScript.RegressionTest&quot;/&gt;
    &lt;/classes&gt;
  &lt;/test&gt; &lt;!-- Test --&gt;
&lt;/suite&gt; &lt;!-- Suite --&gt;
            </pre>
          </div> <!-- main-panel-content rounded-window-bottom -->
        </div> <!-- panel -->
        <div panel-name="testlist-Suite" class="panel">
          <div class="main-panel-header rounded-window-top">
            <span class="header-content">Tests for Suite</span>
          </div> <!-- main-panel-header rounded-window-top -->
          <div class="main-panel-content rounded-window-bottom">
            <ul>
              <li>
                <span class="test-name">Test (1 class)</span>
              </li>
            </ul>
          </div> <!-- main-panel-content rounded-window-bottom -->
        </div> <!-- panel -->
        <div panel-name="group-Suite" class="panel">
          <div class="main-panel-header rounded-window-top">
            <span class="header-content">Groups for Suite</span>
          </div> <!-- main-panel-header rounded-window-top -->
          <div class="main-panel-content rounded-window-bottom">
          </div> <!-- main-panel-content rounded-window-bottom -->
        </div> <!-- panel -->
        <div panel-name="times-Suite" class="panel">
          <div class="main-panel-header rounded-window-top">
            <span class="header-content">Times for Suite</span>
          </div> <!-- main-panel-header rounded-window-top -->
          <div class="main-panel-content rounded-window-bottom">
            <div class="times-div">
              <script type="text/javascript">
suiteTableInitFunctions.push('tableData_Suite');
function tableData_Suite() {
var data = new google.visualization.DataTable();
data.addColumn('number', 'Number');
data.addColumn('string', 'Method');
data.addColumn('string', 'Class');
data.addColumn('number', 'Time (ms)');
data.addRows(19);
data.setCell(0, 0, 0)
data.setCell(0, 1, 'TestCase_003_Create_Shop_list')
data.setCell(0, 2, 'TestScript.RegressionTest')
data.setCell(0, 3, 92184);
data.setCell(1, 0, 1)
data.setCell(1, 1, 'TestCase_003_Create_Shop_list')
data.setCell(1, 2, 'TestScript.RegressionTest')
data.setCell(1, 3, 91809);
data.setCell(2, 0, 2)
data.setCell(2, 1, 'TestCase_004_PointSchemeShopList')
data.setCell(2, 2, 'TestScript.RegressionTest')
data.setCell(2, 3, 84708);
data.setCell(3, 0, 3)
data.setCell(3, 1, 'TestCase_011_UserListForSetting')
data.setCell(3, 2, 'TestScript.RegressionTest')
data.setCell(3, 3, 61385);
data.setCell(4, 0, 4)
data.setCell(4, 1, 'TestCase_018_TerminalnotApollo')
data.setCell(4, 2, 'TestScript.RegressionTest')
data.setCell(4, 3, 48112);
data.setCell(5, 0, 5)
data.setCell(5, 1, 'TestCase_017_ShopListDelete')
data.setCell(5, 2, 'TestScript.RegressionTest')
data.setCell(5, 3, 46254);
data.setCell(6, 0, 6)
data.setCell(6, 1, 'TestCase_010_UserGroupPermission')
data.setCell(6, 2, 'TestScript.RegressionTest')
data.setCell(6, 3, 42951);
data.setCell(7, 0, 7)
data.setCell(7, 1, 'TestCase_001_Click_Shop_menu')
data.setCell(7, 2, 'TestScript.RegressionTest')
data.setCell(7, 3, 40009);
data.setCell(8, 0, 8)
data.setCell(8, 1, 'TestCase_015_DailyReport')
data.setCell(8, 2, 'TestScript.RegressionTest')
data.setCell(8, 3, 30509);
data.setCell(9, 0, 9)
data.setCell(9, 1, 'TestCase_005_shopAdvSearch')
data.setCell(9, 2, 'TestScript.RegressionTest')
data.setCell(9, 3, 30457);
data.setCell(10, 0, 10)
data.setCell(10, 1, 'TestCase_014_MonthlyReport')
data.setCell(10, 2, 'TestScript.RegressionTest')
data.setCell(10, 3, 26778);
data.setCell(11, 0, 11)
data.setCell(11, 1, 'TestCase_016_ShopGroupDelete')
data.setCell(11, 2, 'TestScript.RegressionTest')
data.setCell(11, 3, 21894);
data.setCell(12, 0, 12)
data.setCell(12, 1, 'TestCase_007_Terminal')
data.setCell(12, 2, 'TestScript.RegressionTest')
data.setCell(12, 3, 21615);
data.setCell(13, 0, 13)
data.setCell(13, 1, 'TestCase_002_Shop_menu')
data.setCell(13, 2, 'TestScript.RegressionTest')
data.setCell(13, 3, 19234);
data.setCell(14, 0, 14)
data.setCell(14, 1, 'TestCase_013_TransactionsDownload')
data.setCell(14, 2, 'TestScript.RegressionTest')
data.setCell(14, 3, 14353);
data.setCell(15, 0, 15)
data.setCell(15, 1, 'TestCase_009_TerminalDownload')
data.setCell(15, 2, 'TestScript.RegressionTest')
data.setCell(15, 3, 13691);
data.setCell(16, 0, 16)
data.setCell(16, 1, 'TestCase_006_shop_Download')
data.setCell(16, 2, 'TestScript.RegressionTest')
data.setCell(16, 3, 13608);
data.setCell(17, 0, 17)
data.setCell(17, 1, 'TestCase_012_Transactions')
data.setCell(17, 2, 'TestScript.RegressionTest')
data.setCell(17, 3, 3451);
data.setCell(18, 0, 18)
data.setCell(18, 1, 'TestCase_008_TerminalSearch')
data.setCell(18, 2, 'TestScript.RegressionTest')
data.setCell(18, 3, 1088);
window.suiteTableData['Suite']= { tableData: data, tableDiv: 'times-div-Suite'}
return data;
}
              </script>
              <span class="suite-total-time">Total running time: 11 minutes</span>
              <div id="times-div-Suite">
              </div> <!-- times-div-Suite -->
            </div> <!-- times-div -->
          </div> <!-- main-panel-content rounded-window-bottom -->
        </div> <!-- panel -->
        <div panel-name="reporter-Suite" class="panel">
          <div class="main-panel-header rounded-window-top">
            <span class="header-content">Reporter output for Suite</span>
          </div> <!-- main-panel-header rounded-window-top -->
          <div class="main-panel-content rounded-window-bottom">
          </div> <!-- main-panel-content rounded-window-bottom -->
        </div> <!-- panel -->
        <div panel-name="ignored-methods-Suite" class="panel">
          <div class="main-panel-header rounded-window-top">
            <span class="header-content">0 ignored methods</span>
          </div> <!-- main-panel-header rounded-window-top -->
          <div class="main-panel-content rounded-window-bottom">
          </div> <!-- main-panel-content rounded-window-bottom -->
        </div> <!-- panel -->
        <div panel-name="chronological-Suite" class="panel">
          <div class="main-panel-header rounded-window-top">
            <span class="header-content">Methods in chronological order</span>
          </div> <!-- main-panel-header rounded-window-top -->
          <div class="main-panel-content rounded-window-bottom">
            <div class="chronological-class">
              <div class="chronological-class-name">TestScript.RegressionTest</div> <!-- chronological-class-name -->
              <div class="configuration-class before">
                <span class="method-name">BaseCar(chrome)</span>
                <span class="method-start">0 ms</span>
              </div> <!-- configuration-class before -->
              <div class="test-method">
                <span class="method-name">TestCase_001_Click_Shop_menu</span>
                <span class="method-start">6995 ms</span>
              </div> <!-- test-method -->
              <div class="test-method">
                <span class="method-name">TestCase_002_Shop_menu</span>
                <span class="method-start">47010 ms</span>
              </div> <!-- test-method -->
              <div class="test-method">
                <span class="method-name">TestCase_003_Create_Shop_list(0101222222, Mannings, Mong, A111, GHD222, ANM1, Thanks, HK, F-23, Wan Chi, Wai, Account, 547754747, ...)</span>
                <span class="method-start">67081 ms</span>
              </div> <!-- test-method -->
              <div class="test-method">
                <span class="method-name">TestCase_003_Create_Shop_list(0202333333, Seven11, Kong, A121, GHD333, ANM2, Thanks, HK, F-21, NP, Man, IT, 34636636, a@gmail.com,...)</span>
                <span class="method-start">159266 ms</span>
              </div> <!-- test-method -->
              <div class="test-method">
                <img src="failed.png">
                </img>
                <span class="method-name">TestCase_004_PointSchemeShopList</span>
                <span class="method-start">251078 ms</span>
              </div> <!-- test-method -->
              <div class="test-method">
                <span class="method-name">TestCase_005_shopAdvSearch</span>
                <span class="method-start">336608 ms</span>
              </div> <!-- test-method -->
              <div class="test-method">
                <span class="method-name">TestCase_006_shop_Download</span>
                <span class="method-start">367066 ms</span>
              </div> <!-- test-method -->
              <div class="test-method">
                <span class="method-name">TestCase_007_Terminal</span>
                <span class="method-start">380675 ms</span>
              </div> <!-- test-method -->
              <div class="test-method">
                <img src="failed.png">
                </img>
                <span class="method-name">TestCase_008_TerminalSearch</span>
                <span class="method-start">402293 ms</span>
              </div> <!-- test-method -->
              <div class="test-method">
                <span class="method-name">TestCase_009_TerminalDownload</span>
                <span class="method-start">403736 ms</span>
              </div> <!-- test-method -->
              <div class="test-method">
                <span class="method-name">TestCase_010_UserGroupPermission</span>
                <span class="method-start">417430 ms</span>
              </div> <!-- test-method -->
              <div class="test-method">
                <span class="method-name">TestCase_011_UserListForSetting</span>
                <span class="method-start">460382 ms</span>
              </div> <!-- test-method -->
              <div class="test-method">
                <img src="failed.png">
                </img>
                <span class="method-name">TestCase_012_Transactions</span>
                <span class="method-start">521768 ms</span>
              </div> <!-- test-method -->
              <div class="test-method">
                <span class="method-name">TestCase_013_TransactionsDownload</span>
                <span class="method-start">525555 ms</span>
              </div> <!-- test-method -->
              <div class="test-method">
                <img src="failed.png">
                </img>
                <span class="method-name">TestCase_014_MonthlyReport</span>
                <span class="method-start">539909 ms</span>
              </div> <!-- test-method -->
              <div class="test-method">
                <span class="method-name">TestCase_015_DailyReport</span>
                <span class="method-start">567049 ms</span>
              </div> <!-- test-method -->
              <div class="test-method">
                <span class="method-name">TestCase_016_ShopGroupDelete</span>
                <span class="method-start">597559 ms</span>
              </div> <!-- test-method -->
              <div class="test-method">
                <span class="method-name">TestCase_017_ShopListDelete</span>
                <span class="method-start">619454 ms</span>
              </div> <!-- test-method -->
              <div class="test-method">
                <img src="failed.png">
                </img>
                <span class="method-name">TestCase_018_TerminalnotApollo</span>
                <span class="method-start">665709 ms</span>
              </div> <!-- test-method -->
              <div class="configuration-class after">
                <span class="method-name">teardown</span>
                <span class="method-start">714154 ms</span>
              </div> <!-- configuration-class after -->
          </div> <!-- main-panel-content rounded-window-bottom -->
        </div> <!-- panel -->
      </div> <!-- main-panel-root -->
    </div> <!-- wrapper -->
  </body>
<script type="text/javascript" src="testng-reports2.js"></script>
</html>
