<?xml version="1.0" encoding="UTF-8"?>
<testng-results skipped="0" failed="5" ignored="0" total="19" passed="14">
  <reporter-output>
  </reporter-output>
  <suite name="Suite" duration-ms="714327" started-at="2020-07-23T17:31:21 CST" finished-at="2020-07-23T17:43:15 CST">
    <groups>
    </groups>
    <test name="Test" duration-ms="714327" started-at="2020-07-23T17:31:21 CST" finished-at="2020-07-23T17:43:15 CST">
      <class name="TestScript.RegressionTest">
        <test-method status="PASS" signature="BaseCar(java.lang.String)[pri:0, instance:TestScript.RegressionTest@2638011]" name="BaseCar" is-config="true" duration-ms="6978" started-at="2020-07-23T17:31:21 CST" finished-at="2020-07-23T17:31:28 CST">
          <params>
            <param index="0">
              <value>
                <![CDATA[chrome]]>
              </value>
            </param>
          </params>
          <reporter-output>
          </reporter-output>
        </test-method> <!-- BaseCar -->
        <test-method status="PASS" signature="TestCase_001_Click_Shop_menu()[pri:1, instance:TestScript.RegressionTest@2638011]" name="TestCase_001_Click_Shop_menu" duration-ms="40009" started-at="2020-07-23T17:31:28 CST" finished-at="2020-07-23T17:32:08 CST">
          <reporter-output>
          </reporter-output>
        </test-method> <!-- TestCase_001_Click_Shop_menu -->
        <test-method status="PASS" signature="TestCase_002_Shop_menu()[pri:2, instance:TestScript.RegressionTest@2638011]" name="TestCase_002_Shop_menu" duration-ms="19234" started-at="2020-07-23T17:32:08 CST" finished-at="2020-07-23T17:32:27 CST">
          <reporter-output>
          </reporter-output>
        </test-method> <!-- TestCase_002_Shop_menu -->
        <test-method status="PASS" signature="TestCase_003_Create_Shop_list(java.lang.String, java.lang.String, java.lang.String, java.lang.String, java.lang.String, java.lang.String, java.lang.String, java.lang.String, java.lang.String, java.lang.String, java.lang.String, java.lang.String, java.lang.String, java.lang.String, java.lang.String, java.lang.String, java.lang.String, java.lang.String, java.lang.String, java.lang.String, java.lang.String, java.lang.String, java.lang.String, java.lang.String, java.lang.String, java.lang.String, java.lang.String)[pri:3, instance:TestScript.RegressionTest@2638011]" name="TestCase_003_Create_Shop_list" duration-ms="92184" started-at="2020-07-23T17:32:28 CST" data-provider="getContactsTestData" finished-at="2020-07-23T17:34:00 CST">
          <params>
            <param index="0">
              <value>
                <![CDATA[0101222222]]>
              </value>
            </param>
            <param index="1">
              <value>
                <![CDATA[Mannings]]>
              </value>
            </param>
            <param index="2">
              <value>
                <![CDATA[Mong]]>
              </value>
            </param>
            <param index="3">
              <value>
                <![CDATA[A111]]>
              </value>
            </param>
            <param index="4">
              <value>
                <![CDATA[GHD222]]>
              </value>
            </param>
            <param index="5">
              <value>
                <![CDATA[ANM1]]>
              </value>
            </param>
            <param index="6">
              <value>
                <![CDATA[Thanks]]>
              </value>
            </param>
            <param index="7">
              <value>
                <![CDATA[HK]]>
              </value>
            </param>
            <param index="8">
              <value>
                <![CDATA[F-23]]>
              </value>
            </param>
            <param index="9">
              <value>
                <![CDATA[Wan Chi]]>
              </value>
            </param>
            <param index="10">
              <value>
                <![CDATA[Wai]]>
              </value>
            </param>
            <param index="11">
              <value>
                <![CDATA[Account]]>
              </value>
            </param>
            <param index="12">
              <value>
                <![CDATA[547754747]]>
              </value>
            </param>
            <param index="13">
              <value>
                <![CDATA[a@gmail.com]]>
              </value>
            </param>
            <param index="14">
              <value>
                <![CDATA[G1]]>
              </value>
            </param>
            <param index="15">
              <value>
                <![CDATA[3]]>
              </value>
            </param>
            <param index="16">
              <value>
                <![CDATA[2]]>
              </value>
            </param>
            <param index="17">
              <value>
                <![CDATA[2]]>
              </value>
            </param>
            <param index="18">
              <value>
                <![CDATA[ABC]]>
              </value>
            </param>
            <param index="19">
              <value>
                <![CDATA[1]]>
              </value>
            </param>
            <param index="20">
              <value>
                <![CDATA[1]]>
              </value>
            </param>
            <param index="21">
              <value>
                <![CDATA[thanks for Shopping]]>
              </value>
            </param>
            <param index="22">
              <value>
                <![CDATA[Thanks]]>
              </value>
            </param>
            <param index="23">
              <value>
                <![CDATA[Sale]]>
              </value>
            </param>
            <param index="24">
              <value>
                <![CDATA[Good Day]]>
              </value>
            </param>
            <param index="25">
              <value>
                <![CDATA[One]]>
              </value>
            </param>
            <param index="26">
              <value>
                <![CDATA[No]]>
              </value>
            </param>
          </params>
          <reporter-output>
          </reporter-output>
        </test-method> <!-- TestCase_003_Create_Shop_list -->
        <test-method status="PASS" signature="TestCase_003_Create_Shop_list(java.lang.String, java.lang.String, java.lang.String, java.lang.String, java.lang.String, java.lang.String, java.lang.String, java.lang.String, java.lang.String, java.lang.String, java.lang.String, java.lang.String, java.lang.String, java.lang.String, java.lang.String, java.lang.String, java.lang.String, java.lang.String, java.lang.String, java.lang.String, java.lang.String, java.lang.String, java.lang.String, java.lang.String, java.lang.String, java.lang.String, java.lang.String)[pri:3, instance:TestScript.RegressionTest@2638011]" name="TestCase_003_Create_Shop_list" duration-ms="91809" started-at="2020-07-23T17:34:00 CST" data-provider="getContactsTestData" finished-at="2020-07-23T17:35:32 CST">
          <params>
            <param index="0">
              <value>
                <![CDATA[0202333333]]>
              </value>
            </param>
            <param index="1">
              <value>
                <![CDATA[Seven11]]>
              </value>
            </param>
            <param index="2">
              <value>
                <![CDATA[Kong]]>
              </value>
            </param>
            <param index="3">
              <value>
                <![CDATA[A121]]>
              </value>
            </param>
            <param index="4">
              <value>
                <![CDATA[GHD333]]>
              </value>
            </param>
            <param index="5">
              <value>
                <![CDATA[ANM2]]>
              </value>
            </param>
            <param index="6">
              <value>
                <![CDATA[Thanks]]>
              </value>
            </param>
            <param index="7">
              <value>
                <![CDATA[HK]]>
              </value>
            </param>
            <param index="8">
              <value>
                <![CDATA[F-21]]>
              </value>
            </param>
            <param index="9">
              <value>
                <![CDATA[NP]]>
              </value>
            </param>
            <param index="10">
              <value>
                <![CDATA[Man]]>
              </value>
            </param>
            <param index="11">
              <value>
                <![CDATA[IT]]>
              </value>
            </param>
            <param index="12">
              <value>
                <![CDATA[34636636]]>
              </value>
            </param>
            <param index="13">
              <value>
                <![CDATA[a@gmail.com]]>
              </value>
            </param>
            <param index="14">
              <value>
                <![CDATA[G2]]>
              </value>
            </param>
            <param index="15">
              <value>
                <![CDATA[4]]>
              </value>
            </param>
            <param index="16">
              <value>
                <![CDATA[5]]>
              </value>
            </param>
            <param index="17">
              <value>
                <![CDATA[4]]>
              </value>
            </param>
            <param index="18">
              <value>
                <![CDATA[DEF]]>
              </value>
            </param>
            <param index="19">
              <value>
                <![CDATA[3]]>
              </value>
            </param>
            <param index="20">
              <value>
                <![CDATA[3]]>
              </value>
            </param>
            <param index="21">
              <value>
                <![CDATA[Welcome Back]]>
              </value>
            </param>
            <param index="22">
              <value>
                <![CDATA[Thanks]]>
              </value>
            </param>
            <param index="23">
              <value>
                <![CDATA[Sale]]>
              </value>
            </param>
            <param index="24">
              <value>
                <![CDATA[Good Day]]>
              </value>
            </param>
            <param index="25">
              <value>
                <![CDATA[Two]]>
              </value>
            </param>
            <param index="26">
              <value>
                <![CDATA[Yes]]>
              </value>
            </param>
          </params>
          <reporter-output>
          </reporter-output>
        </test-method> <!-- TestCase_003_Create_Shop_list -->
        <test-method status="FAIL" signature="TestCase_004_PointSchemeShopList()[pri:4, instance:TestScript.RegressionTest@2638011]" name="TestCase_004_PointSchemeShopList" duration-ms="84708" started-at="2020-07-23T17:35:32 CST" finished-at="2020-07-23T17:36:57 CST">
          <exception class="org.openqa.selenium.NoSuchElementException">
            <message>
              <![CDATA[no such element: Unable to locate element: {"method":"xpath","selector":"//td[contains(text(),'178')]"}
  (Session info: chrome=84.0.4147.89)
For documentation on this error, please visit: https://www.seleniumhq.org/exceptions/no_such_element.html
Build info: version: '3.141.59', revision: 'e82be7d358', time: '2018-11-14T08:17:03'
System info: host: 'SPHKRD05', ip: '10.1.6.189', os.name: 'Windows 10', os.arch: 'amd64', os.version: '10.0', java.version: '1.8.0_251'
Driver info: org.openqa.selenium.chrome.ChromeDriver
Capabilities {acceptInsecureCerts: false, browserName: chrome, browserVersion: 84.0.4147.89, chrome: {chromedriverVersion: 83.0.4103.39 (ccbf011cb2d2b..., userDataDir: C:\Users\abhishek.g\AppData...}, goog:chromeOptions: {debuggerAddress: localhost:59672}, javascriptEnabled: true, networkConnectionEnabled: false, pageLoadStrategy: normal, platform: WINDOWS, platformName: WINDOWS, proxy: Proxy(), setWindowRect: true, strictFileInteractability: false, timeouts: {implicit: 0, pageLoad: 300000, script: 30000}, unhandledPromptBehavior: dismiss and notify, webauthn:virtualAuthenticators: true}
Session ID: c9759883d8cbab5d2f1643ff0d4db0a3
*** Element info: {Using=xpath, value=//td[contains(text(),'178')]}]]>
            </message>
            <full-stacktrace>
              <![CDATA[org.openqa.selenium.NoSuchElementException: no such element: Unable to locate element: {"method":"xpath","selector":"//td[contains(text(),'178')]"}
  (Session info: chrome=84.0.4147.89)
For documentation on this error, please visit: https://www.seleniumhq.org/exceptions/no_such_element.html
Build info: version: '3.141.59', revision: 'e82be7d358', time: '2018-11-14T08:17:03'
System info: host: 'SPHKRD05', ip: '10.1.6.189', os.name: 'Windows 10', os.arch: 'amd64', os.version: '10.0', java.version: '1.8.0_251'
Driver info: org.openqa.selenium.chrome.ChromeDriver
Capabilities {acceptInsecureCerts: false, browserName: chrome, browserVersion: 84.0.4147.89, chrome: {chromedriverVersion: 83.0.4103.39 (ccbf011cb2d2b..., userDataDir: C:\Users\abhishek.g\AppData...}, goog:chromeOptions: {debuggerAddress: localhost:59672}, javascriptEnabled: true, networkConnectionEnabled: false, pageLoadStrategy: normal, platform: WINDOWS, platformName: WINDOWS, proxy: Proxy(), setWindowRect: true, strictFileInteractability: false, timeouts: {implicit: 0, pageLoad: 300000, script: 30000}, unhandledPromptBehavior: dismiss and notify, webauthn:virtualAuthenticators: true}
Session ID: c9759883d8cbab5d2f1643ff0d4db0a3
*** Element info: {Using=xpath, value=//td[contains(text(),'178')]}
at sun.reflect.NativeConstructorAccessorImpl.newInstance0(Native Method)
at sun.reflect.NativeConstructorAccessorImpl.newInstance(NativeConstructorAccessorImpl.java:62)
at sun.reflect.DelegatingConstructorAccessorImpl.newInstance(DelegatingConstructorAccessorImpl.java:45)
at java.lang.reflect.Constructor.newInstance(Constructor.java:423)
at org.openqa.selenium.remote.http.W3CHttpResponseCodec.createException(W3CHttpResponseCodec.java:187)
at org.openqa.selenium.remote.http.W3CHttpResponseCodec.decode(W3CHttpResponseCodec.java:122)
at org.openqa.selenium.remote.http.W3CHttpResponseCodec.decode(W3CHttpResponseCodec.java:49)
at org.openqa.selenium.remote.HttpCommandExecutor.execute(HttpCommandExecutor.java:158)
at org.openqa.selenium.remote.service.DriverCommandExecutor.execute(DriverCommandExecutor.java:83)
at org.openqa.selenium.remote.RemoteWebDriver.execute(RemoteWebDriver.java:552)
at org.openqa.selenium.remote.RemoteWebDriver.findElement(RemoteWebDriver.java:323)
at org.openqa.selenium.remote.RemoteWebDriver.findElementByXPath(RemoteWebDriver.java:428)
at org.openqa.selenium.By$ByXPath.findElement(By.java:353)
at org.openqa.selenium.remote.RemoteWebDriver.findElement(RemoteWebDriver.java:315)
at DashBoard.MerchanList.UpdatePointScheme(MerchanList.java:333)
at TestScript.RegressionTest.TestCase_004_PointSchemeShopList(RegressionTest.java:82)
at sun.reflect.NativeMethodAccessorImpl.invoke0(Native Method)
at sun.reflect.NativeMethodAccessorImpl.invoke(NativeMethodAccessorImpl.java:62)
at sun.reflect.DelegatingMethodAccessorImpl.invoke(DelegatingMethodAccessorImpl.java:43)
at java.lang.reflect.Method.invoke(Method.java:498)
at org.testng.internal.MethodInvocationHelper.invokeMethod(MethodInvocationHelper.java:135)
at org.testng.internal.TestInvoker.invokeMethod(TestInvoker.java:598)
at org.testng.internal.TestInvoker.invokeTestMethod(TestInvoker.java:174)
at org.testng.internal.MethodRunner.runInSequence(MethodRunner.java:46)
at org.testng.internal.TestInvoker$MethodInvocationAgent.invoke(TestInvoker.java:821)
at org.testng.internal.TestInvoker.invokeTestMethods(TestInvoker.java:147)
at org.testng.internal.TestMethodWorker.invokeTestMethods(TestMethodWorker.java:146)
at org.testng.internal.TestMethodWorker.run(TestMethodWorker.java:128)
at java.util.ArrayList.forEach(ArrayList.java:1257)
at org.testng.TestRunner.privateRun(TestRunner.java:767)
at org.testng.TestRunner.run(TestRunner.java:588)
at org.testng.SuiteRunner.runTest(SuiteRunner.java:384)
at org.testng.SuiteRunner.runSequentially(SuiteRunner.java:378)
at org.testng.SuiteRunner.privateRun(SuiteRunner.java:337)
at org.testng.SuiteRunner.run(SuiteRunner.java:286)
at org.testng.SuiteRunnerWorker.runSuite(SuiteRunnerWorker.java:53)
at org.testng.SuiteRunnerWorker.run(SuiteRunnerWorker.java:96)
at org.testng.TestNG.runSuitesSequentially(TestNG.java:1214)
at org.testng.TestNG.runSuitesLocally(TestNG.java:1136)
at org.testng.TestNG.runSuites(TestNG.java:1066)
at org.testng.TestNG.run(TestNG.java:1034)
at org.testng.remote.AbstractRemoteTestNG.run(AbstractRemoteTestNG.java:115)
at org.testng.remote.RemoteTestNG.initAndRun(RemoteTestNG.java:251)
at org.testng.remote.RemoteTestNG.main(RemoteTestNG.java:77)
]]>
            </full-stacktrace>
          </exception> <!-- org.openqa.selenium.NoSuchElementException -->
          <reporter-output>
          </reporter-output>
        </test-method> <!-- TestCase_004_PointSchemeShopList -->
        <test-method status="PASS" signature="TestCase_005_shopAdvSearch()[pri:5, instance:TestScript.RegressionTest@2638011]" name="TestCase_005_shopAdvSearch" duration-ms="30457" started-at="2020-07-23T17:36:58 CST" finished-at="2020-07-23T17:37:28 CST">
          <reporter-output>
          </reporter-output>
        </test-method> <!-- TestCase_005_shopAdvSearch -->
        <test-method status="PASS" signature="TestCase_006_shop_Download()[pri:6, instance:TestScript.RegressionTest@2638011]" name="TestCase_006_shop_Download" duration-ms="13608" started-at="2020-07-23T17:37:28 CST" finished-at="2020-07-23T17:37:42 CST">
          <reporter-output>
          </reporter-output>
        </test-method> <!-- TestCase_006_shop_Download -->
        <test-method status="PASS" signature="TestCase_007_Terminal()[pri:7, instance:TestScript.RegressionTest@2638011]" name="TestCase_007_Terminal" duration-ms="21615" started-at="2020-07-23T17:37:42 CST" finished-at="2020-07-23T17:38:03 CST">
          <reporter-output>
          </reporter-output>
        </test-method> <!-- TestCase_007_Terminal -->
        <test-method status="FAIL" signature="TestCase_008_TerminalSearch()[pri:8, instance:TestScript.RegressionTest@2638011]" name="TestCase_008_TerminalSearch" duration-ms="1088" started-at="2020-07-23T17:38:03 CST" finished-at="2020-07-23T17:38:04 CST">
          <exception class="org.openqa.selenium.ElementClickInterceptedException">
            <message>
              <![CDATA[element click intercepted: Element <a href="terminalList.php" class="mm-listitem__text">...</a> is not clickable at point (171, 242). Other element would receive the click: <div id="jBox1-overlay" class="jBox-overlay jBox-overlay-Modal" style="display: block; opacity: 1; z-index: 9999;"></div>
  (Session info: chrome=84.0.4147.89)
Build info: version: '3.141.59', revision: 'e82be7d358', time: '2018-11-14T08:17:03'
System info: host: 'SPHKRD05', ip: '10.1.6.189', os.name: 'Windows 10', os.arch: 'amd64', os.version: '10.0', java.version: '1.8.0_251'
Driver info: org.openqa.selenium.chrome.ChromeDriver
Capabilities {acceptInsecureCerts: false, browserName: chrome, browserVersion: 84.0.4147.89, chrome: {chromedriverVersion: 83.0.4103.39 (ccbf011cb2d2b..., userDataDir: C:\Users\abhishek.g\AppData...}, goog:chromeOptions: {debuggerAddress: localhost:59672}, javascriptEnabled: true, networkConnectionEnabled: false, pageLoadStrategy: normal, platform: WINDOWS, platformName: WINDOWS, proxy: Proxy(), setWindowRect: true, strictFileInteractability: false, timeouts: {implicit: 0, pageLoad: 300000, script: 30000}, unhandledPromptBehavior: dismiss and notify, webauthn:virtualAuthenticators: true}
Session ID: c9759883d8cbab5d2f1643ff0d4db0a3]]>
            </message>
            <full-stacktrace>
              <![CDATA[org.openqa.selenium.ElementClickInterceptedException: element click intercepted: Element <a href="terminalList.php" class="mm-listitem__text">...</a> is not clickable at point (171, 242). Other element would receive the click: <div id="jBox1-overlay" class="jBox-overlay jBox-overlay-Modal" style="display: block; opacity: 1; z-index: 9999;"></div>
  (Session info: chrome=84.0.4147.89)
Build info: version: '3.141.59', revision: 'e82be7d358', time: '2018-11-14T08:17:03'
System info: host: 'SPHKRD05', ip: '10.1.6.189', os.name: 'Windows 10', os.arch: 'amd64', os.version: '10.0', java.version: '1.8.0_251'
Driver info: org.openqa.selenium.chrome.ChromeDriver
Capabilities {acceptInsecureCerts: false, browserName: chrome, browserVersion: 84.0.4147.89, chrome: {chromedriverVersion: 83.0.4103.39 (ccbf011cb2d2b..., userDataDir: C:\Users\abhishek.g\AppData...}, goog:chromeOptions: {debuggerAddress: localhost:59672}, javascriptEnabled: true, networkConnectionEnabled: false, pageLoadStrategy: normal, platform: WINDOWS, platformName: WINDOWS, proxy: Proxy(), setWindowRect: true, strictFileInteractability: false, timeouts: {implicit: 0, pageLoad: 300000, script: 30000}, unhandledPromptBehavior: dismiss and notify, webauthn:virtualAuthenticators: true}
Session ID: c9759883d8cbab5d2f1643ff0d4db0a3
at sun.reflect.NativeConstructorAccessorImpl.newInstance0(Native Method)
at sun.reflect.NativeConstructorAccessorImpl.newInstance(NativeConstructorAccessorImpl.java:62)
at sun.reflect.DelegatingConstructorAccessorImpl.newInstance(DelegatingConstructorAccessorImpl.java:45)
at java.lang.reflect.Constructor.newInstance(Constructor.java:423)
at org.openqa.selenium.remote.http.W3CHttpResponseCodec.createException(W3CHttpResponseCodec.java:187)
at org.openqa.selenium.remote.http.W3CHttpResponseCodec.decode(W3CHttpResponseCodec.java:122)
at org.openqa.selenium.remote.http.W3CHttpResponseCodec.decode(W3CHttpResponseCodec.java:49)
at org.openqa.selenium.remote.HttpCommandExecutor.execute(HttpCommandExecutor.java:158)
at org.openqa.selenium.remote.service.DriverCommandExecutor.execute(DriverCommandExecutor.java:83)
at org.openqa.selenium.remote.RemoteWebDriver.execute(RemoteWebDriver.java:552)
at org.openqa.selenium.remote.RemoteWebElement.execute(RemoteWebElement.java:285)
at org.openqa.selenium.remote.RemoteWebElement.click(RemoteWebElement.java:84)
at DashBoard.Terminal.TerminalAdvancedSearch(Terminal.java:137)
at TestScript.RegressionTest.TestCase_008_TerminalSearch(RegressionTest.java:116)
at sun.reflect.NativeMethodAccessorImpl.invoke0(Native Method)
at sun.reflect.NativeMethodAccessorImpl.invoke(NativeMethodAccessorImpl.java:62)
at sun.reflect.DelegatingMethodAccessorImpl.invoke(DelegatingMethodAccessorImpl.java:43)
at java.lang.reflect.Method.invoke(Method.java:498)
at org.testng.internal.MethodInvocationHelper.invokeMethod(MethodInvocationHelper.java:135)
at org.testng.internal.TestInvoker.invokeMethod(TestInvoker.java:598)
at org.testng.internal.TestInvoker.invokeTestMethod(TestInvoker.java:174)
at org.testng.internal.MethodRunner.runInSequence(MethodRunner.java:46)
at org.testng.internal.TestInvoker$MethodInvocationAgent.invoke(TestInvoker.java:821)
at org.testng.internal.TestInvoker.invokeTestMethods(TestInvoker.java:147)
at org.testng.internal.TestMethodWorker.invokeTestMethods(TestMethodWorker.java:146)
at org.testng.internal.TestMethodWorker.run(TestMethodWorker.java:128)
at java.util.ArrayList.forEach(ArrayList.java:1257)
at org.testng.TestRunner.privateRun(TestRunner.java:767)
at org.testng.TestRunner.run(TestRunner.java:588)
at org.testng.SuiteRunner.runTest(SuiteRunner.java:384)
at org.testng.SuiteRunner.runSequentially(SuiteRunner.java:378)
at org.testng.SuiteRunner.privateRun(SuiteRunner.java:337)
at org.testng.SuiteRunner.run(SuiteRunner.java:286)
at org.testng.SuiteRunnerWorker.runSuite(SuiteRunnerWorker.java:53)
at org.testng.SuiteRunnerWorker.run(SuiteRunnerWorker.java:96)
at org.testng.TestNG.runSuitesSequentially(TestNG.java:1214)
at org.testng.TestNG.runSuitesLocally(TestNG.java:1136)
at org.testng.TestNG.runSuites(TestNG.java:1066)
at org.testng.TestNG.run(TestNG.java:1034)
at org.testng.remote.AbstractRemoteTestNG.run(AbstractRemoteTestNG.java:115)
at org.testng.remote.RemoteTestNG.initAndRun(RemoteTestNG.java:251)
at org.testng.remote.RemoteTestNG.main(RemoteTestNG.java:77)
]]>
            </full-stacktrace>
          </exception> <!-- org.openqa.selenium.ElementClickInterceptedException -->
          <reporter-output>
          </reporter-output>
        </test-method> <!-- TestCase_008_TerminalSearch -->
        <test-method status="PASS" signature="TestCase_009_TerminalDownload()[pri:9, instance:TestScript.RegressionTest@2638011]" name="TestCase_009_TerminalDownload" duration-ms="13691" started-at="2020-07-23T17:38:05 CST" finished-at="2020-07-23T17:38:19 CST">
          <reporter-output>
          </reporter-output>
        </test-method> <!-- TestCase_009_TerminalDownload -->
        <test-method status="PASS" signature="TestCase_010_UserGroupPermission()[pri:10, instance:TestScript.RegressionTest@2638011]" name="TestCase_010_UserGroupPermission" duration-ms="42951" started-at="2020-07-23T17:38:19 CST" finished-at="2020-07-23T17:39:01 CST">
          <reporter-output>
          </reporter-output>
        </test-method> <!-- TestCase_010_UserGroupPermission -->
        <test-method status="PASS" signature="TestCase_011_UserListForSetting()[pri:11, instance:TestScript.RegressionTest@2638011]" name="TestCase_011_UserListForSetting" duration-ms="61385" started-at="2020-07-23T17:39:01 CST" finished-at="2020-07-23T17:40:03 CST">
          <reporter-output>
          </reporter-output>
        </test-method> <!-- TestCase_011_UserListForSetting -->
        <test-method status="FAIL" signature="TestCase_012_Transactions()[pri:12, instance:TestScript.RegressionTest@2638011]" name="TestCase_012_Transactions" duration-ms="3451" started-at="2020-07-23T17:40:03 CST" finished-at="2020-07-23T17:40:06 CST">
          <exception class="org.openqa.selenium.ElementClickInterceptedException">
            <message>
              <![CDATA[element click intercepted: Element <div class="btn btn-light disabled" id="advSearchBtn">...</div> is not clickable at point (1807, 82). Other element would receive the click: <div class="loadingModal">...</div>
  (Session info: chrome=84.0.4147.89)
Build info: version: '3.141.59', revision: 'e82be7d358', time: '2018-11-14T08:17:03'
System info: host: 'SPHKRD05', ip: '10.1.6.189', os.name: 'Windows 10', os.arch: 'amd64', os.version: '10.0', java.version: '1.8.0_251'
Driver info: org.openqa.selenium.chrome.ChromeDriver
Capabilities {acceptInsecureCerts: false, browserName: chrome, browserVersion: 84.0.4147.89, chrome: {chromedriverVersion: 83.0.4103.39 (ccbf011cb2d2b..., userDataDir: C:\Users\abhishek.g\AppData...}, goog:chromeOptions: {debuggerAddress: localhost:59672}, javascriptEnabled: true, networkConnectionEnabled: false, pageLoadStrategy: normal, platform: WINDOWS, platformName: WINDOWS, proxy: Proxy(), setWindowRect: true, strictFileInteractability: false, timeouts: {implicit: 0, pageLoad: 300000, script: 30000}, unhandledPromptBehavior: dismiss and notify, webauthn:virtualAuthenticators: true}
Session ID: c9759883d8cbab5d2f1643ff0d4db0a3]]>
            </message>
            <full-stacktrace>
              <![CDATA[org.openqa.selenium.ElementClickInterceptedException: element click intercepted: Element <div class="btn btn-light disabled" id="advSearchBtn">...</div> is not clickable at point (1807, 82). Other element would receive the click: <div class="loadingModal">...</div>
  (Session info: chrome=84.0.4147.89)
Build info: version: '3.141.59', revision: 'e82be7d358', time: '2018-11-14T08:17:03'
System info: host: 'SPHKRD05', ip: '10.1.6.189', os.name: 'Windows 10', os.arch: 'amd64', os.version: '10.0', java.version: '1.8.0_251'
Driver info: org.openqa.selenium.chrome.ChromeDriver
Capabilities {acceptInsecureCerts: false, browserName: chrome, browserVersion: 84.0.4147.89, chrome: {chromedriverVersion: 83.0.4103.39 (ccbf011cb2d2b..., userDataDir: C:\Users\abhishek.g\AppData...}, goog:chromeOptions: {debuggerAddress: localhost:59672}, javascriptEnabled: true, networkConnectionEnabled: false, pageLoadStrategy: normal, platform: WINDOWS, platformName: WINDOWS, proxy: Proxy(), setWindowRect: true, strictFileInteractability: false, timeouts: {implicit: 0, pageLoad: 300000, script: 30000}, unhandledPromptBehavior: dismiss and notify, webauthn:virtualAuthenticators: true}
Session ID: c9759883d8cbab5d2f1643ff0d4db0a3
at sun.reflect.NativeConstructorAccessorImpl.newInstance0(Native Method)
at sun.reflect.NativeConstructorAccessorImpl.newInstance(NativeConstructorAccessorImpl.java:62)
at sun.reflect.DelegatingConstructorAccessorImpl.newInstance(DelegatingConstructorAccessorImpl.java:45)
at java.lang.reflect.Constructor.newInstance(Constructor.java:423)
at org.openqa.selenium.remote.http.W3CHttpResponseCodec.createException(W3CHttpResponseCodec.java:187)
at org.openqa.selenium.remote.http.W3CHttpResponseCodec.decode(W3CHttpResponseCodec.java:122)
at org.openqa.selenium.remote.http.W3CHttpResponseCodec.decode(W3CHttpResponseCodec.java:49)
at org.openqa.selenium.remote.HttpCommandExecutor.execute(HttpCommandExecutor.java:158)
at org.openqa.selenium.remote.service.DriverCommandExecutor.execute(DriverCommandExecutor.java:83)
at org.openqa.selenium.remote.RemoteWebDriver.execute(RemoteWebDriver.java:552)
at org.openqa.selenium.remote.RemoteWebElement.execute(RemoteWebElement.java:285)
at org.openqa.selenium.remote.RemoteWebElement.click(RemoteWebElement.java:84)
at DashBoard.Transactions.Advancedsearchtransactions(Transactions.java:31)
at TestScript.RegressionTest.TestCase_012_Transactions(RegressionTest.java:151)
at sun.reflect.NativeMethodAccessorImpl.invoke0(Native Method)
at sun.reflect.NativeMethodAccessorImpl.invoke(NativeMethodAccessorImpl.java:62)
at sun.reflect.DelegatingMethodAccessorImpl.invoke(DelegatingMethodAccessorImpl.java:43)
at java.lang.reflect.Method.invoke(Method.java:498)
at org.testng.internal.MethodInvocationHelper.invokeMethod(MethodInvocationHelper.java:135)
at org.testng.internal.TestInvoker.invokeMethod(TestInvoker.java:598)
at org.testng.internal.TestInvoker.invokeTestMethod(TestInvoker.java:174)
at org.testng.internal.MethodRunner.runInSequence(MethodRunner.java:46)
at org.testng.internal.TestInvoker$MethodInvocationAgent.invoke(TestInvoker.java:821)
at org.testng.internal.TestInvoker.invokeTestMethods(TestInvoker.java:147)
at org.testng.internal.TestMethodWorker.invokeTestMethods(TestMethodWorker.java:146)
at org.testng.internal.TestMethodWorker.run(TestMethodWorker.java:128)
at java.util.ArrayList.forEach(ArrayList.java:1257)
at org.testng.TestRunner.privateRun(TestRunner.java:767)
at org.testng.TestRunner.run(TestRunner.java:588)
at org.testng.SuiteRunner.runTest(SuiteRunner.java:384)
at org.testng.SuiteRunner.runSequentially(SuiteRunner.java:378)
at org.testng.SuiteRunner.privateRun(SuiteRunner.java:337)
at org.testng.SuiteRunner.run(SuiteRunner.java:286)
at org.testng.SuiteRunnerWorker.runSuite(SuiteRunnerWorker.java:53)
at org.testng.SuiteRunnerWorker.run(SuiteRunnerWorker.java:96)
at org.testng.TestNG.runSuitesSequentially(TestNG.java:1214)
at org.testng.TestNG.runSuitesLocally(TestNG.java:1136)
at org.testng.TestNG.runSuites(TestNG.java:1066)
at org.testng.TestNG.run(TestNG.java:1034)
at org.testng.remote.AbstractRemoteTestNG.run(AbstractRemoteTestNG.java:115)
at org.testng.remote.RemoteTestNG.initAndRun(RemoteTestNG.java:251)
at org.testng.remote.RemoteTestNG.main(RemoteTestNG.java:77)
]]>
            </full-stacktrace>
          </exception> <!-- org.openqa.selenium.ElementClickInterceptedException -->
          <reporter-output>
          </reporter-output>
        </test-method> <!-- TestCase_012_Transactions -->
        <test-method status="PASS" signature="TestCase_013_TransactionsDownload()[pri:13, instance:TestScript.RegressionTest@2638011]" name="TestCase_013_TransactionsDownload" duration-ms="14353" started-at="2020-07-23T17:40:07 CST" finished-at="2020-07-23T17:40:21 CST">
          <reporter-output>
          </reporter-output>
        </test-method> <!-- TestCase_013_TransactionsDownload -->
        <test-method status="FAIL" signature="TestCase_014_MonthlyReport()[pri:14, instance:TestScript.RegressionTest@2638011]" name="TestCase_014_MonthlyReport" duration-ms="26778" started-at="2020-07-23T17:40:21 CST" finished-at="2020-07-23T17:40:48 CST">
          <exception class="org.openqa.selenium.UnhandledAlertException">
            <message>
              <![CDATA[unexpected alert open: {Alert text : No columns data return!}
  (Session info: chrome=84.0.4147.89): No columns data return!
Build info: version: '3.141.59', revision: 'e82be7d358', time: '2018-11-14T08:17:03'
System info: host: 'SPHKRD05', ip: '10.1.6.189', os.name: 'Windows 10', os.arch: 'amd64', os.version: '10.0', java.version: '1.8.0_251'
Driver info: org.openqa.selenium.chrome.ChromeDriver
Capabilities {acceptInsecureCerts: false, browserName: chrome, browserVersion: 84.0.4147.89, chrome: {chromedriverVersion: 83.0.4103.39 (ccbf011cb2d2b..., userDataDir: C:\Users\abhishek.g\AppData...}, goog:chromeOptions: {debuggerAddress: localhost:59672}, javascriptEnabled: true, networkConnectionEnabled: false, pageLoadStrategy: normal, platform: WINDOWS, platformName: WINDOWS, proxy: Proxy(), setWindowRect: true, strictFileInteractability: false, timeouts: {implicit: 0, pageLoad: 300000, script: 30000}, unhandledPromptBehavior: dismiss and notify, webauthn:virtualAuthenticators: true}
Session ID: c9759883d8cbab5d2f1643ff0d4db0a3]]>
            </message>
            <full-stacktrace>
              <![CDATA[org.openqa.selenium.UnhandledAlertException: unexpected alert open: {Alert text : No columns data return!}
  (Session info: chrome=84.0.4147.89): No columns data return!
Build info: version: '3.141.59', revision: 'e82be7d358', time: '2018-11-14T08:17:03'
System info: host: 'SPHKRD05', ip: '10.1.6.189', os.name: 'Windows 10', os.arch: 'amd64', os.version: '10.0', java.version: '1.8.0_251'
Driver info: org.openqa.selenium.chrome.ChromeDriver
Capabilities {acceptInsecureCerts: false, browserName: chrome, browserVersion: 84.0.4147.89, chrome: {chromedriverVersion: 83.0.4103.39 (ccbf011cb2d2b..., userDataDir: C:\Users\abhishek.g\AppData...}, goog:chromeOptions: {debuggerAddress: localhost:59672}, javascriptEnabled: true, networkConnectionEnabled: false, pageLoadStrategy: normal, platform: WINDOWS, platformName: WINDOWS, proxy: Proxy(), setWindowRect: true, strictFileInteractability: false, timeouts: {implicit: 0, pageLoad: 300000, script: 30000}, unhandledPromptBehavior: dismiss and notify, webauthn:virtualAuthenticators: true}
Session ID: c9759883d8cbab5d2f1643ff0d4db0a3
at org.openqa.selenium.remote.http.W3CHttpResponseCodec.decode(W3CHttpResponseCodec.java:120)
at org.openqa.selenium.remote.http.W3CHttpResponseCodec.decode(W3CHttpResponseCodec.java:49)
at org.openqa.selenium.remote.HttpCommandExecutor.execute(HttpCommandExecutor.java:158)
at org.openqa.selenium.remote.service.DriverCommandExecutor.execute(DriverCommandExecutor.java:83)
at org.openqa.selenium.remote.RemoteWebDriver.execute(RemoteWebDriver.java:552)
at org.openqa.selenium.remote.RemoteWebDriver.execute(RemoteWebDriver.java:609)
at org.openqa.selenium.remote.RemoteWebDriver.getScreenshotAs(RemoteWebDriver.java:295)
at Util.ExtentTestListner.getScreenShot(ExtentTestListner.java:79)
at Util.ExtentTestListner.onTestFailure(ExtentTestListner.java:54)
at org.testng.internal.TestListenerHelper.runTestListeners(TestListenerHelper.java:66)
at org.testng.internal.TestInvoker.runTestResultListener(TestInvoker.java:220)
at org.testng.internal.TestInvoker.invokeMethod(TestInvoker.java:656)
at org.testng.internal.TestInvoker.invokeTestMethod(TestInvoker.java:174)
at org.testng.internal.MethodRunner.runInSequence(MethodRunner.java:46)
at org.testng.internal.TestInvoker$MethodInvocationAgent.invoke(TestInvoker.java:821)
at org.testng.internal.TestInvoker.invokeTestMethods(TestInvoker.java:147)
at org.testng.internal.TestMethodWorker.invokeTestMethods(TestMethodWorker.java:146)
at org.testng.internal.TestMethodWorker.run(TestMethodWorker.java:128)
at java.util.ArrayList.forEach(ArrayList.java:1257)
at org.testng.TestRunner.privateRun(TestRunner.java:767)
at org.testng.TestRunner.run(TestRunner.java:588)
at org.testng.SuiteRunner.runTest(SuiteRunner.java:384)
at org.testng.SuiteRunner.runSequentially(SuiteRunner.java:378)
at org.testng.SuiteRunner.privateRun(SuiteRunner.java:337)
at org.testng.SuiteRunner.run(SuiteRunner.java:286)
at org.testng.SuiteRunnerWorker.runSuite(SuiteRunnerWorker.java:53)
at org.testng.SuiteRunnerWorker.run(SuiteRunnerWorker.java:96)
at org.testng.TestNG.runSuitesSequentially(TestNG.java:1214)
at org.testng.TestNG.runSuitesLocally(TestNG.java:1136)
at org.testng.TestNG.runSuites(TestNG.java:1066)
at org.testng.TestNG.run(TestNG.java:1034)
at org.testng.remote.AbstractRemoteTestNG.run(AbstractRemoteTestNG.java:115)
at org.testng.remote.RemoteTestNG.initAndRun(RemoteTestNG.java:251)
at org.testng.remote.RemoteTestNG.main(RemoteTestNG.java:77)
]]>
            </full-stacktrace>
          </exception> <!-- org.openqa.selenium.UnhandledAlertException -->
          <reporter-output>
          </reporter-output>
        </test-method> <!-- TestCase_014_MonthlyReport -->
        <test-method status="PASS" signature="TestCase_015_DailyReport()[pri:15, instance:TestScript.RegressionTest@2638011]" name="TestCase_015_DailyReport" duration-ms="30509" started-at="2020-07-23T17:40:48 CST" finished-at="2020-07-23T17:41:19 CST">
          <reporter-output>
          </reporter-output>
        </test-method> <!-- TestCase_015_DailyReport -->
        <test-method status="PASS" signature="TestCase_016_ShopGroupDelete()[pri:16, instance:TestScript.RegressionTest@2638011]" name="TestCase_016_ShopGroupDelete" duration-ms="21894" started-at="2020-07-23T17:41:19 CST" finished-at="2020-07-23T17:41:41 CST">
          <reporter-output>
          </reporter-output>
        </test-method> <!-- TestCase_016_ShopGroupDelete -->
        <test-method status="PASS" signature="TestCase_017_ShopListDelete()[pri:17, instance:TestScript.RegressionTest@2638011]" name="TestCase_017_ShopListDelete" duration-ms="46254" started-at="2020-07-23T17:41:41 CST" finished-at="2020-07-23T17:42:27 CST">
          <reporter-output>
          </reporter-output>
        </test-method> <!-- TestCase_017_ShopListDelete -->
        <test-method status="FAIL" signature="TestCase_018_TerminalnotApollo()[pri:18, instance:TestScript.RegressionTest@2638011]" name="TestCase_018_TerminalnotApollo" duration-ms="48112" started-at="2020-07-23T17:42:27 CST" finished-at="2020-07-23T17:43:15 CST">
          <exception class="org.openqa.selenium.NoSuchElementException">
            <message>
              <![CDATA[Cannot locate element with text: ert
For documentation on this error, please visit: https://www.seleniumhq.org/exceptions/no_such_element.html
Build info: version: '3.141.59', revision: 'e82be7d358', time: '2018-11-14T08:17:03'
System info: host: 'SPHKRD05', ip: '10.1.6.189', os.name: 'Windows 10', os.arch: 'amd64', os.version: '10.0', java.version: '1.8.0_251'
Driver info: driver.version: unknown]]>
            </message>
            <full-stacktrace>
              <![CDATA[org.openqa.selenium.NoSuchElementException: Cannot locate element with text: ert
For documentation on this error, please visit: https://www.seleniumhq.org/exceptions/no_such_element.html
Build info: version: '3.141.59', revision: 'e82be7d358', time: '2018-11-14T08:17:03'
System info: host: 'SPHKRD05', ip: '10.1.6.189', os.name: 'Windows 10', os.arch: 'amd64', os.version: '10.0', java.version: '1.8.0_251'
Driver info: driver.version: unknown
at org.openqa.selenium.support.ui.Select.selectByVisibleText(Select.java:147)
at DashBoard.Terminal.createterminalnotapollo(Terminal.java:90)
at TestScript.RegressionTest.TestCase_018_TerminalnotApollo(RegressionTest.java:212)
at sun.reflect.NativeMethodAccessorImpl.invoke0(Native Method)
at sun.reflect.NativeMethodAccessorImpl.invoke(NativeMethodAccessorImpl.java:62)
at sun.reflect.DelegatingMethodAccessorImpl.invoke(DelegatingMethodAccessorImpl.java:43)
at java.lang.reflect.Method.invoke(Method.java:498)
at org.testng.internal.MethodInvocationHelper.invokeMethod(MethodInvocationHelper.java:135)
at org.testng.internal.TestInvoker.invokeMethod(TestInvoker.java:598)
at org.testng.internal.TestInvoker.invokeTestMethod(TestInvoker.java:174)
at org.testng.internal.MethodRunner.runInSequence(MethodRunner.java:46)
at org.testng.internal.TestInvoker$MethodInvocationAgent.invoke(TestInvoker.java:821)
at org.testng.internal.TestInvoker.invokeTestMethods(TestInvoker.java:147)
at org.testng.internal.TestMethodWorker.invokeTestMethods(TestMethodWorker.java:146)
at org.testng.internal.TestMethodWorker.run(TestMethodWorker.java:128)
at java.util.ArrayList.forEach(ArrayList.java:1257)
at org.testng.TestRunner.privateRun(TestRunner.java:767)
at org.testng.TestRunner.run(TestRunner.java:588)
at org.testng.SuiteRunner.runTest(SuiteRunner.java:384)
at org.testng.SuiteRunner.runSequentially(SuiteRunner.java:378)
at org.testng.SuiteRunner.privateRun(SuiteRunner.java:337)
at org.testng.SuiteRunner.run(SuiteRunner.java:286)
at org.testng.SuiteRunnerWorker.runSuite(SuiteRunnerWorker.java:53)
at org.testng.SuiteRunnerWorker.run(SuiteRunnerWorker.java:96)
at org.testng.TestNG.runSuitesSequentially(TestNG.java:1214)
at org.testng.TestNG.runSuitesLocally(TestNG.java:1136)
at org.testng.TestNG.runSuites(TestNG.java:1066)
at org.testng.TestNG.run(TestNG.java:1034)
at org.testng.remote.AbstractRemoteTestNG.run(AbstractRemoteTestNG.java:115)
at org.testng.remote.RemoteTestNG.initAndRun(RemoteTestNG.java:251)
at org.testng.remote.RemoteTestNG.main(RemoteTestNG.java:77)
]]>
            </full-stacktrace>
          </exception> <!-- org.openqa.selenium.NoSuchElementException -->
          <reporter-output>
          </reporter-output>
        </test-method> <!-- TestCase_018_TerminalnotApollo -->
        <test-method status="PASS" signature="teardown()[pri:0, instance:TestScript.RegressionTest@2638011]" name="teardown" is-config="true" duration-ms="0" started-at="2020-07-23T17:43:15 CST" finished-at="2020-07-23T17:43:15 CST">
          <reporter-output>
          </reporter-output>
        </test-method> <!-- teardown -->
      </class> <!-- TestScript.RegressionTest -->
    </test> <!-- Test -->
  </suite> <!-- Suite -->
</testng-results>
