<?xml version="1.0" encoding="UTF-8"?>
<!-- Generated by org.testng.reporters.JUnitReportReporter -->
<testsuite skipped="30" hostname="sphkrd05" name="TestScript.RegressionTest" tests="31" failures="0" timestamp="2020-07-24T10:07:11 CST" time="3.221" errors="1">
  <testcase name="TestCase_001_Click_Shop_menu" time="3.221" classname="TestScript.RegressionTest">
    <error type="org.openqa.selenium.ElementClickInterceptedException" message="element click intercepted: Element &lt;a class=&quot;mm-btn mm-btn_next mm-listitem__btn mm-listitem__text&quot; href=&quot;#mm-1&quot; aria-owns=&quot;mm-1&quot; aria-haspopup=&quot;true&quot;&gt;...&lt;/a&gt; is not clickable at point (171, 110). Other element would receive the click: &lt;h1&gt;...&lt;/h1&gt;
  (Session info: chrome=84.0.4147.89)
Build info: version: &#039;3.141.59&#039;, revision: &#039;e82be7d358&#039;, time: &#039;2018-11-14T08:17:03&#039;
System info: host: &#039;SPHKRD05&#039;, ip: &#039;10.1.6.189&#039;, os.name: &#039;Windows 10&#039;, os.arch: &#039;amd64&#039;, os.version: &#039;10.0&#039;, java.version: &#039;1.8.0_251&#039;
Driver info: org.openqa.selenium.chrome.ChromeDriver
Capabilities {acceptInsecureCerts: false, browserName: chrome, browserVersion: 84.0.4147.89, chrome: {chromedriverVersion: 83.0.4103.39 (ccbf011cb2d2b..., userDataDir: C:\Users\abhishek.g\AppData...}, goog:chromeOptions: {debuggerAddress: localhost:52896}, javascriptEnabled: true, networkConnectionEnabled: false, pageLoadStrategy: normal, platform: WINDOWS, platformName: WINDOWS, proxy: Proxy(), setWindowRect: true, strictFileInteractability: false, timeouts: {implicit: 0, pageLoad: 300000, script: 30000}, unhandledPromptBehavior: dismiss and notify, webauthn:virtualAuthenticators: true}
Session ID: 16d551277bb8c9031cf15d041dc03393">
      <![CDATA[org.openqa.selenium.ElementClickInterceptedException: element click intercepted: Element <a class="mm-btn mm-btn_next mm-listitem__btn mm-listitem__text" href="#mm-1" aria-owns="mm-1" aria-haspopup="true">...</a> is not clickable at point (171, 110). Other element would receive the click: <h1>...</h1>
  (Session info: chrome=84.0.4147.89)
Build info: version: '3.141.59', revision: 'e82be7d358', time: '2018-11-14T08:17:03'
System info: host: 'SPHKRD05', ip: '10.1.6.189', os.name: 'Windows 10', os.arch: 'amd64', os.version: '10.0', java.version: '1.8.0_251'
Driver info: org.openqa.selenium.chrome.ChromeDriver
Capabilities {acceptInsecureCerts: false, browserName: chrome, browserVersion: 84.0.4147.89, chrome: {chromedriverVersion: 83.0.4103.39 (ccbf011cb2d2b..., userDataDir: C:\Users\abhishek.g\AppData...}, goog:chromeOptions: {debuggerAddress: localhost:52896}, javascriptEnabled: true, networkConnectionEnabled: false, pageLoadStrategy: normal, platform: WINDOWS, platformName: WINDOWS, proxy: Proxy(), setWindowRect: true, strictFileInteractability: false, timeouts: {implicit: 0, pageLoad: 300000, script: 30000}, unhandledPromptBehavior: dismiss and notify, webauthn:virtualAuthenticators: true}
Session ID: 16d551277bb8c9031cf15d041dc03393
at sun.reflect.NativeConstructorAccessorImpl.newInstance0(Native Method)
at sun.reflect.NativeConstructorAccessorImpl.newInstance(NativeConstructorAccessorImpl.java:62)
at sun.reflect.DelegatingConstructorAccessorImpl.newInstance(DelegatingConstructorAccessorImpl.java:45)
at java.lang.reflect.Constructor.newInstance(Constructor.java:423)
at org.openqa.selenium.remote.http.W3CHttpResponseCodec.createException(W3CHttpResponseCodec.java:187)
at org.openqa.selenium.remote.http.W3CHttpResponseCodec.decode(W3CHttpResponseCodec.java:122)
at org.openqa.selenium.remote.http.W3CHttpResponseCodec.decode(W3CHttpResponseCodec.java:49)
at org.openqa.selenium.remote.HttpCommandExecutor.execute(HttpCommandExecutor.java:158)
at org.openqa.selenium.remote.service.DriverCommandExecutor.execute(DriverCommandExecutor.java:83)
at org.openqa.selenium.remote.RemoteWebDriver.execute(RemoteWebDriver.java:552)
at org.openqa.selenium.remote.RemoteWebElement.execute(RemoteWebElement.java:285)
at org.openqa.selenium.remote.RemoteWebElement.click(RemoteWebElement.java:84)
at DashBoard.ShopGroupManagement.Createshop(ShopGroupManagement.java:39)
at TestScript.RegressionTest.TestCase_001_Click_Shop_menu(RegressionTest.java:40)
at sun.reflect.NativeMethodAccessorImpl.invoke0(Native Method)
at sun.reflect.NativeMethodAccessorImpl.invoke(NativeMethodAccessorImpl.java:62)
at sun.reflect.DelegatingMethodAccessorImpl.invoke(DelegatingMethodAccessorImpl.java:43)
at java.lang.reflect.Method.invoke(Method.java:498)
at org.testng.internal.MethodInvocationHelper.invokeMethod(MethodInvocationHelper.java:134)
at org.testng.internal.TestInvoker.invokeMethod(TestInvoker.java:597)
at org.testng.internal.TestInvoker.invokeTestMethod(TestInvoker.java:173)
at org.testng.internal.MethodRunner.runInSequence(MethodRunner.java:46)
at org.testng.internal.TestInvoker$MethodInvocationAgent.invoke(TestInvoker.java:816)
at org.testng.internal.TestInvoker.invokeTestMethods(TestInvoker.java:146)
at org.testng.internal.TestMethodWorker.invokeTestMethods(TestMethodWorker.java:146)
at org.testng.internal.TestMethodWorker.run(TestMethodWorker.java:128)
at java.util.ArrayList.forEach(ArrayList.java:1257)
at org.testng.TestRunner.privateRun(TestRunner.java:766)
at org.testng.TestRunner.run(TestRunner.java:587)
at org.testng.SuiteRunner.runTest(SuiteRunner.java:384)
at org.testng.SuiteRunner.runSequentially(SuiteRunner.java:378)
at org.testng.SuiteRunner.privateRun(SuiteRunner.java:337)
at org.testng.SuiteRunner.run(SuiteRunner.java:286)
at org.testng.SuiteRunnerWorker.runSuite(SuiteRunnerWorker.java:53)
at org.testng.SuiteRunnerWorker.run(SuiteRunnerWorker.java:96)
at org.testng.TestNG.runSuitesSequentially(TestNG.java:1187)
at org.testng.TestNG.runSuitesLocally(TestNG.java:1109)
at org.testng.TestNG.runSuites(TestNG.java:1039)
at org.testng.TestNG.run(TestNG.java:1007)
at org.apache.maven.surefire.testng.TestNGExecutor.run(TestNGExecutor.java:284)
at org.apache.maven.surefire.testng.TestNGXmlTestSuite.execute(TestNGXmlTestSuite.java:75)
at org.apache.maven.surefire.testng.TestNGProvider.invoke(TestNGProvider.java:119)
at org.apache.maven.surefire.booter.ForkedBooter.runSuitesInProcess(ForkedBooter.java:428)
at org.apache.maven.surefire.booter.ForkedBooter.execute(ForkedBooter.java:162)
at org.apache.maven.surefire.booter.ForkedBooter.run(ForkedBooter.java:562)
at org.apache.maven.surefire.booter.ForkedBooter.main(ForkedBooter.java:548)
]]>
    </error>
  </testcase> <!-- TestCase_001_Click_Shop_menu -->
  <system-out/>
  <testcase name="TestCase_026_DailyReportPDF" classname="TestScript.RegressionTest">
    <skipped/>
  </testcase> <!-- TestCase_026_DailyReportPDF -->
  <system-out/>
  <testcase name="TestCase_005_Create_Shop_list" classname="TestScript.RegressionTest">
    <skipped/>
  </testcase> <!-- TestCase_005_Create_Shop_list -->
  <system-out/>
  <testcase name="TestCase_021_TransactionsDownloadExcel" classname="TestScript.RegressionTest">
    <skipped/>
  </testcase> <!-- TestCase_021_TransactionsDownloadExcel -->
  <system-out/>
  <testcase name="TestCase_010_shop_DownloadExcel" classname="TestScript.RegressionTest">
    <skipped/>
  </testcase> <!-- TestCase_010_shop_DownloadExcel -->
  <system-out/>
  <testcase name="TestCase_014_TerminalDownloadExcel" classname="TestScript.RegressionTest">
    <skipped/>
  </testcase> <!-- TestCase_014_TerminalDownloadExcel -->
  <system-out/>
  <testcase name="TestCase_023_MonthlyReportPDF" classname="TestScript.RegressionTest">
    <skipped/>
  </testcase> <!-- TestCase_023_MonthlyReportPDF -->
  <system-out/>
  <testcase name="TestCase_011_Terminal" classname="TestScript.RegressionTest">
    <skipped/>
  </testcase> <!-- TestCase_011_Terminal -->
  <system-out/>
  <testcase name="TestCase_006_PointSchemeShopList" classname="TestScript.RegressionTest">
    <skipped/>
  </testcase> <!-- TestCase_006_PointSchemeShopList -->
  <system-out/>
  <testcase name="TestCase_008_shopAdvSearch" classname="TestScript.RegressionTest">
    <skipped/>
  </testcase> <!-- TestCase_008_shopAdvSearch -->
  <system-out/>
  <testcase name="TestCase_018_UserListForSetting_CreateInternal" classname="TestScript.RegressionTest">
    <skipped/>
  </testcase> <!-- TestCase_018_UserListForSetting_CreateInternal -->
  <system-out/>
  <testcase name="TestCase_004_Shop_menu_Verify" classname="TestScript.RegressionTest">
    <skipped/>
  </testcase> <!-- TestCase_004_Shop_menu_Verify -->
  <system-out/>
  <testcase name="TestCase_022_MonthlyReport" classname="TestScript.RegressionTest">
    <skipped/>
  </testcase> <!-- TestCase_022_MonthlyReport -->
  <system-out/>
  <testcase name="TestCase_012_TerminalSearch" classname="TestScript.RegressionTest">
    <skipped/>
  </testcase> <!-- TestCase_012_TerminalSearch -->
  <system-out/>
  <testcase name="TestCase_030_ShopListDelete" classname="TestScript.RegressionTest">
    <skipped/>
  </testcase> <!-- TestCase_030_ShopListDelete -->
  <system-out/>
  <testcase name="TestCase_027_DailyReportExcel" classname="TestScript.RegressionTest">
    <skipped/>
  </testcase> <!-- TestCase_027_DailyReportExcel -->
  <system-out/>
  <testcase name="TestCase_017_UserListForSetting_CreateMerchant" classname="TestScript.RegressionTest">
    <skipped/>
  </testcase> <!-- TestCase_017_UserListForSetting_CreateMerchant -->
  <system-out/>
  <testcase name="TestCase_019_Transactions" classname="TestScript.RegressionTest">
    <skipped/>
  </testcase> <!-- TestCase_019_Transactions -->
  <system-out/>
  <testcase name="TestCase_002_Shop_menu_DownloadPDF" classname="TestScript.RegressionTest">
    <skipped/>
  </testcase> <!-- TestCase_002_Shop_menu_DownloadPDF -->
  <system-out/>
  <testcase name="TestCase_031_DeleteOthers" classname="TestScript.RegressionTest">
    <skipped/>
  </testcase> <!-- TestCase_031_DeleteOthers -->
  <system-out/>
  <testcase name="TestCase_003_Shop_menu_DownloadExcel" classname="TestScript.RegressionTest">
    <skipped/>
  </testcase> <!-- TestCase_003_Shop_menu_DownloadExcel -->
  <system-out/>
  <testcase name="TestCase_029_ShopGroupDelete" classname="TestScript.RegressionTest">
    <skipped/>
  </testcase> <!-- TestCase_029_ShopGroupDelete -->
  <system-out/>
  <testcase name="TestCase_007_PointSchemeUpdateShopList" classname="TestScript.RegressionTest">
    <skipped/>
  </testcase> <!-- TestCase_007_PointSchemeUpdateShopList -->
  <system-out/>
  <testcase name="TestCase_028_TerminalnotApollo" classname="TestScript.RegressionTest">
    <skipped/>
  </testcase> <!-- TestCase_028_TerminalnotApollo -->
  <system-out/>
  <testcase name="TestCase_025_DailyReport" classname="TestScript.RegressionTest">
    <skipped/>
  </testcase> <!-- TestCase_025_DailyReport -->
  <system-out/>
  <testcase name="TestCase_015_UserGroupPermission_Internal" classname="TestScript.RegressionTest">
    <skipped/>
  </testcase> <!-- TestCase_015_UserGroupPermission_Internal -->
  <system-out/>
  <testcase name="TestCase_013_TerminalDownloadPDF" classname="TestScript.RegressionTest">
    <skipped/>
  </testcase> <!-- TestCase_013_TerminalDownloadPDF -->
  <system-out/>
  <testcase name="TestCase_024_MonthlyReportExcel" classname="TestScript.RegressionTest">
    <skipped/>
  </testcase> <!-- TestCase_024_MonthlyReportExcel -->
  <system-out/>
  <testcase name="TestCase_020_TransactionsDownloadPDF" classname="TestScript.RegressionTest">
    <skipped/>
  </testcase> <!-- TestCase_020_TransactionsDownloadPDF -->
  <system-out/>
  <testcase name="TestCase_016_UserGroupPermission_Merchant" classname="TestScript.RegressionTest">
    <skipped/>
  </testcase> <!-- TestCase_016_UserGroupPermission_Merchant -->
  <system-out/>
  <testcase name="TestCase_009_shop_DownloadPDF" classname="TestScript.RegressionTest">
    <skipped/>
  </testcase> <!-- TestCase_009_shop_DownloadPDF -->
  <system-out/>
</testsuite> <!-- TestScript.RegressionTest -->
